processing event 1 with 43 hits(recalculating grid)......
processing event 2 with 55 hits(recalculating grid)......
processing event 3 with 57 hits(recalculating grid)......
processing event 4 with 50 hits(recalculating grid)(recalculating grid)......
processing event 5 with 43 hits(recalculating grid)......
processing event 6 with 55 hits(recalculating grid)......
processing event 7 with 53 hits(recalculating grid)......
processing event 8 with 44 hits(recalculating grid)......
processing event 9 with 50 hits(recalculating grid)......
processing event 10 with 58 hits(recalculating grid)(recalculating grid)(recalculating grid)......
processing event 11 with 68 hits(recalculating grid)......
processing event 12 with 59 hits(recalculating grid)(recalculating grid)......
processing event 13 with 6 hits(recalculating grid)(recalculating grid)(recalculating grid)(recalculating grid)(recalculating grid)......
processing event 14 with 50 hits(recalculating grid)(recalculating grid)......
processing event 15 with 53 hits(recalculating grid)(recalculating grid)......
processing event 16 with 49 hits(recalculating grid)(recalculating grid)......
processing event 17 with 37 hits(recalculating grid)......
processing event 18 with 67 hits(recalculating grid)......
processing event 19 with 50 hits(recalculating grid)(recalculating grid)......
processing event 20 with 46 hits(recalculating grid)......
processing event 21 with 48 hits(recalculating grid)......
processing event 22 with 46 hits(recalculating grid)......
processing event 23 with 49 hits(recalculating grid)(recalculating grid)......
processing event 24 with 56 hits(recalculating grid)(recalculating grid)......
processing event 25 with 59 hits(recalculating grid)(recalculating grid)......
processing event 26 with 50 hits(recalculating grid)......
processing event 27 with 64 hits(recalculating grid)......
processing event 28 with 46 hits(recalculating grid)......
processing event 29 with 53 hits(recalculating grid)(recalculating grid)......
processing event 30 with 53 hits(recalculating grid)(recalculating grid)......
processing event 31 with 52 hits(recalculating grid)(recalculating grid)......
processing event 32 with 41 hits(recalculating grid)(recalculating grid)......
processing event 33 with 42 hits(recalculating grid)......
processing event 34 with 62 hits(recalculating grid)......
processing event 35 with 55 hits(recalculating grid)(recalculating grid)......
processing event 36 with 54 hits(recalculating grid)(recalculating grid)......
processing event 37 with 46 hits(recalculating grid)(recalculating grid)(recalculating grid)......
processing event 38 with 51 hits(recalculating grid)......
processing event 39 with 48 hits(recalculating grid)......
processing event 40 with 45 hits(recalculating grid)(recalculating grid)......
processing event 41 with 48 hits(recalculating grid)......
processing event 42 with 62 hits(recalculating grid)......
processing event 43 with 58 hits(recalculating grid)......
processing event 44 with 54 hits(recalculating grid)......
processing event 45 with 51 hits(recalculating grid)......
processing event 46 with 59 hits(recalculating grid)(recalculating grid)......
processing event 47 with 53 hits(recalculating grid)......
processing event 48 with 56 hits(recalculating grid)......
processing event 49 with 47 hits(recalculating grid)(recalculating grid)......
processing event 50 with 41 hits(recalculating grid)(recalculating grid)......
processing event 51 with 44 hits(recalculating grid)(recalculating grid)(recalculating grid)......
processing event 52 with 40 hits(recalculating grid)(recalculating grid)......
processing event 53 with 70 hits(recalculating grid)......
processing event 54 with 39 hits(recalculating grid)......
processing event 55 with 48 hits(recalculating grid)(recalculating grid)......
processing event 56 with 59 hits(recalculating grid)......
processing event 57 with 49 hits(recalculating grid)......
processing event 58 with 55 hits(recalculating grid)......
processing event 59 with 17 hits(recalculating grid)......
processing event 60 with 49 hits(recalculating grid)(recalculating grid)......
processing event 61 with 54 hits(recalculating grid)......
processing event 62 with 57 hits(recalculating grid)......
processing event 63 with 53 hits(recalculating grid)......
processing event 64 with 23 hits(recalculating grid)(recalculating grid)(recalculating grid)......
processing event 65 with 37 hits(recalculating grid)......
processing event 66 with 44 hits(recalculating grid)......
processing event 67 with 61 hits(recalculating grid)(recalculating grid)......
processing event 68 with 44 hits(recalculating grid)(recalculating grid)......
processing event 69 with 43 hits(recalculating grid)......
processing event 70 with 45 hits(recalculating grid)(recalculating grid)(recalculating grid)......
processing event 71 with 34 hits(recalculating grid)(recalculating grid)(recalculating grid)......
processing event 72 with 49 hits(recalculating grid)(recalculating grid)......
processing event 73 with 53 hits(recalculating grid)......
processing event 74 with 45 hits(recalculating grid)(recalculating grid)......
processing event 75 with 50 hits(recalculating grid)......
processing event 76 with 58 hits(recalculating grid)......
processing event 77 with 55 hits(recalculating grid)......
processing event 78 with 57 hits(recalculating grid)(recalculating grid)(recalculating grid)......
processing event 79 with 52 hits(recalculating grid)(recalculating grid)(recalculating grid)......
processing event 80 with 59 hits(recalculating grid)......
processing event 81 with 51 hits(recalculating grid)......
processing event 82 with 55 hits(recalculating grid)......
processing event 83 with 48 hits(recalculating grid)......
processing event 84 with 57 hits......
processing event 85 with 56 hits(recalculating grid)(recalculating grid)......
processing event 86 with 59 hits(recalculating grid)......
processing event 87 with 54 hits(recalculating grid)(recalculating grid)......
processing event 88 with 50 hits(recalculating grid)(recalculating grid)......
processing event 89 with 41 hits(recalculating grid)(recalculating grid)......
processing event 90 with 49 hits(recalculating grid)......
processing event 91 with 35 hits(recalculating grid)(recalculating grid)......
processing event 92 with 53 hits(recalculating grid)(recalculating grid)......
processing event 93 with 37 hits(recalculating grid)......
processing event 94 with 47 hits(recalculating grid)......
processing event 95 with 58 hits(recalculating grid)(recalculating grid)......
processing event 96 with 63 hits(recalculating grid)......
processing event 97 with 44 hits(recalculating grid)(recalculating grid)......
processing event 98 with 52 hits(recalculating grid)......
processing event 99 with 61 hits(recalculating grid)......
processing event 100 with 45 hits(recalculating grid)......
processing event 101 with 48 hits(recalculating grid)(recalculating grid)(recalculating grid)......
processing event 102 with 50 hits(recalculating grid)(recalculating grid)......
processing event 103 with 56 hits(recalculating grid)......
processing event 104 with 56 hits(recalculating grid)(recalculating grid)......
processing event 105 with 44 hits(recalculating grid)......
processing event 106 with 49 hits(recalculating grid)......
processing event 107 with 46 hits(recalculating grid)......
processing event 108 with 48 hits(recalculating grid)(recalculating grid)......
processing event 109 with 51 hits(recalculating grid)(recalculating grid)......
processing event 110 with 49 hits(recalculating grid)(recalculating grid)......
processing event 111 with 46 hits(recalculating grid)......
processing event 112 with 60 hits(recalculating grid)......
processing event 113 with 32 hits......
processing event 114 with 43 hits(recalculating grid)......
processing event 115 with 55 hits(recalculating grid)......
processing event 116 with 56 hits(recalculating grid)......
processing event 117 with 38 hits(recalculating grid)(recalculating grid)......
processing event 118 with 44 hits(recalculating grid)(recalculating grid)......
processing event 119 with 60 hits(recalculating grid)......
processing event 120 with 52 hits(recalculating grid)......
processing event 121 with 50 hits(recalculating grid)(recalculating grid)......
processing event 122 with 47 hits(recalculating grid)(recalculating grid)......
processing event 123 with 49 hits(recalculating grid)(recalculating grid)......
processing event 124 with 44 hits(recalculating grid)(recalculating grid)......
processing event 125 with 29 hits(recalculating grid)(recalculating grid)......
processing event 126 with 55 hits(recalculating grid)(recalculating grid)......
processing event 127 with 45 hits(recalculating grid)(recalculating grid)......
processing event 128 with 59 hits(recalculating grid)......
processing event 129 with 43 hits(recalculating grid)(recalculating grid)......
processing event 130 with 56 hits(recalculating grid)......
processing event 131 with 44 hits(recalculating grid)(recalculating grid)......
processing event 132 with 53 hits(recalculating grid)......
processing event 133 with 53 hits(recalculating grid)(recalculating grid)......
processing event 134 with 60 hits(recalculating grid)......
processing event 135 with 50 hits(recalculating grid)......
processing event 136 with 54 hits(recalculating grid)(recalculating grid)......
processing event 137 with 65 hits(recalculating grid)(recalculating grid)......
processing event 138 with 45 hits(recalculating grid)......
processing event 139 with 44 hits(recalculating grid)(recalculating grid)......
processing event 140 with 62 hits(recalculating grid)......
processing event 141 with 55 hits(recalculating grid)(recalculating grid)......
processing event 142 with 53 hits(recalculating grid)(recalculating grid)......
processing event 143 with 51 hits(recalculating grid)......
processing event 144 with 47 hits(recalculating grid)(recalculating grid)(recalculating grid)......
processing event 145 with 54 hits(recalculating grid)......
processing event 146 with 41 hits(recalculating grid)(recalculating grid)......
processing event 147 with 48 hits(recalculating grid)......
processing event 148 with 57 hits(recalculating grid)......
processing event 149 with 42 hits(recalculating grid)(recalculating grid)......
processing event 150 with 12 hits(recalculating grid)(recalculating grid)......
processing event 151 with 54 hits(recalculating grid)......
processing event 152 with 41 hits(recalculating grid)(recalculating grid)......
processing event 153 with 53 hits(recalculating grid)......
processing event 154 with 51 hits(recalculating grid)(recalculating grid)......
processing event 155 with 50 hits(recalculating grid)......
processing event 156 with 52 hits(recalculating grid)(recalculating grid)......
processing event 157 with 49 hits(recalculating grid)(recalculating grid)......
processing event 158 with 43 hits(recalculating grid)......
processing event 159 with 59 hits(recalculating grid)......
processing event 160 with 62 hits(recalculating grid)(recalculating grid)......
processing event 161 with 44 hits(recalculating grid)......
processing event 162 with 59 hits(recalculating grid)......
processing event 163 with 45 hits(recalculating grid)......
processing event 164 with 37 hits(recalculating grid)(recalculating grid)......
processing event 165 with 58 hits(recalculating grid)......
processing event 166 with 47 hits(recalculating grid)(recalculating grid)......
processing event 167 with 45 hits(recalculating grid)......
processing event 168 with 18 hits(recalculating grid)(recalculating grid)(recalculating grid)......
processing event 169 with 54 hits(recalculating grid)......
processing event 170 with 69 hits(recalculating grid)(recalculating grid)......
processing event 171 with 56 hits(recalculating grid)......
processing event 172 with 62 hits......
processing event 173 with 56 hits(recalculating grid)......
processing event 174 with 49 hits(recalculating grid)(recalculating grid)......
processing event 175 with 43 hits(recalculating grid)(recalculating grid)......
processing event 176 with 55 hits(recalculating grid)......
processing event 177 with 55 hits(recalculating grid)......
processing event 178 with 42 hits(recalculating grid)(recalculating grid)......
processing event 179 with 46 hits(recalculating grid)(recalculating grid)......
processing event 180 with 52 hits(recalculating grid)......
processing event 181 with 39 hits(recalculating grid)(recalculating grid)(recalculating grid)......
processing event 182 with 56 hits(recalculating grid)......
processing event 183 with 44 hits(recalculating grid)(recalculating grid)......
processing event 184 with 54 hits(recalculating grid)(recalculating grid)......
processing event 185 with 57 hits(recalculating grid)......
processing event 186 with 44 hits(recalculating grid)......
processing event 187 with 41 hits(recalculating grid)(recalculating grid)......
processing event 188 with 47 hits(recalculating grid)(recalculating grid)......
processing event 189 with 50 hits(recalculating grid)(recalculating grid)......
processing event 190 with 59 hits(recalculating grid)......
processing event 191 with 49 hits(recalculating grid)(recalculating grid)......
processing event 192 with 38 hits(recalculating grid)......
processing event 193 with 40 hits(recalculating grid)(recalculating grid)......
processing event 194 with 56 hits(recalculating grid)......
processing event 195 with 61 hits(recalculating grid)(recalculating grid)......
processing event 196 with 49 hits(recalculating grid)(recalculating grid)......
processing event 197 with 51 hits(recalculating grid)......
processing event 198 with 46 hits(recalculating grid)(recalculating grid)......
processing event 199 with 49 hits(recalculating grid)......
processing event 200 with 46 hits(recalculating grid)(recalculating grid)......
processing event 201 with 56 hits(recalculating grid)......
processing event 202 with 49 hits(recalculating grid)......
processing event 203 with 48 hits(recalculating grid)(recalculating grid)......
processing event 204 with 45 hits(recalculating grid)......
processing event 205 with 44 hits(recalculating grid)......
processing event 206 with 63 hits(recalculating grid)......
processing event 207 with 53 hits(recalculating grid)......
processing event 208 with 48 hits(recalculating grid)......
processing event 209 with 62 hits(recalculating grid)......
processing event 210 with 50 hits(recalculating grid)(recalculating grid)......
processing event 211 with 53 hits(recalculating grid)......
processing event 212 with 54 hits(recalculating grid)......
processing event 213 with 44 hits(recalculating grid)......
processing event 214 with 54 hits(recalculating grid)(recalculating grid)......
processing event 215 with 57 hits(recalculating grid)......
processing event 216 with 42 hits(recalculating grid)(recalculating grid)......
processing event 217 with 43 hits(recalculating grid)(recalculating grid)......
processing event 218 with 61 hits(recalculating grid)......
processing event 219 with 48 hits......
processing event 220 with 44 hits(recalculating grid)(recalculating grid)......
processing event 221 with 50 hits(recalculating grid)......
processing event 222 with 46 hits(recalculating grid)(recalculating grid)......
processing event 223 with 46 hits(recalculating grid)(recalculating grid)......
processing event 224 with 54 hits(recalculating grid)......
processing event 225 with 41 hits(recalculating grid)(recalculating grid)......
processing event 226 with 62 hits(recalculating grid)......
processing event 227 with 53 hits(recalculating grid)(recalculating grid)......
processing event 228 with 55 hits(recalculating grid)(recalculating grid)......
processing event 229 with 54 hits(recalculating grid)......
processing event 230 with 52 hits(recalculating grid)......
processing event 231 with 52 hits(recalculating grid)(recalculating grid)......
processing event 232 with 36 hits(recalculating grid)(recalculating grid)(recalculating grid)......
processing event 233 with 42 hits(recalculating grid)(recalculating grid)......
processing event 234 with 57 hits(recalculating grid)......
processing event 235 with 43 hits(recalculating grid)......
processing event 236 with 59 hits(recalculating grid)......
processing event 237 with 56 hits(recalculating grid)......
processing event 238 with 44 hits(recalculating grid)......
processing event 239 with 48 hits(recalculating grid)......
processing event 240 with 44 hits(recalculating grid)......
processing event 241 with 48 hits(recalculating grid)(recalculating grid)......
processing event 242 with 65 hits(recalculating grid)(recalculating grid)......
processing event 243 with 54 hits(recalculating grid)(recalculating grid)......
processing event 244 with 54 hits(recalculating grid)......
processing event 245 with 51 hits(recalculating grid)(recalculating grid)......
processing event 246 with 57 hits(recalculating grid)(recalculating grid)......
processing event 247 with 47 hits(recalculating grid)......
processing event 248 with 61 hits(recalculating grid)......
processing event 249 with 52 hits(recalculating grid)......
processing event 250 with 47 hits(recalculating grid)......
processing event 251 with 52 hits(recalculating grid)(recalculating grid)......
processing event 252 with 50 hits(recalculating grid)......
processing event 253 with 52 hits(recalculating grid)......
processing event 254 with 42 hits(recalculating grid)......
processing event 255 with 46 hits(recalculating grid)(recalculating grid)......
processing event 256 with 59 hits(recalculating grid)(recalculating grid)......
processing event 257 with 44 hits(recalculating grid)(recalculating grid)......
processing event 258 with 44 hits(recalculating grid)......
processing event 259 with 49 hits(recalculating grid)......
processing event 260 with 51 hits(recalculating grid)(recalculating grid)......
processing event 261 with 43 hits(recalculating grid)(recalculating grid)......
processing event 262 with 55 hits(recalculating grid)(recalculating grid)......
processing event 263 with 58 hits(recalculating grid)......
processing event 264 with 42 hits(recalculating grid)(recalculating grid)......
processing event 265 with 46 hits(recalculating grid)(recalculating grid)......
processing event 266 with 44 hits(recalculating grid)(recalculating grid)......
processing event 267 with 54 hits(recalculating grid)......
processing event 268 with 47 hits(recalculating grid)......
processing event 269 with 54 hits(recalculating grid)......
processing event 270 with 54 hits(recalculating grid)......
processing event 271 with 50 hits(recalculating grid)(recalculating grid)......
processing event 272 with 46 hits(recalculating grid)......
processing event 273 with 28 hits(recalculating grid)(recalculating grid)......
processing event 274 with 53 hits(recalculating grid)......
processing event 275 with 46 hits(recalculating grid)......
processing event 276 with 44 hits(recalculating grid)(recalculating grid)......
processing event 277 with 56 hits(recalculating grid)......
processing event 278 with 43 hits(recalculating grid)......
processing event 279 with 66 hits(recalculating grid)......
processing event 280 with 62 hits(recalculating grid)......
processing event 281 with 45 hits(recalculating grid)(recalculating grid)......
processing event 282 with 45 hits(recalculating grid)(recalculating grid)(recalculating grid)......
processing event 283 with 43 hits(recalculating grid)(recalculating grid)......
processing event 284 with 44 hits(recalculating grid)(recalculating grid)......
processing event 285 with 57 hits(recalculating grid)......
processing event 286 with 48 hits(recalculating grid)(recalculating grid)......
processing event 287 with 49 hits(recalculating grid)(recalculating grid)......
processing event 288 with 46 hits(recalculating grid)......
processing event 289 with 43 hits(recalculating grid)(recalculating grid)......
processing event 290 with 47 hits(recalculating grid)......
processing event 291 with 57 hits(recalculating grid)(recalculating grid)......
processing event 292 with 59 hits(recalculating grid)......
processing event 293 with 59 hits(recalculating grid)......
processing event 294 with 40 hits(recalculating grid)......
processing event 295 with 55 hits(recalculating grid)......
processing event 296 with 58 hits(recalculating grid)(recalculating grid)......
processing event 297 with 60 hits(recalculating grid)(recalculating grid)......
processing event 298 with 46 hits(recalculating grid)(recalculating grid)......
processing event 299 with 50 hits(recalculating grid)(recalculating grid)......
processing event 300 with 51 hits(recalculating grid)......
processing event 301 with 45 hits(recalculating grid)......
processing event 302 with 50 hits(recalculating grid)......
processing event 303 with 51 hits(recalculating grid)......
processing event 304 with 58 hits(recalculating grid)(recalculating grid)......
processing event 305 with 45 hits(recalculating grid)......
processing event 306 with 53 hits(recalculating grid)......
processing event 307 with 56 hits(recalculating grid)......
processing event 308 with 52 hits(recalculating grid)(recalculating grid)......
processing event 309 with 39 hits(recalculating grid)......
processing event 310 with 61 hits(recalculating grid)......
processing event 311 with 56 hits(recalculating grid)......
processing event 312 with 45 hits(recalculating grid)(recalculating grid)......
processing event 313 with 49 hits(recalculating grid)......
processing event 314 with 58 hits(recalculating grid)......
processing event 315 with 53 hits(recalculating grid)......
processing event 316 with 44 hits(recalculating grid)(recalculating grid)......
processing event 317 with 42 hits(recalculating grid)(recalculating grid)......
processing event 318 with 53 hits(recalculating grid)(recalculating grid)......
processing event 319 with 20 hits......
processing event 320 with 41 hits......
processing event 321 with 62 hits(recalculating grid)......
processing event 322 with 52 hits(recalculating grid)(recalculating grid)......
processing event 323 with 58 hits(recalculating grid)(recalculating grid)......
processing event 324 with 37 hits(recalculating grid)(recalculating grid)......
processing event 325 with 47 hits(recalculating grid)(recalculating grid)......
processing event 326 with 47 hits(recalculating grid)......
processing event 327 with 57 hits(recalculating grid)(recalculating grid)......
processing event 328 with 57 hits(recalculating grid)......
processing event 329 with 51 hits(recalculating grid)(recalculating grid)......
processing event 330 with 45 hits(recalculating grid)......
processing event 331 with 27 hits......
processing event 332 with 46 hits(recalculating grid)(recalculating grid)......
processing event 333 with 53 hits(recalculating grid)(recalculating grid)......
processing event 334 with 42 hits(recalculating grid)......
processing event 335 with 58 hits(recalculating grid)(recalculating grid)......
processing event 336 with 56 hits(recalculating grid)......
processing event 337 with 48 hits(recalculating grid)......
processing event 338 with 39 hits(recalculating grid)(recalculating grid)......
processing event 339 with 52 hits(recalculating grid)(recalculating grid)......
processing event 340 with 52 hits(recalculating grid)......
processing event 341 with 57 hits(recalculating grid)......
processing event 342 with 63 hits(recalculating grid)(recalculating grid)......
processing event 343 with 53 hits(recalculating grid)......
processing event 344 with 40 hits(recalculating grid)......
processing event 345 with 45 hits(recalculating grid)......
processing event 346 with 39 hits(recalculating grid)(recalculating grid)......
processing event 347 with 47 hits(recalculating grid)(recalculating grid)......
processing event 348 with 58 hits(recalculating grid)(recalculating grid)......
processing event 349 with 47 hits(recalculating grid)(recalculating grid)......
processing event 350 with 50 hits(recalculating grid)(recalculating grid)......
processing event 351 with 44 hits(recalculating grid)(recalculating grid)......
processing event 352 with 49 hits(recalculating grid)(recalculating grid)......
processing event 353 with 48 hits(recalculating grid)......
processing event 354 with 52 hits(recalculating grid)......
processing event 355 with 54 hits(recalculating grid)......
processing event 356 with 51 hits(recalculating grid)......
processing event 357 with 62 hits(recalculating grid)......
processing event 358 with 48 hits(recalculating grid)(recalculating grid)(recalculating grid)......
processing event 359 with 57 hits(recalculating grid)......
processing event 360 with 52 hits(recalculating grid)......
processing event 361 with 45 hits(recalculating grid)......
processing event 362 with 44 hits(recalculating grid)(recalculating grid)......
processing event 363 with 43 hits(recalculating grid)(recalculating grid)......
processing event 364 with 51 hits(recalculating grid)(recalculating grid)......
processing event 365 with 55 hits(recalculating grid)......
processing event 366 with 45 hits(recalculating grid)(recalculating grid)......
processing event 367 with 48 hits(recalculating grid)(recalculating grid)......
processing event 368 with 52 hits(recalculating grid)......
processing event 369 with 48 hits(recalculating grid)......
processing event 370 with 52 hits(recalculating grid)(recalculating grid)......
processing event 371 with 41 hits(recalculating grid)(recalculating grid)(recalculating grid)......
processing event 372 with 38 hits(recalculating grid)(recalculating grid)......
processing event 373 with 49 hits(recalculating grid)(recalculating grid)......
processing event 374 with 61 hits(recalculating grid)......
processing event 375 with 53 hits(recalculating grid)(recalculating grid)......
processing event 376 with 49 hits(recalculating grid)(recalculating grid)......
processing event 377 with 45 hits(recalculating grid)......
processing event 378 with 61 hits(recalculating grid)......
processing event 379 with 57 hits(recalculating grid)......
processing event 380 with 55 hits(recalculating grid)......
processing event 381 with 43 hits(recalculating grid)......
processing event 382 with 46 hits(recalculating grid)......
processing event 383 with 60 hits(recalculating grid)(recalculating grid)......
processing event 384 with 55 hits(recalculating grid)......
processing event 385 with 50 hits(recalculating grid)(recalculating grid)......
processing event 386 with 58 hits(recalculating grid)......
processing event 387 with 44 hits(recalculating grid)......
processing event 388 with 47 hits(recalculating grid)(recalculating grid)......
processing event 389 with 49 hits(recalculating grid)......
processing event 390 with 55 hits(recalculating grid)(recalculating grid)......
processing event 391 with 45 hits(recalculating grid)(recalculating grid)......
processing event 392 with 43 hits(recalculating grid)......
processing event 393 with 58 hits(recalculating grid)......
processing event 394 with 50 hits(recalculating grid)......
processing event 395 with 57 hits(recalculating grid)......
processing event 396 with 49 hits(recalculating grid)(recalculating grid)......
processing event 397 with 55 hits(recalculating grid)(recalculating grid)......
processing event 398 with 46 hits(recalculating grid)......
processing event 399 with 56 hits(recalculating grid)......
processing event 400 with 49 hits(recalculating grid)(recalculating grid)......
processing event 401 with 41 hits(recalculating grid)......
processing event 402 with 56 hits(recalculating grid)......
processing event 403 with 57 hits(recalculating grid)......
processing event 404 with 46 hits(recalculating grid)(recalculating grid)......
processing event 405 with 55 hits(recalculating grid)......
processing event 406 with 51 hits(recalculating grid)(recalculating grid)......
processing event 407 with 54 hits(recalculating grid)......
processing event 408 with 58 hits(recalculating grid)......
processing event 409 with 46 hits(recalculating grid)......
processing event 410 with 60 hits(recalculating grid)......
processing event 411 with 55 hits(recalculating grid)(recalculating grid)......
processing event 412 with 54 hits(recalculating grid)......
processing event 413 with 47 hits(recalculating grid)(recalculating grid)......
processing event 414 with 56 hits(recalculating grid)(recalculating grid)......
processing event 415 with 48 hits(recalculating grid)(recalculating grid)......
processing event 416 with 42 hits(recalculating grid)(recalculating grid)......
processing event 417 with 49 hits(recalculating grid)(recalculating grid)......
processing event 418 with 50 hits(recalculating grid)(recalculating grid)......
processing event 419 with 59 hits(recalculating grid)(recalculating grid)......
processing event 420 with 31 hits(recalculating grid)......
processing event 421 with 47 hits(recalculating grid)......
processing event 422 with 51 hits(recalculating grid)......
processing event 423 with 54 hits(recalculating grid)(recalculating grid)......
processing event 424 with 53 hits(recalculating grid)(recalculating grid)......
processing event 425 with 54 hits(recalculating grid)......
processing event 426 with 54 hits(recalculating grid)(recalculating grid)......
processing event 427 with 44 hits(recalculating grid)......
processing event 428 with 39 hits......
processing event 429 with 65 hits(recalculating grid)......
processing event 430 with 44 hits(recalculating grid)......
processing event 431 with 45 hits(recalculating grid)(recalculating grid)......
processing event 432 with 45 hits(recalculating grid)(recalculating grid)......
processing event 433 with 49 hits(recalculating grid)(recalculating grid)......
processing event 434 with 31 hits(recalculating grid)(recalculating grid)......
processing event 435 with 48 hits(recalculating grid)(recalculating grid)......
processing event 436 with 57 hits(recalculating grid)......
processing event 437 with 63 hits(recalculating grid)(recalculating grid)......
processing event 438 with 49 hits(recalculating grid)......
processing event 439 with 52 hits(recalculating grid)......
processing event 440 with 51 hits(recalculating grid)......
processing event 441 with 50 hits(recalculating grid)......
processing event 442 with 36 hits(recalculating grid)(recalculating grid)(recalculating grid)......
processing event 443 with 45 hits(recalculating grid)......
processing event 444 with 44 hits(recalculating grid)......
processing event 445 with 45 hits(recalculating grid)......
processing event 446 with 43 hits(recalculating grid)(recalculating grid)(recalculating grid)......
processing event 447 with 50 hits(recalculating grid)(recalculating grid)......
processing event 448 with 36 hits(recalculating grid)(recalculating grid)......
processing event 449 with 44 hits(recalculating grid)......
processing event 450 with 62 hits(recalculating grid)......
processing event 451 with 58 hits(recalculating grid)......
processing event 452 with 57 hits(recalculating grid)......
processing event 453 with 41 hits(recalculating grid)(recalculating grid)......
processing event 454 with 53 hits(recalculating grid)......
processing event 455 with 43 hits(recalculating grid)......
processing event 456 with 49 hits(recalculating grid)......
processing event 457 with 52 hits(recalculating grid)(recalculating grid)......
processing event 458 with 49 hits(recalculating grid)......
processing event 459 with 44 hits(recalculating grid)......
processing event 460 with 57 hits(recalculating grid)(recalculating grid)......
processing event 461 with 47 hits(recalculating grid)......
processing event 462 with 48 hits(recalculating grid)(recalculating grid)......
processing event 463 with 40 hits(recalculating grid)(recalculating grid)......
processing event 464 with 57 hits(recalculating grid)(recalculating grid)......
processing event 465 with 62 hits(recalculating grid)(recalculating grid)......
processing event 466 with 50 hits(recalculating grid)......
processing event 467 with 15 hits(recalculating grid)(recalculating grid)(recalculating grid)......
processing event 468 with 52 hits(recalculating grid)(recalculating grid)......
processing event 469 with 52 hits(recalculating grid)(recalculating grid)......
processing event 470 with 40 hits(recalculating grid)(recalculating grid)......
processing event 471 with 54 hits(recalculating grid)(recalculating grid)(recalculating grid)......
processing event 472 with 41 hits(recalculating grid)......
processing event 473 with 53 hits(recalculating grid)(recalculating grid)......
processing event 474 with 48 hits(recalculating grid)......
processing event 475 with 51 hits(recalculating grid)......
processing event 476 with 44 hits(recalculating grid)(recalculating grid)......
processing event 477 with 48 hits(recalculating grid)(recalculating grid)......
processing event 478 with 58 hits(recalculating grid)......
processing event 479 with 39 hits(recalculating grid)......
processing event 480 with 53 hits(recalculating grid)......
processing event 481 with 34 hits(recalculating grid)......
processing event 482 with 56 hits(recalculating grid)......
processing event 483 with 46 hits(recalculating grid)......
processing event 484 with 38 hits(recalculating grid)(recalculating grid)......
processing event 485 with 44 hits(recalculating grid)(recalculating grid)(recalculating grid)......
processing event 486 with 53 hits(recalculating grid)(recalculating grid)......
processing event 487 with 59 hits(recalculating grid)......
processing event 488 with 58 hits(recalculating grid)......
processing event 489 with 52 hits(recalculating grid)(recalculating grid)......
processing event 490 with 49 hits(recalculating grid)......
processing event 491 with 54 hits(recalculating grid)(recalculating grid)......
processing event 492 with 61 hits(recalculating grid)......
processing event 493 with 50 hits(recalculating grid)......
processing event 494 with 47 hits(recalculating grid)......
processing event 495 with 52 hits(recalculating grid)......
processing event 496 with 34 hits(recalculating grid)(recalculating grid)......
processing event 497 with 51 hits(recalculating grid)(recalculating grid)......
processing event 498 with 61 hits(recalculating grid)(recalculating grid)......
processing event 499 with 49 hits(recalculating grid)......
processing event 500 with 56 hits(recalculating grid)......
processing event 501 with 49 hits(recalculating grid)......
processing event 502 with 40 hits(recalculating grid)......
processing event 503 with 50 hits(recalculating grid)(recalculating grid)......
processing event 504 with 51 hits(recalculating grid)......
processing event 505 with 52 hits(recalculating grid)......
processing event 506 with 55 hits(recalculating grid)......
processing event 507 with 38 hits(recalculating grid)......
processing event 508 with 59 hits(recalculating grid)(recalculating grid)......
processing event 509 with 51 hits(recalculating grid)......
processing event 510 with 40 hits(recalculating grid)(recalculating grid)......
processing event 511 with 48 hits(recalculating grid)......
processing event 512 with 43 hits(recalculating grid)......
processing event 513 with 42 hits(recalculating grid)......
processing event 514 with 39 hits(recalculating grid)......
processing event 515 with 51 hits(recalculating grid)(recalculating grid)(recalculating grid)......
processing event 516 with 50 hits(recalculating grid)......
processing event 517 with 54 hits......
processing event 518 with 36 hits(recalculating grid)(recalculating grid)......
processing event 519 with 48 hits(recalculating grid)(recalculating grid)......
processing event 520 with 55 hits(recalculating grid)(recalculating grid)......
processing event 521 with 49 hits(recalculating grid)......
processing event 522 with 45 hits(recalculating grid)(recalculating grid)......
processing event 523 with 44 hits(recalculating grid)......
processing event 524 with 55 hits(recalculating grid)(recalculating grid)......
processing event 525 with 63 hits(recalculating grid)......
processing event 526 with 45 hits(recalculating grid)......
processing event 527 with 51 hits(recalculating grid)......
processing event 528 with 50 hits(recalculating grid)......
processing event 529 with 35 hits(recalculating grid)(recalculating grid)......
processing event 530 with 32 hits......
processing event 531 with 53 hits(recalculating grid)......
processing event 532 with 54 hits(recalculating grid)......
processing event 533 with 62 hits......
processing event 534 with 47 hits(recalculating grid)(recalculating grid)......
processing event 535 with 56 hits(recalculating grid)......
processing event 536 with 41 hits(recalculating grid)(recalculating grid)(recalculating grid)......
processing event 537 with 45 hits(recalculating grid)(recalculating grid)(recalculating grid)......
processing event 538 with 57 hits(recalculating grid)......
processing event 539 with 51 hits(recalculating grid)......
processing event 540 with 60 hits(recalculating grid)......
processing event 541 with 52 hits(recalculating grid)(recalculating grid)......
processing event 542 with 51 hits(recalculating grid)(recalculating grid)......
processing event 543 with 45 hits(recalculating grid)(recalculating grid)......
processing event 544 with 46 hits(recalculating grid)......
processing event 545 with 49 hits(recalculating grid)......
processing event 546 with 48 hits(recalculating grid)(recalculating grid)......
processing event 547 with 49 hits(recalculating grid)(recalculating grid)......
processing event 548 with 49 hits(recalculating grid)(recalculating grid)......
processing event 549 with 51 hits(recalculating grid)......
processing event 550 with 59 hits(recalculating grid)......
processing event 551 with 56 hits(recalculating grid)......
processing event 552 with 64 hits(recalculating grid)......
processing event 553 with 43 hits(recalculating grid)......
processing event 554 with 59 hits(recalculating grid)......
processing event 555 with 54 hits(recalculating grid)(recalculating grid)......
processing event 556 with 60 hits(recalculating grid)......
processing event 557 with 44 hits(recalculating grid)(recalculating grid)......
processing event 558 with 59 hits(recalculating grid)(recalculating grid)......
processing event 559 with 63 hits(recalculating grid)......
processing event 560 with 55 hits(recalculating grid)(recalculating grid)......
processing event 561 with 46 hits(recalculating grid)......
processing event 562 with 53 hits(recalculating grid)(recalculating grid)......
processing event 563 with 45 hits(recalculating grid)......
processing event 564 with 56 hits(recalculating grid)......
processing event 565 with 45 hits(recalculating grid)(recalculating grid)......
processing event 566 with 53 hits(recalculating grid)......
processing event 567 with 44 hits(recalculating grid)......
processing event 568 with 56 hits(recalculating grid)(recalculating grid)(recalculating grid)......
processing event 569 with 49 hits(recalculating grid)......
processing event 570 with 49 hits(recalculating grid)......
processing event 571 with 38 hits(recalculating grid)(recalculating grid)......
processing event 572 with 51 hits(recalculating grid)(recalculating grid)......
processing event 573 with 48 hits(recalculating grid)(recalculating grid)......
processing event 574 with 63 hits(recalculating grid)(recalculating grid)......
processing event 575 with 57 hits(recalculating grid)......
processing event 576 with 58 hits(recalculating grid)......
processing event 577 with 32 hits(recalculating grid)......
processing event 578 with 49 hits(recalculating grid)(recalculating grid)......
processing event 579 with 37 hits(recalculating grid)(recalculating grid)......
processing event 580 with 46 hits(recalculating grid)......
processing event 581 with 67 hits(recalculating grid)......
processing event 582 with 50 hits(recalculating grid)......
processing event 583 with 58 hits(recalculating grid)......
processing event 584 with 59 hits(recalculating grid)......
processing event 585 with 50 hits(recalculating grid)......
processing event 586 with 43 hits(recalculating grid)(recalculating grid)(recalculating grid)......
processing event 587 with 47 hits(recalculating grid)......
processing event 588 with 50 hits(recalculating grid)......
processing event 589 with 43 hits(recalculating grid)......
processing event 590 with 42 hits(recalculating grid)......
processing event 591 with 54 hits(recalculating grid)(recalculating grid)......
processing event 592 with 32 hits(recalculating grid)......
processing event 593 with 46 hits(recalculating grid)......
processing event 594 with 55 hits(recalculating grid)......
processing event 595 with 45 hits(recalculating grid)(recalculating grid)(recalculating grid)......
processing event 596 with 56 hits(recalculating grid)......
processing event 597 with 44 hits(recalculating grid)(recalculating grid)(recalculating grid)......
processing event 598 with 56 hits(recalculating grid)......
processing event 599 with 45 hits(recalculating grid)......
processing event 600 with 44 hits(recalculating grid)......
processing event 601 with 31 hits(recalculating grid)......
processing event 602 with 51 hits(recalculating grid)......
processing event 603 with 50 hits(recalculating grid)(recalculating grid)......
processing event 604 with 54 hits(recalculating grid)(recalculating grid)......
processing event 605 with 45 hits(recalculating grid)......
processing event 606 with 44 hits(recalculating grid)(recalculating grid)......
processing event 607 with 49 hits(recalculating grid)(recalculating grid)......
processing event 608 with 51 hits(recalculating grid)......
processing event 609 with 38 hits......
processing event 610 with 48 hits(recalculating grid)......
processing event 611 with 55 hits(recalculating grid)(recalculating grid)......
processing event 612 with 43 hits(recalculating grid)(recalculating grid)......
processing event 613 with 59 hits(recalculating grid)......
processing event 614 with 51 hits(recalculating grid)......
processing event 615 with 57 hits(recalculating grid)(recalculating grid)......
processing event 616 with 55 hits(recalculating grid)(recalculating grid)......
processing event 617 with 46 hits......
processing event 618 with 61 hits(recalculating grid)(recalculating grid)......
processing event 619 with 48 hits(recalculating grid)......
processing event 620 with 42 hits(recalculating grid)......
processing event 621 with 51 hits(recalculating grid)......
processing event 622 with 39 hits(recalculating grid)(recalculating grid)......
processing event 623 with 48 hits(recalculating grid)......
processing event 624 with 46 hits(recalculating grid)......
processing event 625 with 57 hits(recalculating grid)......
processing event 626 with 46 hits(recalculating grid)......
processing event 627 with 53 hits(recalculating grid)......
processing event 628 with 47 hits(recalculating grid)(recalculating grid)......
processing event 629 with 56 hits(recalculating grid)(recalculating grid)......
processing event 630 with 54 hits(recalculating grid)(recalculating grid)......
processing event 631 with 54 hits(recalculating grid)......
processing event 632 with 36 hits(recalculating grid)(recalculating grid)......
processing event 633 with 45 hits(recalculating grid)(recalculating grid)......
processing event 634 with 58 hits(recalculating grid)(recalculating grid)......
processing event 635 with 48 hits(recalculating grid)(recalculating grid)(recalculating grid)......
processing event 636 with 54 hits(recalculating grid)......
processing event 637 with 48 hits(recalculating grid)......
processing event 638 with 49 hits(recalculating grid)(recalculating grid)......
processing event 639 with 48 hits......
processing event 640 with 45 hits(recalculating grid)(recalculating grid)(recalculating grid)......
processing event 641 with 45 hits(recalculating grid)......
processing event 642 with 56 hits(recalculating grid)......
processing event 643 with 52 hits(recalculating grid)......
processing event 644 with 49 hits(recalculating grid)......
processing event 645 with 46 hits(recalculating grid)......
processing event 646 with 37 hits(recalculating grid)......
processing event 647 with 47 hits(recalculating grid)......
processing event 648 with 46 hits(recalculating grid)(recalculating grid)(recalculating grid)......
processing event 649 with 51 hits(recalculating grid)......
processing event 650 with 50 hits(recalculating grid)......
processing event 651 with 47 hits(recalculating grid)(recalculating grid)(recalculating grid)......
processing event 652 with 54 hits(recalculating grid)......
processing event 653 with 51 hits(recalculating grid)(recalculating grid)......
processing event 654 with 47 hits(recalculating grid)(recalculating grid)......
processing event 655 with 44 hits(recalculating grid)(recalculating grid)......
processing event 656 with 44 hits(recalculating grid)(recalculating grid)(recalculating grid)......
processing event 657 with 35 hits(recalculating grid)......
processing event 658 with 42 hits(recalculating grid)(recalculating grid)......
processing event 659 with 51 hits(recalculating grid)(recalculating grid)......
processing event 660 with 44 hits(recalculating grid)......
processing event 661 with 51 hits(recalculating grid)......
processing event 662 with 53 hits(recalculating grid)......
processing event 663 with 47 hits(recalculating grid)(recalculating grid)......
processing event 664 with 46 hits(recalculating grid)......
processing event 665 with 43 hits(recalculating grid)(recalculating grid)......
processing event 666 with 50 hits......
processing event 667 with 41 hits(recalculating grid)......
processing event 668 with 52 hits......
processing event 669 with 51 hits(recalculating grid)(recalculating grid)......
processing event 670 with 50 hits(recalculating grid)(recalculating grid)......
processing event 671 with 58 hits(recalculating grid)(recalculating grid)......
processing event 672 with 48 hits(recalculating grid)(recalculating grid)(recalculating grid)......
processing event 673 with 51 hits(recalculating grid)......
processing event 674 with 47 hits(recalculating grid)......
processing event 675 with 62 hits(recalculating grid)......
processing event 676 with 44 hits(recalculating grid)(recalculating grid)......
processing event 677 with 48 hits(recalculating grid)......
processing event 678 with 61 hits(recalculating grid)......
processing event 679 with 52 hits(recalculating grid)(recalculating grid)......
processing event 680 with 54 hits(recalculating grid)(recalculating grid)......
processing event 681 with 49 hits(recalculating grid)(recalculating grid)(recalculating grid)......
processing event 682 with 51 hits(recalculating grid)(recalculating grid)......
processing event 683 with 54 hits(recalculating grid)(recalculating grid)(recalculating grid)......
processing event 684 with 54 hits(recalculating grid)(recalculating grid)......
processing event 685 with 44 hits(recalculating grid)......
processing event 686 with 46 hits(recalculating grid)......
processing event 687 with 48 hits(recalculating grid)(recalculating grid)......
processing event 688 with 59 hits(recalculating grid)(recalculating grid)......
processing event 689 with 44 hits(recalculating grid)......
processing event 690 with 61 hits(recalculating grid)......
processing event 691 with 47 hits(recalculating grid)......
processing event 692 with 46 hits(recalculating grid)......
processing event 693 with 70 hits(recalculating grid)......
processing event 694 with 49 hits(recalculating grid)(recalculating grid)......
processing event 695 with 51 hits(recalculating grid)......
processing event 696 with 47 hits(recalculating grid)(recalculating grid)......
processing event 697 with 41 hits(recalculating grid)(recalculating grid)(recalculating grid)......
processing event 698 with 48 hits(recalculating grid)(recalculating grid)......
processing event 699 with 46 hits(recalculating grid)(recalculating grid)......
processing event 700 with 53 hits(recalculating grid)......
processing event 701 with 50 hits(recalculating grid)(recalculating grid)......
processing event 702 with 49 hits(recalculating grid)(recalculating grid)......
processing event 703 with 52 hits(recalculating grid)......
processing event 704 with 35 hits(recalculating grid)......
processing event 705 with 31 hits......
processing event 706 with 52 hits(recalculating grid)......
processing event 707 with 60 hits(recalculating grid)(recalculating grid)......
processing event 708 with 55 hits(recalculating grid)(recalculating grid)......
processing event 709 with 51 hits(recalculating grid)(recalculating grid)......
processing event 710 with 16 hits......
processing event 711 with 53 hits(recalculating grid)......
processing event 712 with 44 hits(recalculating grid)......
processing event 713 with 42 hits(recalculating grid)(recalculating grid)......
processing event 714 with 44 hits(recalculating grid)(recalculating grid)......
processing event 715 with 49 hits(recalculating grid)......
processing event 716 with 43 hits(recalculating grid)......
processing event 717 with 56 hits(recalculating grid)......
processing event 718 with 59 hits(recalculating grid)......
processing event 719 with 63 hits(recalculating grid)......
processing event 720 with 51 hits(recalculating grid)......
processing event 721 with 48 hits(recalculating grid)(recalculating grid)......
processing event 722 with 63 hits(recalculating grid)......
processing event 723 with 41 hits(recalculating grid)(recalculating grid)......
processing event 724 with 55 hits(recalculating grid)(recalculating grid)......
processing event 725 with 40 hits(recalculating grid)(recalculating grid)......
processing event 726 with 51 hits(recalculating grid)(recalculating grid)......
processing event 727 with 44 hits(recalculating grid)(recalculating grid)......
processing event 728 with 56 hits(recalculating grid)(recalculating grid)......
processing event 729 with 49 hits(recalculating grid)......
processing event 730 with 50 hits(recalculating grid)......
processing event 731 with 48 hits(recalculating grid)......
processing event 732 with 48 hits(recalculating grid)(recalculating grid)......
processing event 733 with 41 hits(recalculating grid)(recalculating grid)......
processing event 734 with 48 hits(recalculating grid)......
processing event 735 with 46 hits(recalculating grid)......
processing event 736 with 55 hits(recalculating grid)......
processing event 737 with 38 hits(recalculating grid)(recalculating grid)(recalculating grid)......
processing event 738 with 55 hits(recalculating grid)......
processing event 739 with 46 hits(recalculating grid)......
processing event 740 with 51 hits(recalculating grid)......
processing event 741 with 18 hits......
processing event 742 with 41 hits(recalculating grid)......
processing event 743 with 46 hits(recalculating grid)......
processing event 744 with 48 hits(recalculating grid)......
processing event 745 with 51 hits(recalculating grid)......
processing event 746 with 57 hits(recalculating grid)(recalculating grid)......
processing event 747 with 45 hits(recalculating grid)......
processing event 748 with 36 hits(recalculating grid)......
processing event 749 with 58 hits(recalculating grid)......
processing event 750 with 52 hits(recalculating grid)......
processing event 751 with 53 hits(recalculating grid)......
processing event 752 with 14 hits(recalculating grid)......
processing event 753 with 57 hits(recalculating grid)(recalculating grid)......
processing event 754 with 48 hits(recalculating grid)(recalculating grid)......
processing event 755 with 43 hits(recalculating grid)(recalculating grid)......
processing event 756 with 55 hits(recalculating grid)......
processing event 757 with 33 hits(recalculating grid)(recalculating grid)......
processing event 758 with 37 hits(recalculating grid)......
processing event 759 with 39 hits(recalculating grid)(recalculating grid)......
processing event 760 with 61 hits(recalculating grid)(recalculating grid)......
processing event 761 with 45 hits(recalculating grid)(recalculating grid)......
processing event 762 with 49 hits(recalculating grid)......
processing event 763 with 37 hits(recalculating grid)......
processing event 764 with 45 hits(recalculating grid)(recalculating grid)(recalculating grid)......
processing event 765 with 41 hits(recalculating grid)(recalculating grid)......
processing event 766 with 49 hits(recalculating grid)......
processing event 767 with 57 hits(recalculating grid)......
processing event 768 with 45 hits(recalculating grid)......
processing event 769 with 51 hits(recalculating grid)(recalculating grid)......
processing event 770 with 43 hits(recalculating grid)......
processing event 771 with 51 hits(recalculating grid)(recalculating grid)......
processing event 772 with 66 hits(recalculating grid)......
processing event 773 with 52 hits(recalculating grid)......
processing event 774 with 52 hits......
processing event 775 with 51 hits(recalculating grid)......
processing event 776 with 49 hits(recalculating grid)(recalculating grid)......
processing event 777 with 57 hits(recalculating grid)......
processing event 778 with 51 hits(recalculating grid)......
processing event 779 with 56 hits(recalculating grid)(recalculating grid)......
processing event 780 with 38 hits(recalculating grid)......
processing event 781 with 56 hits(recalculating grid)(recalculating grid)......
processing event 782 with 46 hits(recalculating grid)......
processing event 783 with 55 hits(recalculating grid)......
processing event 784 with 51 hits(recalculating grid)(recalculating grid)......
processing event 785 with 48 hits(recalculating grid)......
processing event 786 with 40 hits(recalculating grid)(recalculating grid)......
processing event 787 with 52 hits(recalculating grid)......
processing event 788 with 63 hits(recalculating grid)(recalculating grid)......
processing event 789 with 39 hits(recalculating grid)(recalculating grid)(recalculating grid)......
processing event 790 with 56 hits(recalculating grid)......
processing event 791 with 52 hits(recalculating grid)(recalculating grid)......
processing event 792 with 37 hits(recalculating grid)(recalculating grid)......
processing event 793 with 42 hits(recalculating grid)(recalculating grid)......
processing event 794 with 53 hits(recalculating grid)......
processing event 795 with 51 hits(recalculating grid)(recalculating grid)......
processing event 796 with 55 hits(recalculating grid)......
processing event 797 with 56 hits(recalculating grid)......
processing event 798 with 43 hits(recalculating grid)(recalculating grid)......
processing event 799 with 42 hits(recalculating grid)......
processing event 800 with 50 hits(recalculating grid)......
processing event 801 with 44 hits(recalculating grid)(recalculating grid)......
processing event 802 with 44 hits(recalculating grid)(recalculating grid)......
processing event 803 with 40 hits(recalculating grid)......
processing event 804 with 54 hits(recalculating grid)(recalculating grid)......
processing event 805 with 55 hits(recalculating grid)......
processing event 806 with 70 hits(recalculating grid)......
processing event 807 with 39 hits(recalculating grid)......
processing event 808 with 62 hits(recalculating grid)......
processing event 809 with 46 hits(recalculating grid)(recalculating grid)......
processing event 810 with 54 hits(recalculating grid)......
processing event 811 with 59 hits(recalculating grid)......
processing event 812 with 55 hits(recalculating grid)(recalculating grid)......
processing event 813 with 39 hits(recalculating grid)(recalculating grid)......
processing event 814 with 41 hits(recalculating grid)(recalculating grid)......
processing event 815 with 50 hits(recalculating grid)......
processing event 816 with 29 hits(recalculating grid)......
processing event 817 with 43 hits(recalculating grid)......
processing event 818 with 41 hits(recalculating grid)......
processing event 819 with 53 hits(recalculating grid)......
processing event 820 with 53 hits(recalculating grid)......
processing event 821 with 39 hits(recalculating grid)......
processing event 822 with 47 hits(recalculating grid)......
processing event 823 with 42 hits(recalculating grid)......
processing event 824 with 57 hits(recalculating grid)......
processing event 825 with 41 hits(recalculating grid)(recalculating grid)......
processing event 826 with 56 hits(recalculating grid)(recalculating grid)......
processing event 827 with 48 hits(recalculating grid)(recalculating grid)......
processing event 828 with 49 hits(recalculating grid)......
processing event 829 with 39 hits(recalculating grid)(recalculating grid)......
processing event 830 with 54 hits(recalculating grid)......
processing event 831 with 62 hits(recalculating grid)(recalculating grid)......
processing event 832 with 56 hits(recalculating grid)(recalculating grid)......
processing event 833 with 46 hits(recalculating grid)......
processing event 834 with 51 hits(recalculating grid)......
processing event 835 with 53 hits(recalculating grid)(recalculating grid)......
processing event 836 with 52 hits(recalculating grid)(recalculating grid)......
processing event 837 with 61 hits(recalculating grid)......
processing event 838 with 37 hits(recalculating grid)(recalculating grid)......
processing event 839 with 46 hits(recalculating grid)(recalculating grid)......
processing event 840 with 57 hits(recalculating grid)(recalculating grid)......
processing event 841 with 51 hits(recalculating grid)(recalculating grid)......
processing event 842 with 56 hits(recalculating grid)......
processing event 843 with 59 hits(recalculating grid)......
processing event 844 with 52 hits(recalculating grid)......
processing event 845 with 54 hits(recalculating grid)......
processing event 846 with 46 hits(recalculating grid)(recalculating grid)(recalculating grid)......
processing event 847 with 54 hits(recalculating grid)(recalculating grid)......
processing event 848 with 48 hits(recalculating grid)......
processing event 849 with 42 hits(recalculating grid)(recalculating grid)(recalculating grid)......
processing event 850 with 46 hits(recalculating grid)(recalculating grid)......
processing event 851 with 38 hits(recalculating grid)(recalculating grid)......
processing event 852 with 61 hits(recalculating grid)(recalculating grid)......
processing event 853 with 41 hits(recalculating grid)......
processing event 854 with 49 hits(recalculating grid)......
processing event 855 with 53 hits(recalculating grid)......
processing event 856 with 38 hits(recalculating grid)......
processing event 857 with 49 hits(recalculating grid)(recalculating grid)......
processing event 858 with 53 hits(recalculating grid)(recalculating grid)......
processing event 859 with 38 hits(recalculating grid)(recalculating grid)......
processing event 860 with 47 hits(recalculating grid)......
processing event 861 with 47 hits(recalculating grid)(recalculating grid)......
processing event 862 with 41 hits(recalculating grid)......
processing event 863 with 49 hits(recalculating grid)......
processing event 864 with 55 hits(recalculating grid)(recalculating grid)......
processing event 865 with 50 hits(recalculating grid)(recalculating grid)......
processing event 866 with 43 hits(recalculating grid)(recalculating grid)......
processing event 867 with 54 hits(recalculating grid)(recalculating grid)......
processing event 868 with 66 hits(recalculating grid)......
processing event 869 with 50 hits(recalculating grid)......
processing event 870 with 43 hits(recalculating grid)......
processing event 871 with 46 hits(recalculating grid)(recalculating grid)......
processing event 872 with 42 hits(recalculating grid)......
processing event 873 with 34 hits(recalculating grid)......
processing event 874 with 45 hits(recalculating grid)......
processing event 875 with 45 hits(recalculating grid)......
processing event 876 with 47 hits(recalculating grid)......
processing event 877 with 54 hits(recalculating grid)(recalculating grid)......
processing event 878 with 54 hits(recalculating grid)......
processing event 879 with 46 hits(recalculating grid)......
processing event 880 with 41 hits(recalculating grid)(recalculating grid)(recalculating grid)......
processing event 881 with 50 hits(recalculating grid)......
processing event 882 with 54 hits(recalculating grid)......
processing event 883 with 52 hits(recalculating grid)......
processing event 884 with 41 hits(recalculating grid)(recalculating grid)......
processing event 885 with 39 hits(recalculating grid)(recalculating grid)......
processing event 886 with 52 hits(recalculating grid)(recalculating grid)......
processing event 887 with 44 hits(recalculating grid)......
processing event 888 with 44 hits(recalculating grid)......
processing event 889 with 50 hits(recalculating grid)......
processing event 890 with 54 hits(recalculating grid)(recalculating grid)......
processing event 891 with 47 hits(recalculating grid)......
processing event 892 with 57 hits(recalculating grid)......
processing event 893 with 55 hits(recalculating grid)......
processing event 894 with 49 hits(recalculating grid)(recalculating grid)......
processing event 895 with 53 hits(recalculating grid)(recalculating grid)......
processing event 896 with 38 hits(recalculating grid)......
processing event 897 with 53 hits(recalculating grid)(recalculating grid)......
processing event 898 with 49 hits(recalculating grid)(recalculating grid)......
processing event 899 with 48 hits(recalculating grid)......
processing event 900 with 41 hits(recalculating grid)......
processing event 901 with 40 hits(recalculating grid)......
processing event 902 with 61 hits(recalculating grid)......
processing event 903 with 60 hits(recalculating grid)(recalculating grid)......
processing event 904 with 49 hits(recalculating grid)(recalculating grid)......
processing event 905 with 56 hits(recalculating grid)......
processing event 906 with 46 hits(recalculating grid)(recalculating grid)......
processing event 907 with 53 hits(recalculating grid)......
processing event 908 with 45 hits(recalculating grid)(recalculating grid)......
processing event 909 with 51 hits(recalculating grid)(recalculating grid)......
processing event 910 with 25 hits(recalculating grid)(recalculating grid)......
processing event 911 with 48 hits(recalculating grid)(recalculating grid)......
processing event 912 with 55 hits(recalculating grid)......
processing event 913 with 42 hits(recalculating grid)(recalculating grid)......
processing event 914 with 52 hits(recalculating grid)......
processing event 915 with 49 hits(recalculating grid)(recalculating grid)(recalculating grid)(recalculating grid)......
processing event 916 with 65 hits(recalculating grid)......
processing event 917 with 46 hits(recalculating grid)(recalculating grid)......
processing event 918 with 40 hits(recalculating grid)(recalculating grid)......
processing event 919 with 51 hits(recalculating grid)(recalculating grid)......
processing event 920 with 50 hits(recalculating grid)......
processing event 921 with 53 hits(recalculating grid)(recalculating grid)......
processing event 922 with 46 hits(recalculating grid)(recalculating grid)......
processing event 923 with 43 hits(recalculating grid)(recalculating grid)......
processing event 924 with 41 hits(recalculating grid)(recalculating grid)......
processing event 925 with 48 hits(recalculating grid)(recalculating grid)......
processing event 926 with 44 hits(recalculating grid)......
processing event 927 with 54 hits(recalculating grid)......
processing event 928 with 63 hits(recalculating grid)......
processing event 929 with 33 hits(recalculating grid)(recalculating grid)......
processing event 930 with 38 hits(recalculating grid)(recalculating grid)......
processing event 931 with 53 hits(recalculating grid)(recalculating grid)(recalculating grid)......
processing event 932 with 46 hits(recalculating grid)(recalculating grid)......
processing event 933 with 50 hits(recalculating grid)(recalculating grid)......
processing event 934 with 58 hits(recalculating grid)......
processing event 935 with 50 hits(recalculating grid)......
processing event 936 with 53 hits(recalculating grid)(recalculating grid)......
processing event 937 with 51 hits(recalculating grid)(recalculating grid)......
processing event 938 with 56 hits(recalculating grid)(recalculating grid)......
processing event 939 with 55 hits(recalculating grid)(recalculating grid)......
processing event 940 with 50 hits(recalculating grid)......
processing event 941 with 41 hits(recalculating grid)......
processing event 942 with 48 hits(recalculating grid)......
processing event 943 with 44 hits(recalculating grid)......
processing event 944 with 52 hits(recalculating grid)......
processing event 945 with 51 hits(recalculating grid)(recalculating grid)......
processing event 946 with 56 hits(recalculating grid)......
processing event 947 with 65 hits(recalculating grid)(recalculating grid)......
processing event 948 with 49 hits(recalculating grid)......
processing event 949 with 45 hits(recalculating grid)(recalculating grid)......
processing event 950 with 48 hits(recalculating grid)(recalculating grid)......
processing event 951 with 45 hits(recalculating grid)(recalculating grid)(recalculating grid)......
processing event 952 with 43 hits(recalculating grid)......
processing event 953 with 50 hits(recalculating grid)(recalculating grid)......
processing event 954 with 45 hits(recalculating grid)......
processing event 955 with 45 hits(recalculating grid)......
processing event 956 with 53 hits(recalculating grid)(recalculating grid)......
processing event 957 with 60 hits(recalculating grid)......
processing event 958 with 55 hits(recalculating grid)(recalculating grid)......
processing event 959 with 62 hits(recalculating grid)......
processing event 960 with 34 hits(recalculating grid)(recalculating grid)(recalculating grid)......
processing event 961 with 52 hits(recalculating grid)(recalculating grid)......
processing event 962 with 43 hits(recalculating grid)(recalculating grid)......
processing event 963 with 45 hits(recalculating grid)(recalculating grid)(recalculating grid)......
processing event 964 with 53 hits(recalculating grid)(recalculating grid)......
processing event 965 with 53 hits(recalculating grid)......
processing event 966 with 51 hits(recalculating grid)(recalculating grid)......
processing event 967 with 39 hits(recalculating grid)(recalculating grid)......
processing event 968 with 46 hits(recalculating grid)......
processing event 969 with 52 hits(recalculating grid)......
processing event 970 with 56 hits(recalculating grid)......
processing event 971 with 44 hits(recalculating grid)(recalculating grid)(recalculating grid)......
processing event 972 with 48 hits(recalculating grid)(recalculating grid)......
processing event 973 with 54 hits(recalculating grid)......
processing event 974 with 47 hits(recalculating grid)(recalculating grid)......
processing event 975 with 53 hits(recalculating grid)(recalculating grid)......
processing event 976 with 49 hits(recalculating grid)......
processing event 977 with 59 hits(recalculating grid)......
processing event 978 with 53 hits(recalculating grid)......
processing event 979 with 46 hits(recalculating grid)......
processing event 980 with 57 hits(recalculating grid)......
processing event 981 with 53 hits......
processing event 982 with 53 hits(recalculating grid)(recalculating grid)......
processing event 983 with 58 hits(recalculating grid)(recalculating grid)......
processing event 984 with 47 hits(recalculating grid)......
processing event 985 with 58 hits(recalculating grid)......
processing event 986 with 51 hits(recalculating grid)(recalculating grid)......
processing event 987 with 65 hits(recalculating grid)(recalculating grid)......
processing event 988 with 56 hits(recalculating grid)......
processing event 989 with 64 hits(recalculating grid)......
processing event 990 with 40 hits(recalculating grid)(recalculating grid)......
processing event 991 with 58 hits(recalculating grid)(recalculating grid)......
processing event 992 with 53 hits(recalculating grid)......
processing event 993 with 50 hits(recalculating grid)......
processing event 994 with 55 hits(recalculating grid)......
processing event 995 with 45 hits(recalculating grid)(recalculating grid)......
processing event 996 with 51 hits(recalculating grid)......
processing event 997 with 56 hits(recalculating grid)(recalculating grid)......
processing event 998 with 49 hits(recalculating grid)......
processing event 999 with 39 hits(recalculating grid)......
processing event 1000 with 46 hits(recalculating grid)(recalculating grid)......
