processing event 1 with 95 hits(recalculating grid)......
processing event 2 with 105 hits......
processing event 3 with 99 hits(recalculating grid)......
processing event 4 with 107 hits......
processing event 5 with 103 hits(recalculating grid)......
processing event 6 with 124 hits......
processing event 7 with 102 hits......
processing event 8 with 103 hits(recalculating grid)......
processing event 9 with 96 hits(recalculating grid)......
processing event 10 with 104 hits(recalculating grid)......
processing event 11 with 101 hits......
processing event 12 with 104 hits......
processing event 13 with 105 hits(recalculating grid)......
processing event 14 with 98 hits(recalculating grid)......
processing event 15 with 100 hits......
processing event 16 with 98 hits......
processing event 17 with 97 hits......
processing event 18 with 102 hits......
processing event 19 with 102 hits(recalculating grid)......
processing event 20 with 106 hits(recalculating grid)......
processing event 21 with 108 hits......
processing event 22 with 116 hits......
processing event 23 with 97 hits......
processing event 24 with 100 hits(recalculating grid)......
processing event 25 with 98 hits......
processing event 26 with 99 hits......
processing event 27 with 100 hits......
processing event 28 with 106 hits......
processing event 29 with 98 hits(recalculating grid)......
processing event 30 with 99 hits(recalculating grid)......
processing event 31 with 102 hits......
processing event 32 with 98 hits(recalculating grid)......
processing event 33 with 94 hits(recalculating grid)......
processing event 34 with 95 hits(recalculating grid)......
processing event 35 with 103 hits......
processing event 36 with 109 hits(recalculating grid)......
processing event 37 with 100 hits(recalculating grid)......
processing event 38 with 103 hits(recalculating grid)......
processing event 39 with 97 hits(recalculating grid)......
processing event 40 with 104 hits(recalculating grid)......
processing event 41 with 95 hits......
processing event 42 with 101 hits(recalculating grid)(recalculating grid)......
processing event 43 with 94 hits(recalculating grid)......
processing event 44 with 102 hits(recalculating grid)(recalculating grid)......
processing event 45 with 94 hits......
processing event 46 with 96 hits(recalculating grid)(recalculating grid)......
processing event 47 with 107 hits......
processing event 48 with 104 hits......
processing event 49 with 103 hits(recalculating grid)......
processing event 50 with 96 hits......
processing event 51 with 97 hits......
processing event 52 with 103 hits......
processing event 53 with 103 hits......
processing event 54 with 104 hits(recalculating grid)......
processing event 55 with 102 hits......
processing event 56 with 94 hits......
processing event 57 with 101 hits......
processing event 58 with 96 hits(recalculating grid)......
processing event 59 with 99 hits(recalculating grid)......
processing event 60 with 94 hits......
processing event 61 with 106 hits......
processing event 62 with 95 hits......
processing event 63 with 95 hits......
processing event 64 with 99 hits......
processing event 65 with 98 hits......
processing event 66 with 104 hits......
processing event 67 with 105 hits......
processing event 68 with 98 hits......
processing event 69 with 95 hits......
processing event 70 with 105 hits......
processing event 71 with 97 hits(recalculating grid)......
processing event 72 with 95 hits......
processing event 73 with 92 hits......
processing event 74 with 100 hits......
processing event 75 with 100 hits......
processing event 76 with 98 hits(recalculating grid)......
processing event 77 with 106 hits(recalculating grid)......
processing event 78 with 94 hits(recalculating grid)......
processing event 79 with 99 hits......
processing event 80 with 103 hits......
processing event 81 with 99 hits......
processing event 82 with 94 hits......
processing event 83 with 91 hits......
processing event 84 with 96 hits......
processing event 85 with 114 hits(recalculating grid)......
processing event 86 with 97 hits(recalculating grid)......
processing event 87 with 96 hits(recalculating grid)(recalculating grid)......
processing event 88 with 100 hits......
processing event 89 with 104 hits(recalculating grid)......
processing event 90 with 97 hits(recalculating grid)(recalculating grid)......
processing event 91 with 106 hits......
processing event 92 with 92 hits......
processing event 93 with 92 hits(recalculating grid)......
processing event 94 with 98 hits......
processing event 95 with 101 hits......
processing event 96 with 103 hits(recalculating grid)......
processing event 97 with 101 hits......
processing event 98 with 97 hits(recalculating grid)(recalculating grid)......
processing event 99 with 102 hits(recalculating grid)......
processing event 100 with 100 hits......
processing event 101 with 103 hits......
processing event 102 with 98 hits......
processing event 103 with 98 hits......
processing event 104 with 93 hits......
processing event 105 with 99 hits(recalculating grid)......
processing event 106 with 101 hits......
processing event 107 with 103 hits......
processing event 108 with 95 hits......
processing event 109 with 104 hits......
processing event 110 with 96 hits(recalculating grid)......
processing event 111 with 100 hits......
processing event 112 with 98 hits......
processing event 113 with 106 hits......
processing event 114 with 104 hits(recalculating grid)(recalculating grid)......
processing event 115 with 110 hits......
processing event 116 with 112 hits......
processing event 117 with 95 hits......
processing event 118 with 94 hits......
processing event 119 with 95 hits......
processing event 120 with 96 hits(recalculating grid)......
processing event 121 with 100 hits(recalculating grid)......
processing event 122 with 93 hits(recalculating grid)......
processing event 123 with 99 hits(recalculating grid)......
processing event 124 with 93 hits......
processing event 125 with 97 hits......
processing event 126 with 95 hits......
processing event 127 with 96 hits......
processing event 128 with 103 hits......
processing event 129 with 110 hits......
processing event 130 with 100 hits......
processing event 131 with 101 hits(recalculating grid)......
processing event 132 with 111 hits......
processing event 133 with 97 hits......
processing event 134 with 93 hits......
processing event 135 with 100 hits......
processing event 136 with 94 hits(recalculating grid)......
processing event 137 with 94 hits......
processing event 138 with 101 hits(recalculating grid)......
processing event 139 with 95 hits(recalculating grid)(recalculating grid)......
processing event 140 with 93 hits......
processing event 141 with 99 hits......
processing event 142 with 106 hits......
processing event 143 with 105 hits......
processing event 144 with 101 hits(recalculating grid)......
processing event 145 with 98 hits(recalculating grid)......
processing event 146 with 95 hits(recalculating grid)......
processing event 147 with 110 hits......
processing event 148 with 93 hits......
processing event 149 with 101 hits......
processing event 150 with 102 hits......
processing event 151 with 114 hits......
processing event 152 with 99 hits......
processing event 153 with 96 hits......
processing event 154 with 106 hits......
processing event 155 with 102 hits......
processing event 156 with 101 hits......
processing event 157 with 99 hits......
processing event 158 with 102 hits(recalculating grid)......
processing event 159 with 110 hits......
processing event 160 with 96 hits......
processing event 161 with 94 hits......
processing event 162 with 92 hits(recalculating grid)(recalculating grid)......
processing event 163 with 94 hits(recalculating grid)(recalculating grid)......
processing event 164 with 99 hits(recalculating grid)......
processing event 165 with 99 hits......
processing event 166 with 111 hits(recalculating grid)......
processing event 167 with 100 hits......
processing event 168 with 99 hits(recalculating grid)......
processing event 169 with 93 hits(recalculating grid)(recalculating grid)......
processing event 170 with 101 hits(recalculating grid)......
processing event 171 with 94 hits......
processing event 172 with 103 hits......
processing event 173 with 98 hits......
processing event 174 with 100 hits......
processing event 175 with 96 hits(recalculating grid)......
processing event 176 with 98 hits(recalculating grid)......
processing event 177 with 98 hits(recalculating grid)......
processing event 178 with 97 hits......
processing event 179 with 97 hits(recalculating grid)......
processing event 180 with 95 hits(recalculating grid)......
processing event 181 with 95 hits......
processing event 182 with 103 hits(recalculating grid)......
processing event 183 with 99 hits(recalculating grid)(recalculating grid)......
processing event 184 with 95 hits......
processing event 185 with 96 hits(recalculating grid)......
processing event 186 with 113 hits......
processing event 187 with 93 hits......
processing event 188 with 94 hits......
processing event 189 with 96 hits......
processing event 190 with 101 hits(recalculating grid)......
processing event 191 with 97 hits......
processing event 192 with 99 hits(recalculating grid)(recalculating grid)......
processing event 193 with 98 hits......
processing event 194 with 93 hits......
processing event 195 with 98 hits......
processing event 196 with 93 hits......
processing event 197 with 103 hits......
processing event 198 with 93 hits......
processing event 199 with 95 hits(recalculating grid)......
processing event 200 with 119 hits......
processing event 201 with 102 hits(recalculating grid)......
processing event 202 with 94 hits......
processing event 203 with 96 hits......
processing event 204 with 99 hits......
processing event 205 with 101 hits(recalculating grid)......
processing event 206 with 93 hits(recalculating grid)......
processing event 207 with 94 hits......
processing event 208 with 93 hits(recalculating grid)(recalculating grid)......
processing event 209 with 97 hits......
processing event 210 with 96 hits......
processing event 211 with 93 hits......
processing event 212 with 99 hits......
processing event 213 with 93 hits(recalculating grid)......
processing event 214 with 106 hits......
processing event 215 with 97 hits......
processing event 216 with 99 hits......
processing event 217 with 93 hits(recalculating grid)......
processing event 218 with 105 hits......
processing event 219 with 95 hits(recalculating grid)......
processing event 220 with 101 hits......
processing event 221 with 95 hits(recalculating grid)(recalculating grid)......
processing event 222 with 95 hits(recalculating grid)......
processing event 223 with 100 hits(recalculating grid)......
processing event 224 with 96 hits......
processing event 225 with 101 hits(recalculating grid)......
processing event 226 with 113 hits......
processing event 227 with 100 hits......
processing event 228 with 97 hits......
processing event 229 with 100 hits......
processing event 230 with 98 hits(recalculating grid)......
processing event 231 with 97 hits(recalculating grid)......
processing event 232 with 94 hits......
processing event 233 with 95 hits(recalculating grid)......
processing event 234 with 97 hits......
processing event 235 with 98 hits(recalculating grid)......
processing event 236 with 103 hits......
processing event 237 with 107 hits......
processing event 238 with 97 hits(recalculating grid)......
processing event 239 with 97 hits(recalculating grid)......
processing event 240 with 96 hits......
processing event 241 with 96 hits(recalculating grid)......
processing event 242 with 96 hits(recalculating grid)......
processing event 243 with 94 hits......
processing event 244 with 103 hits(recalculating grid)......
processing event 245 with 96 hits......
processing event 246 with 93 hits(recalculating grid)......
processing event 247 with 105 hits......
processing event 248 with 106 hits(recalculating grid)......
processing event 249 with 99 hits(recalculating grid)......
processing event 250 with 97 hits......
processing event 251 with 100 hits......
processing event 252 with 93 hits......
processing event 253 with 97 hits......
processing event 254 with 99 hits......
processing event 255 with 97 hits(recalculating grid)......
processing event 256 with 92 hits(recalculating grid)......
processing event 257 with 95 hits......
processing event 258 with 103 hits......
processing event 259 with 98 hits(recalculating grid)......
processing event 260 with 97 hits......
processing event 261 with 99 hits......
processing event 262 with 100 hits(recalculating grid)......
processing event 263 with 103 hits......
processing event 264 with 104 hits......
processing event 265 with 96 hits......
processing event 266 with 96 hits......
processing event 267 with 100 hits......
processing event 268 with 106 hits......
processing event 269 with 95 hits(recalculating grid)......
processing event 270 with 94 hits......
processing event 271 with 95 hits......
processing event 272 with 97 hits(recalculating grid)......
processing event 273 with 101 hits......
processing event 274 with 97 hits......
processing event 275 with 97 hits......
processing event 276 with 92 hits......
processing event 277 with 109 hits(recalculating grid)......
processing event 278 with 100 hits(recalculating grid)......
processing event 279 with 96 hits......
processing event 280 with 96 hits......
processing event 281 with 110 hits......
processing event 282 with 94 hits......
processing event 283 with 93 hits(recalculating grid)......
processing event 284 with 95 hits......
processing event 285 with 97 hits(recalculating grid)......
processing event 286 with 108 hits......
processing event 287 with 105 hits......
processing event 288 with 97 hits......
processing event 289 with 98 hits......
processing event 290 with 94 hits(recalculating grid)......
processing event 291 with 95 hits......
processing event 292 with 101 hits......
processing event 293 with 102 hits(recalculating grid)......
processing event 294 with 100 hits(recalculating grid)......
processing event 295 with 110 hits......
processing event 296 with 103 hits......
processing event 297 with 107 hits(recalculating grid)......
processing event 298 with 95 hits......
processing event 299 with 96 hits......
processing event 300 with 98 hits......
processing event 301 with 101 hits(recalculating grid)......
processing event 302 with 98 hits(recalculating grid)......
processing event 303 with 100 hits......
processing event 304 with 95 hits......
processing event 305 with 97 hits(recalculating grid)......
processing event 306 with 106 hits......
processing event 307 with 98 hits......
processing event 308 with 97 hits......
processing event 309 with 101 hits......
processing event 310 with 102 hits(recalculating grid)......
processing event 311 with 103 hits......
processing event 312 with 104 hits......
processing event 313 with 92 hits(recalculating grid)(recalculating grid)......
processing event 314 with 95 hits(recalculating grid)......
processing event 315 with 95 hits(recalculating grid)......
processing event 316 with 99 hits......
processing event 317 with 96 hits(recalculating grid)(recalculating grid)......
processing event 318 with 103 hits......
processing event 319 with 111 hits(recalculating grid)......
processing event 320 with 95 hits......
processing event 321 with 96 hits......
processing event 322 with 101 hits(recalculating grid)......
processing event 323 with 96 hits(recalculating grid)(recalculating grid)......
processing event 324 with 95 hits......
processing event 325 with 96 hits......
processing event 326 with 97 hits(recalculating grid)......
processing event 327 with 104 hits......
processing event 328 with 96 hits......
processing event 329 with 97 hits(recalculating grid)(recalculating grid)......
processing event 330 with 95 hits......
processing event 331 with 108 hits(recalculating grid)......
processing event 332 with 92 hits......
processing event 333 with 95 hits......
processing event 334 with 101 hits......
processing event 335 with 99 hits......
processing event 336 with 97 hits......
processing event 337 with 96 hits(recalculating grid)(recalculating grid)......
processing event 338 with 100 hits......
processing event 339 with 96 hits(recalculating grid)......
processing event 340 with 95 hits......
processing event 341 with 96 hits......
processing event 342 with 96 hits......
processing event 343 with 98 hits(recalculating grid)......
processing event 344 with 96 hits(recalculating grid)......
processing event 345 with 96 hits(recalculating grid)(recalculating grid)......
processing event 346 with 105 hits......
processing event 347 with 101 hits......
processing event 348 with 102 hits(recalculating grid)......
processing event 349 with 101 hits(recalculating grid)(recalculating grid)......
processing event 350 with 93 hits(recalculating grid)......
processing event 351 with 97 hits......
processing event 352 with 99 hits......
processing event 353 with 98 hits(recalculating grid)......
processing event 354 with 114 hits(recalculating grid)......
processing event 355 with 104 hits......
processing event 356 with 94 hits(recalculating grid)......
processing event 357 with 97 hits......
processing event 358 with 95 hits......
processing event 359 with 98 hits......
processing event 360 with 94 hits(recalculating grid)......
processing event 361 with 108 hits......
processing event 362 with 103 hits(recalculating grid)......
processing event 363 with 96 hits......
processing event 364 with 100 hits(recalculating grid)(recalculating grid)......
processing event 365 with 96 hits......
processing event 366 with 101 hits(recalculating grid)(recalculating grid)......
processing event 367 with 96 hits......
processing event 368 with 99 hits......
processing event 369 with 102 hits......
processing event 370 with 106 hits......
processing event 371 with 109 hits......
processing event 372 with 91 hits(recalculating grid)(recalculating grid)......
processing event 373 with 96 hits(recalculating grid)......
processing event 374 with 103 hits......
processing event 375 with 102 hits......
processing event 376 with 107 hits......
processing event 377 with 95 hits(recalculating grid)......
processing event 378 with 100 hits......
processing event 379 with 93 hits(recalculating grid)......
processing event 380 with 96 hits(recalculating grid)......
processing event 381 with 103 hits(recalculating grid)......
processing event 382 with 97 hits......
processing event 383 with 101 hits......
processing event 384 with 100 hits(recalculating grid)......
processing event 385 with 97 hits(recalculating grid)......
processing event 386 with 101 hits......
processing event 387 with 94 hits......
processing event 388 with 93 hits......
processing event 389 with 100 hits(recalculating grid)......
processing event 390 with 99 hits......
processing event 391 with 96 hits......
processing event 392 with 93 hits(recalculating grid)......
processing event 393 with 95 hits(recalculating grid)(recalculating grid)......
processing event 394 with 99 hits......
processing event 395 with 95 hits......
processing event 396 with 100 hits(recalculating grid)......
processing event 397 with 103 hits(recalculating grid)......
processing event 398 with 97 hits(recalculating grid)......
processing event 399 with 100 hits......
processing event 400 with 96 hits(recalculating grid)......
processing event 401 with 97 hits(recalculating grid)......
processing event 402 with 96 hits......
processing event 403 with 107 hits(recalculating grid)......
processing event 404 with 101 hits......
processing event 405 with 110 hits......
processing event 406 with 94 hits(recalculating grid)(recalculating grid)......
processing event 407 with 97 hits......
processing event 408 with 93 hits(recalculating grid)(recalculating grid)......
processing event 409 with 101 hits(recalculating grid)......
processing event 410 with 97 hits(recalculating grid)......
processing event 411 with 114 hits......
processing event 412 with 95 hits......
processing event 413 with 93 hits......
processing event 414 with 101 hits......
processing event 415 with 103 hits(recalculating grid)......
processing event 416 with 91 hits......
processing event 417 with 92 hits......
processing event 418 with 99 hits(recalculating grid)......
processing event 419 with 121 hits......
processing event 420 with 92 hits(recalculating grid)......
processing event 421 with 93 hits(recalculating grid)......
processing event 422 with 96 hits(recalculating grid)......
processing event 423 with 97 hits(recalculating grid)......
processing event 424 with 97 hits(recalculating grid)......
processing event 425 with 93 hits(recalculating grid)......
processing event 426 with 99 hits(recalculating grid)......
processing event 427 with 96 hits......
processing event 428 with 96 hits......
processing event 429 with 99 hits......
processing event 430 with 105 hits......
processing event 431 with 108 hits(recalculating grid)......
processing event 432 with 102 hits......
processing event 433 with 100 hits(recalculating grid)......
processing event 434 with 98 hits(recalculating grid)......
processing event 435 with 99 hits(recalculating grid)(recalculating grid)......
processing event 436 with 101 hits(recalculating grid)......
processing event 437 with 96 hits......
processing event 438 with 95 hits......
processing event 439 with 103 hits......
processing event 440 with 92 hits(recalculating grid)......
processing event 441 with 105 hits......
processing event 442 with 93 hits(recalculating grid)......
processing event 443 with 102 hits......
processing event 444 with 97 hits......
processing event 445 with 95 hits(recalculating grid)(recalculating grid)......
processing event 446 with 101 hits(recalculating grid)......
processing event 447 with 92 hits(recalculating grid)(recalculating grid)......
processing event 448 with 99 hits(recalculating grid)......
processing event 449 with 103 hits(recalculating grid)......
processing event 450 with 98 hits(recalculating grid)......
processing event 451 with 106 hits......
processing event 452 with 99 hits(recalculating grid)......
processing event 453 with 97 hits......
processing event 454 with 100 hits......
processing event 455 with 104 hits(recalculating grid)(recalculating grid)......
processing event 456 with 95 hits......
processing event 457 with 101 hits......
processing event 458 with 101 hits......
processing event 459 with 98 hits......
processing event 460 with 99 hits(recalculating grid)......
processing event 461 with 95 hits......
processing event 462 with 96 hits......
processing event 463 with 96 hits......
processing event 464 with 98 hits(recalculating grid)......
processing event 465 with 93 hits(recalculating grid)......
processing event 466 with 92 hits(recalculating grid)(recalculating grid)......
processing event 467 with 116 hits......
processing event 468 with 99 hits......
processing event 469 with 113 hits......
processing event 470 with 101 hits(recalculating grid)......
processing event 471 with 98 hits(recalculating grid)......
processing event 472 with 96 hits......
processing event 473 with 99 hits(recalculating grid)......
processing event 474 with 98 hits......
processing event 475 with 147 hits......
processing event 476 with 124 hits(recalculating grid)......
processing event 477 with 95 hits......
processing event 478 with 100 hits......
processing event 479 with 112 hits(recalculating grid)......
processing event 480 with 96 hits......
processing event 481 with 103 hits......
processing event 482 with 97 hits(recalculating grid)......
processing event 483 with 102 hits......
processing event 484 with 96 hits......
processing event 485 with 95 hits(recalculating grid)......
processing event 486 with 120 hits......
processing event 487 with 92 hits(recalculating grid)......
processing event 488 with 97 hits(recalculating grid)......
processing event 489 with 96 hits......
processing event 490 with 94 hits(recalculating grid)......
processing event 491 with 106 hits(recalculating grid)......
processing event 492 with 107 hits......
processing event 493 with 100 hits......
processing event 494 with 95 hits(recalculating grid)......
processing event 495 with 93 hits(recalculating grid)......
processing event 496 with 95 hits......
processing event 497 with 116 hits......
processing event 498 with 95 hits......
processing event 499 with 106 hits......
processing event 500 with 96 hits......
processing event 501 with 102 hits(recalculating grid)......
processing event 502 with 106 hits......
processing event 503 with 122 hits(recalculating grid)......
processing event 504 with 97 hits......
processing event 505 with 100 hits......
processing event 506 with 95 hits(recalculating grid)......
processing event 507 with 100 hits......
processing event 508 with 101 hits......
processing event 509 with 92 hits......
processing event 510 with 94 hits(recalculating grid)......
processing event 511 with 105 hits(recalculating grid)......
processing event 512 with 100 hits......
processing event 513 with 95 hits......
processing event 514 with 103 hits......
processing event 515 with 95 hits(recalculating grid)......
processing event 516 with 95 hits......
processing event 517 with 105 hits(recalculating grid)......
processing event 518 with 103 hits(recalculating grid)......
processing event 519 with 100 hits(recalculating grid)......
processing event 520 with 97 hits......
processing event 521 with 98 hits(recalculating grid)......
processing event 522 with 107 hits(recalculating grid)......
processing event 523 with 95 hits......
processing event 524 with 99 hits......
processing event 525 with 105 hits......
processing event 526 with 93 hits(recalculating grid)(recalculating grid)......
processing event 527 with 99 hits......
processing event 528 with 98 hits......
processing event 529 with 102 hits(recalculating grid)......
processing event 530 with 97 hits......
processing event 531 with 101 hits......
processing event 532 with 99 hits......
processing event 533 with 95 hits(recalculating grid)......
processing event 534 with 93 hits(recalculating grid)......
processing event 535 with 102 hits......
processing event 536 with 100 hits......
processing event 537 with 96 hits......
processing event 538 with 95 hits......
processing event 539 with 96 hits(recalculating grid)......
processing event 540 with 103 hits(recalculating grid)......
processing event 541 with 97 hits......
processing event 542 with 104 hits(recalculating grid)......
processing event 543 with 106 hits......
processing event 544 with 101 hits......
processing event 545 with 92 hits......
processing event 546 with 98 hits......
processing event 547 with 94 hits......
processing event 548 with 95 hits......
processing event 549 with 106 hits(recalculating grid)......
processing event 550 with 99 hits......
processing event 551 with 104 hits......
processing event 552 with 92 hits(recalculating grid)......
processing event 553 with 96 hits(recalculating grid)......
processing event 554 with 96 hits......
processing event 555 with 100 hits(recalculating grid)......
processing event 556 with 104 hits......
processing event 557 with 93 hits(recalculating grid)(recalculating grid)......
processing event 558 with 99 hits(recalculating grid)......
processing event 559 with 117 hits......
processing event 560 with 102 hits......
processing event 561 with 97 hits......
processing event 562 with 114 hits......
processing event 563 with 101 hits......
processing event 564 with 103 hits(recalculating grid)......
processing event 565 with 99 hits......
processing event 566 with 93 hits(recalculating grid)......
processing event 567 with 100 hits(recalculating grid)......
processing event 568 with 97 hits......
processing event 569 with 98 hits(recalculating grid)......
processing event 570 with 97 hits......
processing event 571 with 100 hits......
processing event 572 with 100 hits......
processing event 573 with 102 hits......
processing event 574 with 96 hits......
processing event 575 with 97 hits......
processing event 576 with 96 hits(recalculating grid)......
processing event 577 with 98 hits......
processing event 578 with 96 hits......
processing event 579 with 97 hits(recalculating grid)......
processing event 580 with 100 hits(recalculating grid)......
processing event 581 with 108 hits......
processing event 582 with 95 hits(recalculating grid)......
processing event 583 with 97 hits(recalculating grid)......
processing event 584 with 106 hits......
processing event 585 with 100 hits(recalculating grid)......
processing event 586 with 112 hits(recalculating grid)......
processing event 587 with 93 hits......
processing event 588 with 97 hits......
processing event 589 with 106 hits(recalculating grid)(recalculating grid)......
processing event 590 with 96 hits......
processing event 591 with 103 hits(recalculating grid)......
processing event 592 with 99 hits......
processing event 593 with 95 hits(recalculating grid)......
processing event 594 with 112 hits(recalculating grid)......
processing event 595 with 97 hits......
processing event 596 with 94 hits(recalculating grid)......
processing event 597 with 95 hits......
processing event 598 with 94 hits(recalculating grid)......
processing event 599 with 111 hits(recalculating grid)......
processing event 600 with 95 hits......
processing event 601 with 94 hits......
processing event 602 with 102 hits......
processing event 603 with 99 hits......
processing event 604 with 100 hits......
processing event 605 with 104 hits(recalculating grid)......
processing event 606 with 98 hits......
processing event 607 with 100 hits(recalculating grid)......
processing event 608 with 102 hits......
processing event 609 with 98 hits......
processing event 610 with 94 hits......
processing event 611 with 96 hits......
processing event 612 with 103 hits......
processing event 613 with 92 hits(recalculating grid)(recalculating grid)......
processing event 614 with 101 hits......
processing event 615 with 102 hits......
processing event 616 with 103 hits......
processing event 617 with 102 hits......
processing event 618 with 100 hits(recalculating grid)......
processing event 619 with 96 hits......
processing event 620 with 97 hits......
processing event 621 with 101 hits(recalculating grid)(recalculating grid)......
processing event 622 with 98 hits(recalculating grid)......
processing event 623 with 102 hits......
processing event 624 with 97 hits(recalculating grid)......
processing event 625 with 97 hits(recalculating grid)......
processing event 626 with 94 hits......
processing event 627 with 95 hits......
processing event 628 with 94 hits......
processing event 629 with 96 hits......
processing event 630 with 96 hits(recalculating grid)......
processing event 631 with 104 hits(recalculating grid)......
processing event 632 with 98 hits......
processing event 633 with 100 hits(recalculating grid)......
processing event 634 with 106 hits(recalculating grid)(recalculating grid)......
processing event 635 with 97 hits......
processing event 636 with 104 hits......
processing event 637 with 100 hits......
processing event 638 with 91 hits(recalculating grid)(recalculating grid)......
processing event 639 with 104 hits(recalculating grid)......
processing event 640 with 104 hits......
processing event 641 with 99 hits(recalculating grid)......
processing event 642 with 98 hits......
processing event 643 with 97 hits(recalculating grid)......
processing event 644 with 91 hits......
processing event 645 with 103 hits......
processing event 646 with 101 hits(recalculating grid)......
processing event 647 with 100 hits(recalculating grid)......
processing event 648 with 94 hits......
processing event 649 with 98 hits......
processing event 650 with 103 hits(recalculating grid)......
processing event 651 with 103 hits......
processing event 652 with 96 hits......
processing event 653 with 98 hits(recalculating grid)......
processing event 654 with 105 hits(recalculating grid)......
processing event 655 with 99 hits(recalculating grid)......
processing event 656 with 100 hits......
processing event 657 with 99 hits(recalculating grid)......
processing event 658 with 98 hits(recalculating grid)......
processing event 659 with 95 hits......
processing event 660 with 98 hits......
processing event 661 with 111 hits......
processing event 662 with 99 hits(recalculating grid)......
processing event 663 with 98 hits......
processing event 664 with 111 hits......
processing event 665 with 92 hits......
processing event 666 with 105 hits......
processing event 667 with 98 hits......
processing event 668 with 96 hits......
processing event 669 with 100 hits......
processing event 670 with 99 hits(recalculating grid)......
processing event 671 with 97 hits(recalculating grid)......
processing event 672 with 114 hits(recalculating grid)......
processing event 673 with 95 hits......
processing event 674 with 92 hits......
processing event 675 with 95 hits(recalculating grid)......
processing event 676 with 99 hits......
processing event 677 with 97 hits......
processing event 678 with 104 hits......
processing event 679 with 91 hits......
processing event 680 with 92 hits......
processing event 681 with 97 hits......
processing event 682 with 94 hits(recalculating grid)......
processing event 683 with 102 hits(recalculating grid)......
processing event 684 with 102 hits......
processing event 685 with 96 hits......
processing event 686 with 97 hits......
processing event 687 with 103 hits(recalculating grid)......
processing event 688 with 94 hits......
processing event 689 with 96 hits......
processing event 690 with 103 hits......
processing event 691 with 94 hits......
processing event 692 with 95 hits(recalculating grid)......
processing event 693 with 106 hits......
processing event 694 with 96 hits(recalculating grid)......
processing event 695 with 93 hits......
processing event 696 with 107 hits(recalculating grid)......
processing event 697 with 95 hits(recalculating grid)......
processing event 698 with 107 hits......
processing event 699 with 96 hits......
processing event 700 with 106 hits......
processing event 701 with 95 hits......
processing event 702 with 96 hits......
processing event 703 with 107 hits......
processing event 704 with 72 hits(recalculating grid)(recalculating grid)(recalculating grid)......
processing event 705 with 91 hits(recalculating grid)(recalculating grid)......
processing event 706 with 100 hits......
processing event 707 with 100 hits......
processing event 708 with 99 hits......
processing event 709 with 101 hits......
processing event 710 with 99 hits......
processing event 711 with 96 hits(recalculating grid)......
processing event 712 with 94 hits......
processing event 713 with 100 hits(recalculating grid)......
processing event 714 with 99 hits(recalculating grid)......
processing event 715 with 102 hits(recalculating grid)......
processing event 716 with 100 hits......
processing event 717 with 105 hits......
processing event 718 with 101 hits......
processing event 719 with 105 hits......
processing event 720 with 102 hits......
processing event 721 with 101 hits......
processing event 722 with 96 hits......
processing event 723 with 100 hits......
processing event 724 with 102 hits......
processing event 725 with 101 hits......
processing event 726 with 93 hits......
processing event 727 with 99 hits......
processing event 728 with 105 hits......
processing event 729 with 104 hits(recalculating grid)......
processing event 730 with 92 hits......
processing event 731 with 97 hits......
processing event 732 with 98 hits(recalculating grid)......
processing event 733 with 110 hits(recalculating grid)......
processing event 734 with 93 hits......
processing event 735 with 97 hits(recalculating grid)......
processing event 736 with 98 hits......
processing event 737 with 96 hits......
processing event 738 with 96 hits......
processing event 739 with 97 hits(recalculating grid)(recalculating grid)......
processing event 740 with 94 hits......
processing event 741 with 101 hits......
processing event 742 with 107 hits(recalculating grid)......
processing event 743 with 96 hits......
processing event 744 with 93 hits(recalculating grid)......
processing event 745 with 94 hits......
processing event 746 with 99 hits......
processing event 747 with 96 hits......
processing event 748 with 96 hits......
processing event 749 with 95 hits(recalculating grid)(recalculating grid)......
processing event 750 with 96 hits......
processing event 751 with 94 hits(recalculating grid)(recalculating grid)......
processing event 752 with 101 hits......
processing event 753 with 99 hits......
processing event 754 with 98 hits(recalculating grid)......
processing event 755 with 99 hits......
processing event 756 with 96 hits(recalculating grid)......
processing event 757 with 104 hits......
processing event 758 with 103 hits......
processing event 759 with 105 hits(recalculating grid)(recalculating grid)......
processing event 760 with 94 hits(recalculating grid)......
processing event 761 with 94 hits......
processing event 762 with 110 hits(recalculating grid)......
processing event 763 with 95 hits......
processing event 764 with 102 hits(recalculating grid)......
processing event 765 with 99 hits(recalculating grid)......
processing event 766 with 98 hits(recalculating grid)......
processing event 767 with 97 hits......
processing event 768 with 95 hits......
processing event 769 with 95 hits......
processing event 770 with 99 hits......
processing event 771 with 101 hits......
processing event 772 with 98 hits......
processing event 773 with 96 hits......
processing event 774 with 99 hits(recalculating grid)(recalculating grid)......
processing event 775 with 120 hits......
processing event 776 with 95 hits(recalculating grid)......
processing event 777 with 99 hits......
processing event 778 with 102 hits(recalculating grid)......
processing event 779 with 102 hits......
processing event 780 with 101 hits......
processing event 781 with 92 hits(recalculating grid)......
processing event 782 with 102 hits(recalculating grid)......
processing event 783 with 94 hits......
processing event 784 with 103 hits......
processing event 785 with 103 hits(recalculating grid)......
processing event 786 with 104 hits(recalculating grid)......
processing event 787 with 99 hits......
processing event 788 with 93 hits(recalculating grid)......
processing event 789 with 97 hits......
processing event 790 with 99 hits(recalculating grid)......
processing event 791 with 102 hits(recalculating grid)......
processing event 792 with 99 hits......
processing event 793 with 92 hits......
processing event 794 with 98 hits......
processing event 795 with 94 hits(recalculating grid)......
processing event 796 with 96 hits......
processing event 797 with 96 hits(recalculating grid)(recalculating grid)......
processing event 798 with 97 hits(recalculating grid)......
processing event 799 with 98 hits......
processing event 800 with 98 hits......
processing event 801 with 97 hits(recalculating grid)......
processing event 802 with 108 hits......
processing event 803 with 98 hits......
processing event 804 with 100 hits(recalculating grid)......
processing event 805 with 100 hits......
processing event 806 with 105 hits......
processing event 807 with 94 hits......
processing event 808 with 104 hits......
processing event 809 with 105 hits......
processing event 810 with 100 hits......
processing event 811 with 103 hits(recalculating grid)......
processing event 812 with 110 hits......
processing event 813 with 102 hits......
processing event 814 with 103 hits(recalculating grid)......
processing event 815 with 96 hits(recalculating grid)......
processing event 816 with 94 hits......
processing event 817 with 95 hits(recalculating grid)(recalculating grid)......
processing event 818 with 98 hits......
processing event 819 with 98 hits(recalculating grid)......
processing event 820 with 99 hits......
processing event 821 with 99 hits......
processing event 822 with 99 hits(recalculating grid)......
processing event 823 with 115 hits......
processing event 824 with 99 hits(recalculating grid)......
processing event 825 with 104 hits......
processing event 826 with 98 hits......
processing event 827 with 95 hits......
processing event 828 with 105 hits(recalculating grid)......
processing event 829 with 99 hits(recalculating grid)......
processing event 830 with 110 hits......
processing event 831 with 98 hits(recalculating grid)......
processing event 832 with 97 hits(recalculating grid)......
processing event 833 with 103 hits......
processing event 834 with 100 hits(recalculating grid)......
processing event 835 with 97 hits......
processing event 836 with 96 hits......
processing event 837 with 95 hits(recalculating grid)......
processing event 838 with 98 hits......
processing event 839 with 103 hits......
processing event 840 with 105 hits......
processing event 841 with 94 hits......
processing event 842 with 100 hits(recalculating grid)......
processing event 843 with 104 hits......
processing event 844 with 110 hits(recalculating grid)......
processing event 845 with 98 hits(recalculating grid)......
processing event 846 with 100 hits......
processing event 847 with 100 hits......
processing event 848 with 109 hits......
processing event 849 with 110 hits......
processing event 850 with 94 hits......
processing event 851 with 99 hits......
processing event 852 with 96 hits......
processing event 853 with 102 hits......
processing event 854 with 92 hits......
processing event 855 with 95 hits(recalculating grid)......
processing event 856 with 101 hits(recalculating grid)(recalculating grid)......
processing event 857 with 91 hits......
processing event 858 with 95 hits......
processing event 859 with 102 hits......
processing event 860 with 100 hits......
processing event 861 with 100 hits(recalculating grid)......
processing event 862 with 105 hits......
processing event 863 with 99 hits......
processing event 864 with 103 hits......
processing event 865 with 117 hits......
processing event 866 with 95 hits(recalculating grid)(recalculating grid)......
processing event 867 with 95 hits(recalculating grid)(recalculating grid)......
processing event 868 with 97 hits......
processing event 869 with 93 hits(recalculating grid)......
processing event 870 with 98 hits......
processing event 871 with 94 hits......
processing event 872 with 102 hits......
processing event 873 with 94 hits......
processing event 874 with 100 hits......
processing event 875 with 99 hits......
processing event 876 with 110 hits(recalculating grid)......
processing event 877 with 94 hits(recalculating grid)......
processing event 878 with 97 hits......
processing event 879 with 97 hits(recalculating grid)......
processing event 880 with 98 hits......
processing event 881 with 104 hits......
processing event 882 with 95 hits(recalculating grid)......
processing event 883 with 98 hits(recalculating grid)......
processing event 884 with 99 hits......
processing event 885 with 105 hits......
processing event 886 with 98 hits......
processing event 887 with 99 hits......
processing event 888 with 99 hits(recalculating grid)......
processing event 889 with 94 hits(recalculating grid)......
processing event 890 with 97 hits(recalculating grid)(recalculating grid)......
processing event 891 with 102 hits(recalculating grid)(recalculating grid)......
processing event 892 with 102 hits......
processing event 893 with 94 hits(recalculating grid)(recalculating grid)......
processing event 894 with 107 hits(recalculating grid)......
processing event 895 with 95 hits(recalculating grid)......
processing event 896 with 93 hits(recalculating grid)......
processing event 897 with 100 hits......
processing event 898 with 96 hits......
processing event 899 with 108 hits......
processing event 900 with 98 hits......
processing event 901 with 97 hits(recalculating grid)......
processing event 902 with 103 hits......
processing event 903 with 103 hits......
processing event 904 with 107 hits......
processing event 905 with 97 hits......
processing event 906 with 101 hits......
processing event 907 with 97 hits......
processing event 908 with 98 hits......
processing event 909 with 100 hits(recalculating grid)......
processing event 910 with 97 hits(recalculating grid)......
processing event 911 with 99 hits......
processing event 912 with 97 hits(recalculating grid)......
processing event 913 with 94 hits......
processing event 914 with 104 hits......
processing event 915 with 97 hits(recalculating grid)......
processing event 916 with 111 hits(recalculating grid)......
processing event 917 with 101 hits......
processing event 918 with 128 hits......
processing event 919 with 93 hits......
processing event 920 with 96 hits(recalculating grid)......
processing event 921 with 92 hits......
processing event 922 with 104 hits(recalculating grid)......
processing event 923 with 97 hits......
processing event 924 with 99 hits......
processing event 925 with 103 hits......
processing event 926 with 106 hits......
processing event 927 with 97 hits(recalculating grid)......
processing event 928 with 95 hits(recalculating grid)......
processing event 929 with 107 hits(recalculating grid)......
processing event 930 with 103 hits......
processing event 931 with 94 hits(recalculating grid)......
processing event 932 with 106 hits(recalculating grid)......
processing event 933 with 97 hits......
processing event 934 with 95 hits(recalculating grid)......
processing event 935 with 95 hits(recalculating grid)......
processing event 936 with 100 hits(recalculating grid)......
processing event 937 with 101 hits(recalculating grid)......
processing event 938 with 93 hits(recalculating grid)......
processing event 939 with 99 hits......
processing event 940 with 105 hits......
processing event 941 with 98 hits(recalculating grid)......
processing event 942 with 106 hits......
processing event 943 with 112 hits......
processing event 944 with 101 hits......
processing event 945 with 104 hits(recalculating grid)(recalculating grid)......
processing event 946 with 96 hits(recalculating grid)......
processing event 947 with 97 hits......
processing event 948 with 97 hits(recalculating grid)......
processing event 949 with 101 hits......
processing event 950 with 98 hits(recalculating grid)......
processing event 951 with 102 hits......
processing event 952 with 90 hits(recalculating grid)......
processing event 953 with 112 hits......
processing event 954 with 95 hits......
processing event 955 with 92 hits(recalculating grid)......
processing event 956 with 101 hits(recalculating grid)(recalculating grid)......
processing event 957 with 92 hits......
processing event 958 with 111 hits......
processing event 959 with 97 hits(recalculating grid)......
processing event 960 with 91 hits......
processing event 961 with 98 hits......
processing event 962 with 96 hits......
processing event 963 with 97 hits......
processing event 964 with 107 hits(recalculating grid)......
processing event 965 with 101 hits......
processing event 966 with 94 hits(recalculating grid)......
processing event 967 with 103 hits(recalculating grid)......
processing event 968 with 93 hits(recalculating grid)......
processing event 969 with 96 hits......
processing event 970 with 92 hits......
processing event 971 with 98 hits......
processing event 972 with 104 hits......
processing event 973 with 99 hits(recalculating grid)......
processing event 974 with 101 hits(recalculating grid)......
processing event 975 with 113 hits......
processing event 976 with 102 hits......
processing event 977 with 118 hits......
processing event 978 with 95 hits(recalculating grid)......
processing event 979 with 103 hits(recalculating grid)......
processing event 980 with 113 hits......
processing event 981 with 102 hits(recalculating grid)......
processing event 982 with 103 hits......
processing event 983 with 96 hits......
processing event 984 with 102 hits......
processing event 985 with 98 hits(recalculating grid)......
processing event 986 with 98 hits......
processing event 987 with 92 hits......
processing event 988 with 97 hits(recalculating grid)......
processing event 989 with 106 hits......
processing event 990 with 99 hits......
processing event 991 with 110 hits......
processing event 992 with 101 hits......
processing event 993 with 94 hits......
processing event 994 with 100 hits(recalculating grid)......
processing event 995 with 97 hits......
processing event 996 with 95 hits(recalculating grid)......
processing event 997 with 93 hits......
processing event 998 with 99 hits......
processing event 999 with 109 hits......
processing event 1000 with 105 hits......
