processing event 1 with 57 hits......
processing event 2 with 14 hits......
processing event 3 with 29 hits......
no points to load at event 4!
processing event 5 with 18 hits......
processing event 6 with 15 hits......
processing event 7 with 17 hits......
processing event 8 with 15 hits......
processing event 9 with 18 hits(recalculating grid)......
processing event 10 with 13 hits......
processing event 11 with 50 hits......
processing event 12 with 27 hits......
processing event 13 with 24 hits......
processing event 14 with 31 hits(recalculating grid)......
processing event 15 with 20 hits......
processing event 16 with 18 hits......
processing event 17 with 23 hits(recalculating grid)(recalculating grid)......
no points to load at event 18!
processing event 19 with 51 hits......
processing event 20 with 46 hits......
processing event 21 with 31 hits......
processing event 22 with 42 hits(recalculating grid)......
processing event 23 with 17 hits......
processing event 24 with 23 hits......
processing event 25 with 21 hits(recalculating grid)......
processing event 26 with 43 hits......
processing event 27 with 16 hits......
processing event 28 with 10 hits(recalculating grid)(recalculating grid)......
processing event 29 with 21 hits......
processing event 30 with 23 hits......
no points to load at event 31!
processing event 32 with 29 hits......
processing event 33 with 24 hits......
processing event 34 with 50 hits(recalculating grid)......
processing event 35 with 21 hits......
processing event 36 with 15 hits......
processing event 37 with 17 hits......
processing event 38 with 25 hits(recalculating grid)......
processing event 39 with 44 hits......
processing event 40 with 56 hits......
no points to load at event 41!
processing event 42 with 10 hits(recalculating grid)......
processing event 43 with 13 hits......
no points to load at event 44!
processing event 45 with 33 hits(recalculating grid)(recalculating grid)......
processing event 46 with 20 hits......
no points to load at event 47!
no points to load at event 48!
processing event 49 with 40 hits......
no points to load at event 50!
no points to load at event 51!
processing event 52 with 21 hits......
processing event 53 with 19 hits......
processing event 54 with 13 hits......
processing event 55 with 24 hits......
processing event 56 with 24 hits......
processing event 57 with 24 hits......
no points to load at event 58!
processing event 59 with 21 hits......
processing event 60 with 41 hits......
processing event 61 with 33 hits......
processing event 62 with 36 hits......
processing event 63 with 48 hits......
no points to load at event 64!
processing event 65 with 26 hits......
no points to load at event 66!
no points to load at event 67!
processing event 68 with 26 hits......
processing event 69 with 12 hits(recalculating grid)......
processing event 70 with 45 hits......
processing event 71 with 32 hits......
no points to load at event 72!
processing event 73 with 27 hits......
processing event 74 with 10 hits(recalculating grid)......
processing event 75 with 26 hits......
processing event 76 with 24 hits......
processing event 77 with 11 hits(recalculating grid)......
processing event 78 with 16 hits......
processing event 79 with 24 hits(recalculating grid)......
no points to load at event 80!
processing event 81 with 19 hits......
processing event 82 with 75 hits......
processing event 83 with 55 hits......
processing event 84 with 37 hits......
processing event 85 with 47 hits......
processing event 86 with 14 hits(recalculating grid)......
processing event 87 with 18 hits......
no points to load at event 88!
no points to load at event 89!
processing event 90 with 11 hits......
processing event 91 with 16 hits(recalculating grid)......
processing event 92 with 15 hits......
processing event 93 with 44 hits......
processing event 94 with 12 hits......
processing event 95 with 15 hits......
processing event 96 with 36 hits......
processing event 97 with 38 hits(recalculating grid)......
processing event 98 with 22 hits......
processing event 99 with 35 hits......
processing event 100 with 35 hits......
processing event 101 with 14 hits......
processing event 102 with 16 hits......
no points to load at event 103!
processing event 104 with 28 hits......
no points to load at event 105!
no points to load at event 106!
no points to load at event 107!
processing event 108 with 28 hits......
processing event 109 with 29 hits......
processing event 110 with 26 hits......
processing event 111 with 38 hits......
processing event 112 with 31 hits......
no points to load at event 113!
processing event 114 with 14 hits......
processing event 115 with 26 hits......
no points to load at event 116!
processing event 117 with 19 hits......
processing event 118 with 50 hits......
processing event 119 with 20 hits......
processing event 120 with 18 hits......
processing event 121 with 27 hits......
processing event 122 with 25 hits(recalculating grid)......
processing event 123 with 20 hits......
processing event 124 with 24 hits......
processing event 125 with 11 hits(recalculating grid)(recalculating grid)(recalculating grid)......
processing event 126 with 11 hits(recalculating grid)......
processing event 127 with 32 hits......
processing event 128 with 18 hits......
processing event 129 with 31 hits......
processing event 130 with 14 hits......
processing event 131 with 17 hits......
processing event 132 with 64 hits......
processing event 133 with 13 hits......
processing event 134 with 83 hits......
processing event 135 with 22 hits......
processing event 136 with 24 hits......
processing event 137 with 28 hits(recalculating grid)......
processing event 138 with 69 hits......
processing event 139 with 59 hits......
processing event 140 with 27 hits......
processing event 141 with 35 hits......
no points to load at event 142!
processing event 143 with 18 hits......
processing event 144 with 34 hits......
processing event 145 with 22 hits(recalculating grid)......
processing event 146 with 31 hits......
processing event 147 with 19 hits(recalculating grid)......
processing event 148 with 36 hits......
processing event 149 with 21 hits......
no points to load at event 150!
processing event 151 with 20 hits......
no points to load at event 152!
processing event 153 with 18 hits......
processing event 154 with 18 hits......
processing event 155 with 17 hits(recalculating grid)(recalculating grid)(recalculating grid)......
processing event 156 with 16 hits......
processing event 157 with 10 hits(recalculating grid)......
processing event 158 with 21 hits......
processing event 159 with 43 hits......
processing event 160 with 43 hits(recalculating grid)......
processing event 161 with 18 hits......
processing event 162 with 21 hits......
processing event 163 with 24 hits......
processing event 164 with 13 hits......
processing event 165 with 24 hits(recalculating grid)......
processing event 166 with 12 hits......
processing event 167 with 20 hits(recalculating grid)......
processing event 168 with 10 hits......
no points to load at event 169!
processing event 170 with 23 hits(recalculating grid)......
processing event 171 with 21 hits......
no points to load at event 172!
processing event 173 with 29 hits(recalculating grid)(recalculating grid)......
processing event 174 with 11 hits(recalculating grid)(recalculating grid)(recalculating grid)......
processing event 175 with 56 hits......
no points to load at event 176!
processing event 177 with 18 hits......
processing event 178 with 16 hits......
processing event 179 with 23 hits......
processing event 180 with 50 hits......
no points to load at event 181!
processing event 182 with 33 hits......
processing event 183 with 29 hits......
processing event 184 with 12 hits......
processing event 185 with 43 hits......
processing event 186 with 32 hits(recalculating grid)......
processing event 187 with 35 hits......
processing event 188 with 10 hits......
processing event 189 with 37 hits......
processing event 190 with 25 hits......
processing event 191 with 20 hits(recalculating grid)......
processing event 192 with 17 hits......
processing event 193 with 28 hits......
processing event 194 with 24 hits......
processing event 195 with 22 hits......
processing event 196 with 37 hits......
no points to load at event 197!
processing event 198 with 31 hits......
no points to load at event 199!
no points to load at event 200!
processing event 201 with 22 hits......
processing event 202 with 22 hits......
processing event 203 with 21 hits......
processing event 204 with 20 hits......
processing event 205 with 29 hits......
processing event 206 with 48 hits(recalculating grid)......
processing event 207 with 24 hits......
processing event 208 with 23 hits(recalculating grid)......
no points to load at event 209!
processing event 210 with 36 hits......
processing event 211 with 57 hits......
processing event 212 with 20 hits(recalculating grid)(recalculating grid)......
processing event 213 with 25 hits......
processing event 214 with 15 hits......
processing event 215 with 12 hits(recalculating grid)......
processing event 216 with 55 hits(recalculating grid)......
processing event 217 with 27 hits......
processing event 218 with 49 hits......
processing event 219 with 22 hits......
processing event 220 with 24 hits......
processing event 221 with 18 hits......
no points to load at event 222!
processing event 223 with 10 hits......
no points to load at event 224!
no points to load at event 225!
processing event 226 with 18 hits......
processing event 227 with 18 hits......
processing event 228 with 20 hits......
processing event 229 with 48 hits......
processing event 230 with 36 hits......
processing event 231 with 24 hits......
processing event 232 with 47 hits(recalculating grid)......
processing event 233 with 15 hits(recalculating grid)......
no points to load at event 234!
processing event 235 with 19 hits......
processing event 236 with 20 hits......
processing event 237 with 18 hits......
processing event 238 with 28 hits(recalculating grid)......
processing event 239 with 19 hits(recalculating grid)......
processing event 240 with 27 hits......
processing event 241 with 47 hits(recalculating grid)......
processing event 242 with 24 hits......
processing event 243 with 10 hits......
no points to load at event 244!
no points to load at event 245!
processing event 246 with 9 hits(recalculating grid)(recalculating grid)(recalculating grid)(recalculating grid)......
processing event 247 with 37 hits......
processing event 248 with 10 hits......
no points to load at event 249!
no points to load at event 250!
processing event 251 with 28 hits......
processing event 252 with 61 hits(recalculating grid)......
no points to load at event 253!
processing event 254 with 53 hits......
processing event 255 with 84 hits(recalculating grid)......
no points to load at event 256!
processing event 257 with 21 hits......
no points to load at event 258!
processing event 259 with 43 hits......
processing event 260 with 12 hits(recalculating grid)......
processing event 261 with 9 hits(recalculating grid)......
processing event 262 with 11 hits......
processing event 263 with 24 hits......
processing event 264 with 25 hits......
processing event 265 with 29 hits......
processing event 266 with 11 hits(recalculating grid)......
processing event 267 with 13 hits......
no points to load at event 268!
processing event 269 with 11 hits......
processing event 270 with 17 hits......
processing event 271 with 14 hits......
processing event 272 with 22 hits......
processing event 273 with 29 hits......
processing event 274 with 22 hits......
processing event 275 with 23 hits......
processing event 276 with 29 hits......
processing event 277 with 20 hits......
processing event 278 with 26 hits......
processing event 279 with 21 hits......
processing event 280 with 17 hits......
processing event 281 with 20 hits......
processing event 282 with 32 hits......
processing event 283 with 35 hits......
no points to load at event 284!
processing event 285 with 28 hits......
processing event 286 with 19 hits......
processing event 287 with 18 hits......
processing event 288 with 13 hits(recalculating grid)......
no points to load at event 289!
processing event 290 with 28 hits......
processing event 291 with 14 hits......
no points to load at event 292!
processing event 293 with 38 hits......
processing event 294 with 21 hits......
processing event 295 with 39 hits......
processing event 296 with 25 hits......
processing event 297 with 68 hits......
processing event 298 with 13 hits......
processing event 299 with 23 hits......
processing event 300 with 41 hits(recalculating grid)......
processing event 301 with 5 hits(recalculating grid)(recalculating grid)(recalculating grid)(recalculating grid)......
processing event 302 with 10 hits......
processing event 303 with 28 hits......
processing event 304 with 28 hits......
processing event 305 with 33 hits......
processing event 306 with 29 hits......
processing event 307 with 16 hits(recalculating grid)......
processing event 308 with 33 hits......
processing event 309 with 24 hits......
processing event 310 with 25 hits......
processing event 311 with 86 hits......
processing event 312 with 24 hits......
processing event 313 with 23 hits......
processing event 314 with 22 hits......
processing event 315 with 13 hits......
no points to load at event 316!
processing event 317 with 37 hits......
processing event 318 with 13 hits......
processing event 319 with 35 hits(recalculating grid)......
processing event 320 with 18 hits......
processing event 321 with 56 hits......
processing event 322 with 36 hits(recalculating grid)......
no points to load at event 323!
processing event 324 with 18 hits......
processing event 325 with 15 hits......
processing event 326 with 29 hits(recalculating grid)......
processing event 327 with 28 hits......
processing event 328 with 26 hits......
processing event 329 with 51 hits......
processing event 330 with 34 hits......
processing event 331 with 33 hits(recalculating grid)......
processing event 332 with 24 hits......
no points to load at event 333!
processing event 334 with 29 hits......
processing event 335 with 37 hits......
processing event 336 with 23 hits......
no points to load at event 337!
processing event 338 with 23 hits......
processing event 339 with 15 hits......
processing event 340 with 39 hits......
processing event 341 with 46 hits......
processing event 342 with 14 hits......
processing event 343 with 13 hits(recalculating grid)......
processing event 344 with 16 hits......
processing event 345 with 17 hits......
processing event 346 with 18 hits......
processing event 347 with 21 hits......
processing event 348 with 28 hits......
processing event 349 with 25 hits......
processing event 350 with 24 hits......
processing event 351 with 15 hits......
processing event 352 with 21 hits......
processing event 353 with 19 hits......
processing event 354 with 25 hits......
processing event 355 with 44 hits......
no points to load at event 356!
processing event 357 with 29 hits......
processing event 358 with 63 hits......
processing event 359 with 28 hits......
processing event 360 with 60 hits......
processing event 361 with 19 hits......
processing event 362 with 25 hits......
processing event 363 with 14 hits(recalculating grid)......
processing event 364 with 28 hits......
processing event 365 with 16 hits......
no points to load at event 366!
processing event 367 with 17 hits......
processing event 368 with 36 hits......
processing event 369 with 49 hits(recalculating grid)......
processing event 370 with 44 hits......
processing event 371 with 30 hits......
processing event 372 with 34 hits......
processing event 373 with 20 hits......
processing event 374 with 27 hits......
processing event 375 with 17 hits......
processing event 376 with 18 hits......
processing event 377 with 56 hits(recalculating grid)......
processing event 378 with 29 hits......
processing event 379 with 25 hits......
processing event 380 with 16 hits......
processing event 381 with 31 hits(recalculating grid)......
processing event 382 with 35 hits......
processing event 383 with 17 hits......
processing event 384 with 29 hits......
processing event 385 with 31 hits......
no points to load at event 386!
processing event 387 with 66 hits......
processing event 388 with 22 hits(recalculating grid)......
processing event 389 with 38 hits(recalculating grid)......
processing event 390 with 16 hits......
processing event 391 with 25 hits(recalculating grid)......
no points to load at event 392!
no points to load at event 393!
processing event 394 with 38 hits......
processing event 395 with 22 hits(recalculating grid)......
processing event 396 with 31 hits......
processing event 397 with 12 hits(recalculating grid)(recalculating grid)......
processing event 398 with 21 hits......
processing event 399 with 25 hits......
processing event 400 with 22 hits......
processing event 401 with 16 hits(recalculating grid)......
processing event 402 with 19 hits......
processing event 403 with 9 hits......
no points to load at event 404!
processing event 405 with 26 hits......
processing event 406 with 15 hits......
processing event 407 with 27 hits......
processing event 408 with 12 hits(recalculating grid)......
no points to load at event 409!
processing event 410 with 25 hits(recalculating grid)(recalculating grid)......
processing event 411 with 28 hits(recalculating grid)......
processing event 412 with 30 hits......
processing event 413 with 13 hits(recalculating grid)......
processing event 414 with 25 hits......
no points to load at event 415!
no points to load at event 416!
processing event 417 with 16 hits(recalculating grid)......
processing event 418 with 25 hits......
processing event 419 with 23 hits......
processing event 420 with 21 hits......
processing event 421 with 52 hits......
processing event 422 with 63 hits......
processing event 423 with 16 hits......
processing event 424 with 85 hits......
processing event 425 with 15 hits......
processing event 426 with 14 hits(recalculating grid)......
processing event 427 with 34 hits......
processing event 428 with 33 hits......
processing event 429 with 36 hits(recalculating grid)(recalculating grid)......
processing event 430 with 31 hits......
processing event 431 with 21 hits(recalculating grid)......
no points to load at event 432!
no points to load at event 433!
processing event 434 with 29 hits......
processing event 435 with 11 hits(recalculating grid)......
no points to load at event 436!
processing event 437 with 35 hits......
processing event 438 with 21 hits......
processing event 439 with 21 hits......
processing event 440 with 35 hits......
processing event 441 with 22 hits......
processing event 442 with 59 hits(recalculating grid)(recalculating grid)......
processing event 443 with 29 hits(recalculating grid)......
processing event 444 with 12 hits......
processing event 445 with 19 hits......
processing event 446 with 10 hits......
processing event 447 with 29 hits(recalculating grid)......
no points to load at event 448!
processing event 449 with 41 hits(recalculating grid)......
processing event 450 with 22 hits......
processing event 451 with 11 hits(recalculating grid)......
no points to load at event 452!
processing event 453 with 29 hits......
processing event 454 with 25 hits......
processing event 455 with 19 hits......
processing event 456 with 25 hits......
processing event 457 with 31 hits......
processing event 458 with 64 hits......
no points to load at event 459!
processing event 460 with 10 hits(recalculating grid)......
processing event 461 with 22 hits(recalculating grid)......
processing event 462 with 17 hits(recalculating grid)(recalculating grid)......
no points to load at event 463!
processing event 464 with 17 hits......
processing event 465 with 21 hits......
processing event 466 with 30 hits......
processing event 467 with 21 hits......
processing event 468 with 21 hits......
processing event 469 with 13 hits(recalculating grid)......
no points to load at event 470!
processing event 471 with 29 hits......
processing event 472 with 27 hits......
no points to load at event 473!
processing event 474 with 21 hits......
processing event 475 with 14 hits......
processing event 476 with 20 hits......
processing event 477 with 21 hits......
processing event 478 with 8 hits(recalculating grid)......
no points to load at event 479!
processing event 480 with 30 hits......
processing event 481 with 30 hits......
processing event 482 with 14 hits......
processing event 483 with 46 hits(recalculating grid)......
processing event 484 with 32 hits......
processing event 485 with 39 hits(recalculating grid)......
processing event 486 with 38 hits......
processing event 487 with 16 hits......
processing event 488 with 24 hits......
processing event 489 with 11 hits......
no points to load at event 490!
no points to load at event 491!
processing event 492 with 18 hits(recalculating grid)(recalculating grid)......
processing event 493 with 16 hits(recalculating grid)......
processing event 494 with 31 hits......
processing event 495 with 31 hits......
no points to load at event 496!
processing event 497 with 13 hits......
processing event 498 with 20 hits......
processing event 499 with 27 hits......
processing event 500 with 24 hits(recalculating grid)(recalculating grid)......
processing event 501 with 14 hits(recalculating grid)......
processing event 502 with 47 hits......
processing event 503 with 27 hits......
processing event 504 with 26 hits......
processing event 505 with 16 hits......
processing event 506 with 13 hits......
processing event 507 with 31 hits......
processing event 508 with 37 hits......
processing event 509 with 31 hits......
processing event 510 with 31 hits......
processing event 511 with 11 hits......
processing event 512 with 24 hits......
processing event 513 with 26 hits......
processing event 514 with 26 hits......
processing event 515 with 39 hits(recalculating grid)......
processing event 516 with 18 hits......
processing event 517 with 23 hits......
processing event 518 with 16 hits(recalculating grid)......
processing event 519 with 39 hits......
processing event 520 with 45 hits......
no points to load at event 521!
processing event 522 with 21 hits......
processing event 523 with 14 hits......
processing event 524 with 26 hits......
processing event 525 with 19 hits......
processing event 526 with 19 hits......
processing event 527 with 44 hits(recalculating grid)......
no points to load at event 528!
processing event 529 with 32 hits......
processing event 530 with 31 hits......
processing event 531 with 18 hits......
processing event 532 with 28 hits......
processing event 533 with 13 hits(recalculating grid)......
processing event 534 with 20 hits(recalculating grid)......
processing event 535 with 29 hits(recalculating grid)(recalculating grid)(recalculating grid)......
processing event 536 with 37 hits......
processing event 537 with 34 hits......
processing event 538 with 26 hits......
processing event 539 with 12 hits......
processing event 540 with 12 hits......
processing event 541 with 17 hits......
processing event 542 with 28 hits......
processing event 543 with 31 hits......
processing event 544 with 7 hits(recalculating grid)(recalculating grid)......
processing event 545 with 17 hits......
no points to load at event 546!
processing event 547 with 16 hits......
processing event 548 with 55 hits......
processing event 549 with 10 hits(recalculating grid)......
no points to load at event 550!
no points to load at event 551!
processing event 552 with 14 hits......
processing event 553 with 38 hits......
processing event 554 with 20 hits(recalculating grid)......
processing event 555 with 20 hits......
no points to load at event 556!
processing event 557 with 30 hits......
processing event 558 with 56 hits......
processing event 559 with 65 hits......
processing event 560 with 19 hits......
processing event 561 with 22 hits......
no points to load at event 562!
processing event 563 with 14 hits......
processing event 564 with 29 hits(recalculating grid)(recalculating grid)......
processing event 565 with 21 hits......
processing event 566 with 11 hits(recalculating grid)......
processing event 567 with 25 hits......
processing event 568 with 25 hits......
no points to load at event 569!
processing event 570 with 16 hits......
processing event 571 with 22 hits......
no points to load at event 572!
processing event 573 with 37 hits......
processing event 574 with 32 hits......
processing event 575 with 26 hits......
processing event 576 with 19 hits(recalculating grid)......
processing event 577 with 27 hits......
processing event 578 with 31 hits......
no points to load at event 579!
processing event 580 with 22 hits......
processing event 581 with 18 hits......
processing event 582 with 16 hits......
processing event 583 with 25 hits......
processing event 584 with 29 hits......
processing event 585 with 38 hits......
processing event 586 with 19 hits......
processing event 587 with 55 hits......
processing event 588 with 31 hits......
processing event 589 with 34 hits......
processing event 590 with 20 hits(recalculating grid)......
no points to load at event 591!
processing event 592 with 35 hits......
processing event 593 with 16 hits......
processing event 594 with 40 hits......
processing event 595 with 7 hits(recalculating grid)......
no points to load at event 596!
processing event 597 with 37 hits......
no points to load at event 598!
processing event 599 with 23 hits......
processing event 600 with 22 hits......
processing event 601 with 35 hits......
processing event 602 with 17 hits......
processing event 603 with 28 hits......
processing event 604 with 45 hits(recalculating grid)......
no points to load at event 605!
processing event 606 with 13 hits(recalculating grid)......
processing event 607 with 25 hits......
processing event 608 with 20 hits......
processing event 609 with 15 hits......
processing event 610 with 54 hits(recalculating grid)......
processing event 611 with 23 hits......
processing event 612 with 15 hits......
processing event 613 with 28 hits(recalculating grid)(recalculating grid)(recalculating grid)......
processing event 614 with 32 hits......
processing event 615 with 19 hits(recalculating grid)......
processing event 616 with 32 hits......
processing event 617 with 18 hits......
processing event 618 with 32 hits......
processing event 619 with 38 hits......
processing event 620 with 21 hits......
processing event 621 with 33 hits......
processing event 622 with 23 hits......
processing event 623 with 41 hits......
processing event 624 with 35 hits......
processing event 625 with 11 hits......
processing event 626 with 39 hits(recalculating grid)......
no points to load at event 627!
processing event 628 with 24 hits......
processing event 629 with 15 hits(recalculating grid)......
processing event 630 with 21 hits......
processing event 631 with 41 hits......
processing event 632 with 25 hits......
processing event 633 with 18 hits......
no points to load at event 634!
processing event 635 with 62 hits......
processing event 636 with 19 hits(recalculating grid)......
processing event 637 with 37 hits......
processing event 638 with 30 hits......
processing event 639 with 46 hits(recalculating grid)......
processing event 640 with 8 hits......
processing event 641 with 29 hits(recalculating grid)......
processing event 642 with 33 hits......
processing event 643 with 21 hits......
processing event 644 with 24 hits......
processing event 645 with 39 hits......
processing event 646 with 23 hits......
processing event 647 with 27 hits......
processing event 648 with 23 hits......
processing event 649 with 32 hits......
processing event 650 with 12 hits......
processing event 651 with 38 hits(recalculating grid)......
processing event 652 with 30 hits......
processing event 653 with 28 hits......
processing event 654 with 15 hits......
processing event 655 with 34 hits......
processing event 656 with 14 hits......
processing event 657 with 46 hits......
processing event 658 with 25 hits......
processing event 659 with 58 hits......
no points to load at event 660!
processing event 661 with 38 hits......
processing event 662 with 55 hits(recalculating grid)......
processing event 663 with 8 hits......
processing event 664 with 60 hits......
processing event 665 with 22 hits......
processing event 666 with 20 hits......
processing event 667 with 18 hits......
processing event 668 with 18 hits......
processing event 669 with 17 hits(recalculating grid)......
processing event 670 with 21 hits......
processing event 671 with 27 hits......
processing event 672 with 20 hits......
no points to load at event 673!
processing event 674 with 24 hits......
processing event 675 with 27 hits......
processing event 676 with 31 hits......
processing event 677 with 23 hits......
processing event 678 with 47 hits......
processing event 679 with 22 hits......
no points to load at event 680!
processing event 681 with 39 hits......
processing event 682 with 30 hits(recalculating grid)(recalculating grid)......
processing event 683 with 70 hits......
processing event 684 with 23 hits......
processing event 685 with 38 hits......
processing event 686 with 29 hits......
processing event 687 with 35 hits......
processing event 688 with 12 hits......
processing event 689 with 23 hits......
processing event 690 with 42 hits......
processing event 691 with 25 hits......
processing event 692 with 29 hits......
processing event 693 with 25 hits......
processing event 694 with 22 hits......
processing event 695 with 19 hits(recalculating grid)......
processing event 696 with 26 hits......
processing event 697 with 10 hits......
processing event 698 with 24 hits......
processing event 699 with 16 hits(recalculating grid)......
no points to load at event 700!
no points to load at event 701!
processing event 702 with 21 hits......
processing event 703 with 38 hits(recalculating grid)......
no points to load at event 704!
processing event 705 with 30 hits......
no points to load at event 706!
processing event 707 with 31 hits......
processing event 708 with 30 hits......
processing event 709 with 23 hits......
processing event 710 with 21 hits......
no points to load at event 711!
processing event 712 with 19 hits......
processing event 713 with 10 hits......
processing event 714 with 22 hits......
no points to load at event 715!
processing event 716 with 12 hits......
processing event 717 with 22 hits(recalculating grid)......
processing event 718 with 19 hits......
processing event 719 with 33 hits......
processing event 720 with 29 hits......
processing event 721 with 12 hits......
processing event 722 with 19 hits......
processing event 723 with 21 hits......
processing event 724 with 23 hits......
processing event 725 with 37 hits(recalculating grid)(recalculating grid)......
processing event 726 with 18 hits......
processing event 727 with 15 hits......
processing event 728 with 34 hits......
processing event 729 with 36 hits......
processing event 730 with 25 hits......
processing event 731 with 17 hits......
processing event 732 with 83 hits......
processing event 733 with 19 hits......
processing event 734 with 26 hits......
processing event 735 with 62 hits......
processing event 736 with 19 hits......
processing event 737 with 36 hits......
processing event 738 with 13 hits......
processing event 739 with 19 hits......
processing event 740 with 31 hits......
processing event 741 with 17 hits......
processing event 742 with 32 hits(recalculating grid)......
processing event 743 with 31 hits(recalculating grid)......
processing event 744 with 58 hits......
processing event 745 with 22 hits......
processing event 746 with 54 hits......
processing event 747 with 30 hits......
processing event 748 with 50 hits......
processing event 749 with 14 hits......
processing event 750 with 17 hits......
no points to load at event 751!
processing event 752 with 47 hits(recalculating grid)......
processing event 753 with 30 hits......
processing event 754 with 24 hits......
no points to load at event 755!
processing event 756 with 17 hits......
processing event 757 with 16 hits......
no points to load at event 758!
processing event 759 with 9 hits(recalculating grid)......
processing event 760 with 19 hits(recalculating grid)(recalculating grid)......
no points to load at event 761!
processing event 762 with 23 hits......
processing event 763 with 23 hits......
processing event 764 with 29 hits......
processing event 765 with 20 hits......
processing event 766 with 25 hits......
processing event 767 with 21 hits......
processing event 768 with 14 hits......
processing event 769 with 18 hits(recalculating grid)......
processing event 770 with 46 hits......
processing event 771 with 26 hits......
processing event 772 with 24 hits......
processing event 773 with 30 hits......
processing event 774 with 20 hits......
processing event 775 with 37 hits......
processing event 776 with 21 hits......
processing event 777 with 33 hits(recalculating grid)......
processing event 778 with 14 hits......
processing event 779 with 36 hits......
processing event 780 with 25 hits......
processing event 781 with 8 hits......
processing event 782 with 26 hits......
processing event 783 with 32 hits......
processing event 784 with 22 hits......
processing event 785 with 21 hits......
processing event 786 with 22 hits......
processing event 787 with 23 hits......
processing event 788 with 37 hits......
processing event 789 with 12 hits......
no points to load at event 790!
processing event 791 with 13 hits......
processing event 792 with 21 hits(recalculating grid)......
processing event 793 with 28 hits......
processing event 794 with 27 hits......
processing event 795 with 13 hits......
processing event 796 with 21 hits......
processing event 797 with 18 hits......
processing event 798 with 38 hits......
processing event 799 with 13 hits(recalculating grid)......
processing event 800 with 31 hits......
processing event 801 with 28 hits......
processing event 802 with 29 hits......
processing event 803 with 14 hits......
processing event 804 with 23 hits......
processing event 805 with 51 hits......
processing event 806 with 38 hits......
processing event 807 with 28 hits......
no points to load at event 808!
processing event 809 with 19 hits(recalculating grid)......
processing event 810 with 18 hits(recalculating grid)(recalculating grid)......
processing event 811 with 30 hits......
processing event 812 with 38 hits......
processing event 813 with 23 hits(recalculating grid)......
processing event 814 with 31 hits......
processing event 815 with 48 hits(recalculating grid)......
processing event 816 with 31 hits......
processing event 817 with 20 hits......
processing event 818 with 7 hits(recalculating grid)......
processing event 819 with 18 hits(recalculating grid)......
processing event 820 with 27 hits......
processing event 821 with 36 hits......
processing event 822 with 34 hits......
processing event 823 with 21 hits......
processing event 824 with 35 hits......
processing event 825 with 36 hits(recalculating grid)(recalculating grid)(recalculating grid)......
processing event 826 with 66 hits......
processing event 827 with 38 hits......
processing event 828 with 27 hits......
no points to load at event 829!
processing event 830 with 17 hits......
processing event 831 with 24 hits......
processing event 832 with 38 hits(recalculating grid)(recalculating grid)......
processing event 833 with 56 hits......
processing event 834 with 11 hits......
processing event 835 with 20 hits......
processing event 836 with 28 hits......
processing event 837 with 20 hits......
processing event 838 with 17 hits......
processing event 839 with 49 hits......
processing event 840 with 44 hits(recalculating grid)......
processing event 841 with 43 hits......
processing event 842 with 24 hits......
no points to load at event 843!
processing event 844 with 20 hits(recalculating grid)......
processing event 845 with 32 hits......
processing event 846 with 13 hits(recalculating grid)......
processing event 847 with 17 hits(recalculating grid)......
processing event 848 with 13 hits......
processing event 849 with 33 hits......
processing event 850 with 41 hits(recalculating grid)......
processing event 851 with 18 hits......
processing event 852 with 35 hits(recalculating grid)......
processing event 853 with 11 hits......
processing event 854 with 27 hits......
no points to load at event 855!
processing event 856 with 20 hits(recalculating grid)......
processing event 857 with 27 hits......
processing event 858 with 42 hits(recalculating grid)......
processing event 859 with 29 hits......
processing event 860 with 19 hits......
processing event 861 with 26 hits......
processing event 862 with 19 hits......
processing event 863 with 11 hits......
no points to load at event 864!
no points to load at event 865!
no points to load at event 866!
no points to load at event 867!
processing event 868 with 30 hits......
no points to load at event 869!
processing event 870 with 25 hits(recalculating grid)......
processing event 871 with 38 hits......
processing event 872 with 62 hits......
processing event 873 with 21 hits......
processing event 874 with 15 hits......
processing event 875 with 38 hits......
processing event 876 with 12 hits......
processing event 877 with 10 hits(recalculating grid)(recalculating grid)(recalculating grid)......
processing event 878 with 41 hits......
no points to load at event 879!
processing event 880 with 40 hits......
processing event 881 with 34 hits......
processing event 882 with 37 hits......
no points to load at event 883!
processing event 884 with 38 hits......
no points to load at event 885!
processing event 886 with 34 hits......
no points to load at event 887!
processing event 888 with 29 hits......
no points to load at event 889!
processing event 890 with 37 hits......
processing event 891 with 28 hits......
processing event 892 with 41 hits......
processing event 893 with 34 hits(recalculating grid)......
processing event 894 with 56 hits......
processing event 895 with 14 hits......
processing event 896 with 37 hits......
processing event 897 with 18 hits(recalculating grid)......
processing event 898 with 48 hits(recalculating grid)......
no points to load at event 899!
no points to load at event 900!
processing event 901 with 11 hits......
processing event 902 with 20 hits......
processing event 903 with 26 hits......
processing event 904 with 15 hits......
processing event 905 with 37 hits......
processing event 906 with 23 hits(recalculating grid)......
processing event 907 with 42 hits......
processing event 908 with 39 hits......
processing event 909 with 18 hits(recalculating grid)......
processing event 910 with 19 hits......
processing event 911 with 28 hits......
processing event 912 with 29 hits......
processing event 913 with 39 hits(recalculating grid)......
no points to load at event 914!
processing event 915 with 12 hits......
no points to load at event 916!
processing event 917 with 16 hits......
processing event 918 with 27 hits......
processing event 919 with 24 hits......
processing event 920 with 21 hits......
processing event 921 with 42 hits......
processing event 922 with 10 hits......
no points to load at event 923!
processing event 924 with 26 hits(recalculating grid)......
processing event 925 with 39 hits......
processing event 926 with 39 hits(recalculating grid)......
processing event 927 with 33 hits......
processing event 928 with 43 hits......
processing event 929 with 31 hits......
processing event 930 with 20 hits......
processing event 931 with 57 hits......
processing event 932 with 29 hits(recalculating grid)......
processing event 933 with 24 hits......
processing event 934 with 12 hits......
processing event 935 with 15 hits......
processing event 936 with 30 hits......
processing event 937 with 22 hits......
processing event 938 with 12 hits......
processing event 939 with 38 hits......
processing event 940 with 31 hits......
processing event 941 with 21 hits(recalculating grid)......
processing event 942 with 44 hits......
no points to load at event 943!
processing event 944 with 42 hits......
processing event 945 with 48 hits......
processing event 946 with 32 hits......
processing event 947 with 21 hits......
processing event 948 with 46 hits......
processing event 949 with 29 hits......
processing event 950 with 38 hits(recalculating grid)......
processing event 951 with 12 hits......
processing event 952 with 30 hits(recalculating grid)......
processing event 953 with 18 hits......
processing event 954 with 29 hits(recalculating grid)......
processing event 955 with 20 hits......
processing event 956 with 18 hits......
no points to load at event 957!
processing event 958 with 18 hits......
processing event 959 with 12 hits......
processing event 960 with 20 hits......
processing event 961 with 26 hits......
processing event 962 with 54 hits(recalculating grid)(recalculating grid)......
processing event 963 with 31 hits......
processing event 964 with 76 hits(recalculating grid)......
processing event 965 with 43 hits......
processing event 966 with 9 hits......
processing event 967 with 27 hits......
no points to load at event 968!
processing event 969 with 26 hits......
processing event 970 with 24 hits......
processing event 971 with 21 hits(recalculating grid)(recalculating grid)......
processing event 972 with 23 hits......
no points to load at event 973!
processing event 974 with 25 hits......
processing event 975 with 36 hits......
processing event 976 with 10 hits......
processing event 977 with 41 hits......
no points to load at event 978!
processing event 979 with 79 hits(recalculating grid)......
no points to load at event 980!
processing event 981 with 18 hits......
processing event 982 with 24 hits......
processing event 983 with 34 hits......
no points to load at event 984!
processing event 985 with 27 hits......
processing event 986 with 26 hits......
processing event 987 with 16 hits......
processing event 988 with 22 hits......
processing event 989 with 45 hits......
processing event 990 with 27 hits......
processing event 991 with 17 hits(recalculating grid)......
processing event 992 with 22 hits......
processing event 993 with 28 hits......
processing event 994 with 8 hits......
no points to load at event 995!
processing event 996 with 19 hits......
processing event 997 with 16 hits......
processing event 998 with 18 hits......
processing event 999 with 19 hits......
processing event 1000 with 23 hits......
