processing event 1 with 16 hits......
processing event 2 with 7 hits(recalculating grid)......
processing event 3 with 17 hits......
processing event 4 with 11 hits(recalculating grid)......
no points to load at event 5!
processing event 6 with 21 hits......
no points to load at event 7!
no points to load at event 8!
no points to load at event 9!
no points to load at event 10!
processing event 11 with 22 hits......
processing event 12 with 26 hits......
processing event 13 with 32 hits......
no points to load at event 14!
processing event 15 with 27 hits......
processing event 16 with 10 hits(recalculating grid)......
processing event 17 with 17 hits(recalculating grid)......
processing event 18 with 18 hits......
processing event 19 with 20 hits(recalculating grid)......
processing event 20 with 28 hits......
processing event 21 with 12 hits(recalculating grid)......
processing event 22 with 21 hits......
processing event 23 with 8 hits......
no points to load at event 24!
processing event 25 with 9 hits......
processing event 26 with 21 hits......
processing event 27 with 16 hits......
processing event 28 with 15 hits......
processing event 29 with 8 hits(recalculating grid)......
processing event 30 with 13 hits......
processing event 31 with 15 hits......
processing event 32 with 22 hits......
processing event 33 with 19 hits......
processing event 34 with 37 hits......
processing event 35 with 13 hits......
processing event 36 with 28 hits......
processing event 37 with 14 hits(recalculating grid)......
processing event 38 with 10 hits......
processing event 39 with 41 hits......
processing event 40 with 19 hits......
processing event 41 with 17 hits......
no points to load at event 42!
processing event 43 with 17 hits......
no points to load at event 44!
processing event 45 with 9 hits(recalculating grid)(recalculating grid)......
no points to load at event 46!
processing event 47 with 28 hits......
processing event 48 with 28 hits(recalculating grid)......
no points to load at event 49!
no points to load at event 50!
processing event 51 with 22 hits(recalculating grid)......
no points to load at event 52!
no points to load at event 53!
no points to load at event 54!
processing event 55 with 25 hits(recalculating grid)(recalculating grid)(recalculating grid)......
processing event 56 with 29 hits......
processing event 57 with 28 hits(recalculating grid)......
no points to load at event 58!
processing event 59 with 25 hits......
no points to load at event 60!
processing event 61 with 7 hits(recalculating grid)(recalculating grid)(recalculating grid)(recalculating grid)......
processing event 62 with 15 hits......
processing event 63 with 22 hits(recalculating grid)......
processing event 64 with 17 hits......
processing event 65 with 31 hits......
no points to load at event 66!
processing event 67 with 7 hits(recalculating grid)......
processing event 68 with 10 hits(recalculating grid)......
processing event 69 with 10 hits......
no points to load at event 70!
processing event 71 with 24 hits(recalculating grid)......
processing event 72 with 19 hits......
processing event 73 with 10 hits......
processing event 74 with 36 hits(recalculating grid)(recalculating grid)......
processing event 75 with 26 hits......
processing event 76 with 15 hits......
processing event 77 with 12 hits(recalculating grid)......
processing event 78 with 13 hits......
processing event 79 with 18 hits......
no points to load at event 80!
no points to load at event 81!
processing event 82 with 9 hits......
no points to load at event 83!
no points to load at event 84!
processing event 85 with 47 hits......
processing event 86 with 23 hits(recalculating grid)......
processing event 87 with 17 hits......
no points to load at event 88!
processing event 89 with 26 hits......
processing event 90 with 15 hits(recalculating grid)(recalculating grid)(recalculating grid)......
no points to load at event 91!
processing event 92 with 11 hits......
processing event 93 with 10 hits(recalculating grid)......
no points to load at event 94!
processing event 95 with 24 hits......
no points to load at event 96!
processing event 97 with 18 hits......
processing event 98 with 17 hits......
processing event 99 with 23 hits......
processing event 100 with 9 hits......
processing event 101 with 14 hits(recalculating grid)......
processing event 102 with 16 hits......
processing event 103 with 15 hits......
no points to load at event 104!
processing event 105 with 13 hits(recalculating grid)......
processing event 106 with 17 hits......
no points to load at event 107!
processing event 108 with 25 hits......
processing event 109 with 9 hits......
no points to load at event 110!
no points to load at event 111!
processing event 112 with 21 hits......
no points to load at event 113!
processing event 114 with 25 hits(recalculating grid)......
processing event 115 with 16 hits......
processing event 116 with 18 hits......
no points to load at event 117!
no points to load at event 118!
processing event 119 with 19 hits......
processing event 120 with 22 hits(recalculating grid)(recalculating grid)......
processing event 121 with 27 hits......
no points to load at event 122!
processing event 123 with 23 hits......
processing event 124 with 12 hits......
processing event 125 with 16 hits(recalculating grid)......
processing event 126 with 14 hits......
processing event 127 with 17 hits......
no points to load at event 128!
processing event 129 with 36 hits......
processing event 130 with 15 hits......
no points to load at event 131!
processing event 132 with 12 hits(recalculating grid)......
processing event 133 with 16 hits......
processing event 134 with 12 hits(recalculating grid)......
no points to load at event 135!
processing event 136 with 11 hits(recalculating grid)......
processing event 137 with 21 hits......
processing event 138 with 24 hits......
processing event 139 with 21 hits......
processing event 140 with 12 hits......
no points to load at event 141!
processing event 142 with 20 hits......
no points to load at event 143!
processing event 144 with 16 hits(recalculating grid)......
processing event 145 with 24 hits......
processing event 146 with 16 hits......
processing event 147 with 22 hits......
processing event 148 with 24 hits(recalculating grid)......
no points to load at event 149!
no points to load at event 150!
processing event 151 with 11 hits......
processing event 152 with 15 hits(recalculating grid)......
no points to load at event 153!
processing event 154 with 31 hits(recalculating grid)......
no points to load at event 155!
processing event 156 with 34 hits......
processing event 157 with 11 hits......
no points to load at event 158!
no points to load at event 159!
no points to load at event 160!
processing event 161 with 18 hits......
processing event 162 with 20 hits......
processing event 163 with 11 hits(recalculating grid)......
processing event 164 with 9 hits......
processing event 165 with 23 hits(recalculating grid)(recalculating grid)......
no points to load at event 166!
processing event 167 with 31 hits......
processing event 168 with 11 hits......
processing event 169 with 34 hits(recalculating grid)(recalculating grid)......
processing event 170 with 7 hits(recalculating grid)......
processing event 171 with 23 hits......
no points to load at event 172!
processing event 173 with 18 hits......
processing event 174 with 32 hits......
no points to load at event 175!
processing event 176 with 9 hits......
no points to load at event 177!
processing event 178 with 45 hits......
no points to load at event 179!
processing event 180 with 11 hits(recalculating grid)(recalculating grid)......
processing event 181 with 24 hits(recalculating grid)......
processing event 182 with 21 hits(recalculating grid)......
processing event 183 with 17 hits......
no points to load at event 184!
processing event 185 with 12 hits......
processing event 186 with 19 hits......
no points to load at event 187!
no points to load at event 188!
no points to load at event 189!
processing event 190 with 44 hits......
no points to load at event 191!
processing event 192 with 19 hits......
processing event 193 with 34 hits(recalculating grid)......
processing event 194 with 16 hits(recalculating grid)......
processing event 195 with 25 hits(recalculating grid)(recalculating grid)......
processing event 196 with 26 hits......
no points to load at event 197!
processing event 198 with 29 hits......
processing event 199 with 16 hits......
no points to load at event 200!
processing event 201 with 9 hits......
processing event 202 with 23 hits......
processing event 203 with 18 hits(recalculating grid)......
processing event 204 with 17 hits......
no points to load at event 205!
no points to load at event 206!
no points to load at event 207!
processing event 208 with 21 hits......
processing event 209 with 26 hits......
processing event 210 with 12 hits......
processing event 211 with 35 hits......
processing event 212 with 10 hits......
no points to load at event 213!
no points to load at event 214!
processing event 215 with 5 hits(recalculating grid)(recalculating grid)(recalculating grid)......
processing event 216 with 27 hits......
processing event 217 with 13 hits......
processing event 218 with 22 hits......
processing event 219 with 11 hits......
processing event 220 with 7 hits(recalculating grid)......
processing event 221 with 17 hits(recalculating grid)(recalculating grid)......
processing event 222 with 8 hits......
processing event 223 with 12 hits......
processing event 224 with 8 hits......
processing event 225 with 36 hits......
processing event 226 with 13 hits......
processing event 227 with 20 hits......
processing event 228 with 18 hits(recalculating grid)......
processing event 229 with 15 hits......
no points to load at event 230!
processing event 231 with 17 hits(recalculating grid)......
no points to load at event 232!
processing event 233 with 11 hits(recalculating grid)......
processing event 234 with 8 hits(recalculating grid)(recalculating grid)(recalculating grid)(recalculating grid)......
processing event 235 with 24 hits......
processing event 236 with 15 hits......
processing event 237 with 20 hits......
processing event 238 with 25 hits......
processing event 239 with 40 hits(recalculating grid)......
processing event 240 with 16 hits......
no points to load at event 241!
processing event 242 with 23 hits......
processing event 243 with 14 hits......
processing event 244 with 9 hits(recalculating grid)......
processing event 245 with 21 hits......
processing event 246 with 36 hits......
no points to load at event 247!
no points to load at event 248!
processing event 249 with 17 hits(recalculating grid)......
no points to load at event 250!
no points to load at event 251!
processing event 252 with 12 hits......
processing event 253 with 26 hits......
processing event 254 with 12 hits(recalculating grid)......
processing event 255 with 11 hits......
processing event 256 with 18 hits......
no points to load at event 257!
processing event 258 with 14 hits(recalculating grid)(recalculating grid)......
no points to load at event 259!
processing event 260 with 29 hits......
no points to load at event 261!
processing event 262 with 13 hits......
processing event 263 with 22 hits(recalculating grid)......
no points to load at event 264!
processing event 265 with 29 hits(recalculating grid)......
processing event 266 with 20 hits......
processing event 267 with 22 hits......
processing event 268 with 36 hits......
processing event 269 with 14 hits......
processing event 270 with 10 hits......
no points to load at event 271!
no points to load at event 272!
processing event 273 with 19 hits......
processing event 274 with 37 hits(recalculating grid)(recalculating grid)(recalculating grid)......
no points to load at event 275!
processing event 276 with 22 hits......
processing event 277 with 15 hits......
processing event 278 with 15 hits......
processing event 279 with 16 hits(recalculating grid)......
processing event 280 with 10 hits......
no points to load at event 281!
processing event 282 with 15 hits......
no points to load at event 283!
processing event 284 with 10 hits......
no points to load at event 285!
processing event 286 with 16 hits(recalculating grid)......
processing event 287 with 30 hits(recalculating grid)(recalculating grid)......
processing event 288 with 23 hits......
processing event 289 with 20 hits......
no points to load at event 290!
no points to load at event 291!
processing event 292 with 12 hits......
processing event 293 with 10 hits(recalculating grid)......
processing event 294 with 19 hits......
processing event 295 with 24 hits(recalculating grid)(recalculating grid)......
processing event 296 with 36 hits......
no points to load at event 297!
processing event 298 with 9 hits......
processing event 299 with 23 hits(recalculating grid)......
processing event 300 with 21 hits......
no points to load at event 301!
processing event 302 with 26 hits(recalculating grid)......
processing event 303 with 14 hits......
processing event 304 with 14 hits......
processing event 305 with 23 hits......
processing event 306 with 20 hits......
processing event 307 with 16 hits......
no points to load at event 308!
no points to load at event 309!
processing event 310 with 11 hits......
processing event 311 with 25 hits......
processing event 312 with 23 hits(recalculating grid)......
processing event 313 with 12 hits......
processing event 314 with 26 hits......
processing event 315 with 15 hits(recalculating grid)......
processing event 316 with 37 hits......
processing event 317 with 11 hits(recalculating grid)......
processing event 318 with 10 hits......
processing event 319 with 21 hits......
processing event 320 with 22 hits......
processing event 321 with 18 hits......
processing event 322 with 28 hits(recalculating grid)......
processing event 323 with 19 hits......
processing event 324 with 17 hits......
processing event 325 with 13 hits......
no points to load at event 326!
processing event 327 with 23 hits(recalculating grid)......
no points to load at event 328!
processing event 329 with 17 hits......
processing event 330 with 32 hits......
processing event 331 with 7 hits(recalculating grid)......
processing event 332 with 22 hits......
no points to load at event 333!
processing event 334 with 38 hits......
processing event 335 with 13 hits......
processing event 336 with 19 hits......
processing event 337 with 17 hits......
processing event 338 with 36 hits......
processing event 339 with 14 hits......
processing event 340 with 18 hits......
processing event 341 with 17 hits......
processing event 342 with 17 hits......
processing event 343 with 25 hits(recalculating grid)(recalculating grid)......
no points to load at event 344!
processing event 345 with 20 hits......
processing event 346 with 34 hits......
processing event 347 with 27 hits......
processing event 348 with 34 hits(recalculating grid)......
processing event 349 with 6 hits(recalculating grid)(recalculating grid)......
processing event 350 with 58 hits(recalculating grid)......
no points to load at event 351!
no points to load at event 352!
no points to load at event 353!
processing event 354 with 27 hits(recalculating grid)......
processing event 355 with 10 hits(recalculating grid)......
no points to load at event 356!
processing event 357 with 28 hits......
no points to load at event 358!
processing event 359 with 18 hits(recalculating grid)(recalculating grid)......
processing event 360 with 11 hits(recalculating grid)(recalculating grid)(recalculating grid)......
processing event 361 with 19 hits(recalculating grid)(recalculating grid)......
processing event 362 with 24 hits......
no points to load at event 363!
processing event 364 with 21 hits......
no points to load at event 365!
processing event 366 with 16 hits......
processing event 367 with 9 hits(recalculating grid)......
processing event 368 with 18 hits......
no points to load at event 369!
no points to load at event 370!
processing event 371 with 20 hits......
no points to load at event 372!
processing event 373 with 31 hits......
processing event 374 with 18 hits......
processing event 375 with 15 hits......
no points to load at event 376!
processing event 377 with 34 hits......
processing event 378 with 20 hits......
processing event 379 with 19 hits(recalculating grid)......
processing event 380 with 12 hits......
processing event 381 with 21 hits......
processing event 382 with 24 hits(recalculating grid)(recalculating grid)......
no points to load at event 383!
processing event 384 with 18 hits......
processing event 385 with 18 hits(recalculating grid)......
processing event 386 with 14 hits......
processing event 387 with 8 hits......
processing event 388 with 18 hits......
processing event 389 with 24 hits......
processing event 390 with 5 hits(recalculating grid)(recalculating grid)(recalculating grid)......
processing event 391 with 10 hits......
processing event 392 with 20 hits......
processing event 393 with 43 hits(recalculating grid)......
processing event 394 with 16 hits......
no points to load at event 395!
no points to load at event 396!
no points to load at event 397!
processing event 398 with 20 hits......
processing event 399 with 15 hits......
processing event 400 with 10 hits......
processing event 401 with 17 hits......
processing event 402 with 13 hits......
processing event 403 with 32 hits(recalculating grid)......
no points to load at event 404!
no points to load at event 405!
processing event 406 with 14 hits......
processing event 407 with 16 hits(recalculating grid)......
processing event 408 with 12 hits(recalculating grid)......
processing event 409 with 27 hits......
processing event 410 with 29 hits......
processing event 411 with 13 hits(recalculating grid)......
no points to load at event 412!
processing event 413 with 15 hits......
processing event 414 with 27 hits......
processing event 415 with 25 hits......
processing event 416 with 21 hits......
no points to load at event 417!
processing event 418 with 9 hits(recalculating grid)......
processing event 419 with 31 hits(recalculating grid)......
processing event 420 with 14 hits......
processing event 421 with 13 hits......
processing event 422 with 12 hits......
processing event 423 with 20 hits......
processing event 424 with 18 hits......
processing event 425 with 12 hits......
processing event 426 with 19 hits......
no points to load at event 427!
processing event 428 with 32 hits......
processing event 429 with 13 hits(recalculating grid)......
processing event 430 with 15 hits......
no points to load at event 431!
no points to load at event 432!
processing event 433 with 19 hits......
no points to load at event 434!
no points to load at event 435!
no points to load at event 436!
no points to load at event 437!
processing event 438 with 13 hits......
processing event 439 with 16 hits......
no points to load at event 440!
no points to load at event 441!
no points to load at event 442!
processing event 443 with 25 hits......
processing event 444 with 21 hits(recalculating grid)......
no points to load at event 445!
processing event 446 with 7 hits(recalculating grid)......
no points to load at event 447!
processing event 448 with 35 hits......
processing event 449 with 36 hits......
no points to load at event 450!
no points to load at event 451!
processing event 452 with 16 hits......
processing event 453 with 21 hits......
no points to load at event 454!
no points to load at event 455!
processing event 456 with 9 hits......
processing event 457 with 13 hits(recalculating grid)(recalculating grid)(recalculating grid)......
processing event 458 with 25 hits......
no points to load at event 459!
processing event 460 with 24 hits......
processing event 461 with 22 hits......
no points to load at event 462!
processing event 463 with 13 hits......
processing event 464 with 21 hits......
processing event 465 with 31 hits......
no points to load at event 466!
no points to load at event 467!
processing event 468 with 16 hits(recalculating grid)(recalculating grid)......
processing event 469 with 21 hits......
processing event 470 with 24 hits(recalculating grid)(recalculating grid)(recalculating grid)(recalculating grid)......
processing event 471 with 17 hits......
processing event 472 with 32 hits......
no points to load at event 473!
processing event 474 with 13 hits......
processing event 475 with 18 hits......
no points to load at event 476!
processing event 477 with 18 hits(recalculating grid)......
no points to load at event 478!
processing event 479 with 17 hits(recalculating grid)......
processing event 480 with 21 hits......
processing event 481 with 16 hits......
processing event 482 with 22 hits......
processing event 483 with 14 hits......
no points to load at event 484!
processing event 485 with 13 hits......
no points to load at event 486!
processing event 487 with 26 hits(recalculating grid)......
no points to load at event 488!
processing event 489 with 15 hits......
processing event 490 with 26 hits......
processing event 491 with 17 hits......
processing event 492 with 10 hits(recalculating grid)......
no points to load at event 493!
processing event 494 with 16 hits(recalculating grid)(recalculating grid)......
processing event 495 with 30 hits......
processing event 496 with 43 hits......
processing event 497 with 52 hits(recalculating grid)......
processing event 498 with 18 hits......
processing event 499 with 20 hits......
processing event 500 with 7 hits(recalculating grid)......
no points to load at event 501!
no points to load at event 502!
processing event 503 with 16 hits......
no points to load at event 504!
no points to load at event 505!
no points to load at event 506!
no points to load at event 507!
processing event 508 with 21 hits......
no points to load at event 509!
no points to load at event 510!
processing event 511 with 11 hits......
processing event 512 with 13 hits......
no points to load at event 513!
no points to load at event 514!
processing event 515 with 25 hits......
no points to load at event 516!
processing event 517 with 49 hits......
processing event 518 with 22 hits(recalculating grid)(recalculating grid)......
no points to load at event 519!
no points to load at event 520!
no points to load at event 521!
no points to load at event 522!
processing event 523 with 34 hits(recalculating grid)......
processing event 524 with 7 hits(recalculating grid)......
no points to load at event 525!
processing event 526 with 14 hits......
no points to load at event 527!
processing event 528 with 37 hits......
no points to load at event 529!
processing event 530 with 11 hits......
processing event 531 with 28 hits......
no points to load at event 532!
no points to load at event 533!
processing event 534 with 17 hits(recalculating grid)......
processing event 535 with 13 hits......
processing event 536 with 34 hits(recalculating grid)......
no points to load at event 537!
no points to load at event 538!
processing event 539 with 35 hits......
processing event 540 with 21 hits......
processing event 541 with 23 hits......
no points to load at event 542!
processing event 543 with 29 hits......
no points to load at event 544!
processing event 545 with 25 hits......
processing event 546 with 23 hits......
no points to load at event 547!
processing event 548 with 36 hits(recalculating grid)......
processing event 549 with 13 hits......
no points to load at event 550!
processing event 551 with 13 hits(recalculating grid)......
no points to load at event 552!
processing event 553 with 10 hits......
processing event 554 with 26 hits......
processing event 555 with 16 hits......
processing event 556 with 16 hits(recalculating grid)......
processing event 557 with 9 hits......
no points to load at event 558!
processing event 559 with 16 hits......
processing event 560 with 15 hits(recalculating grid)......
processing event 561 with 18 hits(recalculating grid)......
processing event 562 with 14 hits......
processing event 563 with 19 hits......
processing event 564 with 28 hits(recalculating grid)(recalculating grid)......
processing event 565 with 11 hits......
processing event 566 with 17 hits......
processing event 567 with 12 hits......
processing event 568 with 11 hits......
processing event 569 with 31 hits......
processing event 570 with 18 hits(recalculating grid)......
processing event 571 with 17 hits......
processing event 572 with 11 hits(recalculating grid)......
processing event 573 with 16 hits......
processing event 574 with 7 hits(recalculating grid)......
no points to load at event 575!
processing event 576 with 24 hits(recalculating grid)......
processing event 577 with 25 hits(recalculating grid)......
no points to load at event 578!
processing event 579 with 11 hits......
no points to load at event 580!
processing event 581 with 12 hits(recalculating grid)(recalculating grid)(recalculating grid)......
processing event 582 with 18 hits......
processing event 583 with 19 hits......
processing event 584 with 9 hits(recalculating grid)......
processing event 585 with 16 hits(recalculating grid)......
no points to load at event 586!
processing event 587 with 23 hits......
processing event 588 with 31 hits......
processing event 589 with 47 hits(recalculating grid)......
processing event 590 with 12 hits......
processing event 591 with 7 hits(recalculating grid)(recalculating grid)(recalculating grid)......
no points to load at event 592!
processing event 593 with 15 hits(recalculating grid)(recalculating grid)(recalculating grid)(recalculating grid)......
processing event 594 with 17 hits......
processing event 595 with 33 hits(recalculating grid)......
processing event 596 with 7 hits(recalculating grid)(recalculating grid)(recalculating grid)......
processing event 597 with 26 hits......
no points to load at event 598!
processing event 599 with 13 hits......
processing event 600 with 10 hits......
processing event 601 with 17 hits(recalculating grid)(recalculating grid)......
no points to load at event 602!
processing event 603 with 16 hits......
processing event 604 with 27 hits......
no points to load at event 605!
processing event 606 with 22 hits(recalculating grid)......
processing event 607 with 14 hits......
processing event 608 with 33 hits(recalculating grid)(recalculating grid)......
no points to load at event 609!
processing event 610 with 14 hits......
no points to load at event 611!
processing event 612 with 27 hits......
processing event 613 with 21 hits(recalculating grid)......
processing event 614 with 16 hits(recalculating grid)......
processing event 615 with 27 hits......
no points to load at event 616!
processing event 617 with 22 hits(recalculating grid)......
no points to load at event 618!
processing event 619 with 10 hits(recalculating grid)......
processing event 620 with 23 hits......
processing event 621 with 26 hits......
no points to load at event 622!
processing event 623 with 11 hits(recalculating grid)(recalculating grid)(recalculating grid)......
no points to load at event 624!
no points to load at event 625!
processing event 626 with 31 hits(recalculating grid)......
no points to load at event 627!
no points to load at event 628!
no points to load at event 629!
processing event 630 with 16 hits......
processing event 631 with 11 hits......
no points to load at event 632!
processing event 633 with 13 hits......
processing event 634 with 23 hits......
processing event 635 with 30 hits......
no points to load at event 636!
processing event 637 with 28 hits......
no points to load at event 638!
processing event 639 with 22 hits(recalculating grid)(recalculating grid)......
processing event 640 with 24 hits......
no points to load at event 641!
processing event 642 with 20 hits......
processing event 643 with 16 hits(recalculating grid)(recalculating grid)......
processing event 644 with 14 hits......
processing event 645 with 17 hits......
processing event 646 with 15 hits(recalculating grid)......
processing event 647 with 16 hits(recalculating grid)......
no points to load at event 648!
processing event 649 with 42 hits......
no points to load at event 650!
processing event 651 with 16 hits......
processing event 652 with 32 hits......
processing event 653 with 16 hits(recalculating grid)......
no points to load at event 654!
processing event 655 with 24 hits(recalculating grid)(recalculating grid)......
processing event 656 with 22 hits......
no points to load at event 657!
processing event 658 with 18 hits......
processing event 659 with 27 hits......
no points to load at event 660!
no points to load at event 661!
processing event 662 with 14 hits(recalculating grid)......
processing event 663 with 18 hits......
processing event 664 with 19 hits(recalculating grid)......
processing event 665 with 25 hits......
processing event 666 with 20 hits......
no points to load at event 667!
processing event 668 with 28 hits......
processing event 669 with 32 hits(recalculating grid)(recalculating grid)......
processing event 670 with 20 hits......
no points to load at event 671!
no points to load at event 672!
processing event 673 with 22 hits......
processing event 674 with 16 hits......
no points to load at event 675!
processing event 676 with 15 hits......
processing event 677 with 10 hits......
processing event 678 with 14 hits......
processing event 679 with 30 hits......
processing event 680 with 16 hits(recalculating grid)(recalculating grid)......
processing event 681 with 13 hits......
no points to load at event 682!
processing event 683 with 22 hits......
processing event 684 with 27 hits......
no points to load at event 685!
no points to load at event 686!
no points to load at event 687!
no points to load at event 688!
processing event 689 with 33 hits......
processing event 690 with 21 hits......
no points to load at event 691!
processing event 692 with 15 hits(recalculating grid)(recalculating grid)......
no points to load at event 693!
no points to load at event 694!
no points to load at event 695!
no points to load at event 696!
no points to load at event 697!
processing event 698 with 13 hits......
processing event 699 with 20 hits......
processing event 700 with 16 hits......
processing event 701 with 10 hits......
no points to load at event 702!
processing event 703 with 13 hits......
processing event 704 with 26 hits......
no points to load at event 705!
no points to load at event 706!
processing event 707 with 15 hits......
processing event 708 with 15 hits......
no points to load at event 709!
processing event 710 with 15 hits......
no points to load at event 711!
no points to load at event 712!
processing event 713 with 16 hits......
no points to load at event 714!
processing event 715 with 13 hits......
processing event 716 with 13 hits......
processing event 717 with 13 hits......
processing event 718 with 10 hits(recalculating grid)(recalculating grid)(recalculating grid)......
no points to load at event 719!
processing event 720 with 35 hits(recalculating grid)......
processing event 721 with 11 hits......
processing event 722 with 27 hits......
processing event 723 with 20 hits......
no points to load at event 724!
processing event 725 with 21 hits(recalculating grid)......
no points to load at event 726!
processing event 727 with 14 hits(recalculating grid)......
processing event 728 with 35 hits(recalculating grid)......
processing event 729 with 32 hits(recalculating grid)(recalculating grid)......
no points to load at event 730!
processing event 731 with 20 hits......
no points to load at event 732!
processing event 733 with 14 hits......
processing event 734 with 12 hits(recalculating grid)......
processing event 735 with 16 hits......
processing event 736 with 9 hits(recalculating grid)......
processing event 737 with 18 hits(recalculating grid)......
no points to load at event 738!
processing event 739 with 9 hits......
no points to load at event 740!
no points to load at event 741!
processing event 742 with 14 hits......
processing event 743 with 9 hits......
processing event 744 with 17 hits......
processing event 745 with 19 hits......
no points to load at event 746!
processing event 747 with 13 hits......
processing event 748 with 36 hits......
processing event 749 with 29 hits......
no points to load at event 750!
processing event 751 with 20 hits......
no points to load at event 752!
processing event 753 with 9 hits......
processing event 754 with 16 hits......
processing event 755 with 16 hits......
no points to load at event 756!
processing event 757 with 38 hits......
processing event 758 with 17 hits......
no points to load at event 759!
no points to load at event 760!
no points to load at event 761!
processing event 762 with 10 hits(recalculating grid)......
no points to load at event 763!
no points to load at event 764!
processing event 765 with 16 hits......
processing event 766 with 15 hits......
processing event 767 with 22 hits......
processing event 768 with 16 hits(recalculating grid)(recalculating grid)......
no points to load at event 769!
no points to load at event 770!
processing event 771 with 9 hits(recalculating grid)......
processing event 772 with 26 hits......
processing event 773 with 15 hits......
processing event 774 with 8 hits(recalculating grid)......
no points to load at event 775!
processing event 776 with 22 hits(recalculating grid)......
no points to load at event 777!
processing event 778 with 17 hits......
processing event 779 with 25 hits......
processing event 780 with 15 hits......
processing event 781 with 24 hits(recalculating grid)......
no points to load at event 782!
no points to load at event 783!
processing event 784 with 23 hits......
processing event 785 with 14 hits......
no points to load at event 786!
no points to load at event 787!
processing event 788 with 34 hits......
processing event 789 with 29 hits(recalculating grid)......
processing event 790 with 14 hits(recalculating grid)......
processing event 791 with 36 hits......
no points to load at event 792!
processing event 793 with 16 hits......
no points to load at event 794!
processing event 795 with 16 hits......
processing event 796 with 23 hits......
no points to load at event 797!
processing event 798 with 16 hits......
processing event 799 with 21 hits......
processing event 800 with 12 hits......
no points to load at event 801!
no points to load at event 802!
processing event 803 with 13 hits......
processing event 804 with 40 hits......
processing event 805 with 21 hits......
processing event 806 with 15 hits(recalculating grid)(recalculating grid)......
no points to load at event 807!
processing event 808 with 40 hits(recalculating grid)......
no points to load at event 809!
processing event 810 with 18 hits(recalculating grid)(recalculating grid)......
processing event 811 with 9 hits......
processing event 812 with 15 hits(recalculating grid)......
processing event 813 with 33 hits......
no points to load at event 814!
no points to load at event 815!
processing event 816 with 28 hits(recalculating grid)......
processing event 817 with 20 hits......
processing event 818 with 9 hits......
no points to load at event 819!
processing event 820 with 13 hits......
no points to load at event 821!
no points to load at event 822!
processing event 823 with 20 hits......
processing event 824 with 17 hits......
no points to load at event 825!
processing event 826 with 11 hits......
processing event 827 with 16 hits......
processing event 828 with 22 hits......
no points to load at event 829!
processing event 830 with 17 hits(recalculating grid)......
processing event 831 with 23 hits......
no points to load at event 832!
processing event 833 with 24 hits......
processing event 834 with 10 hits(recalculating grid)(recalculating grid)......
no points to load at event 835!
no points to load at event 836!
no points to load at event 837!
processing event 838 with 13 hits(recalculating grid)......
no points to load at event 839!
no points to load at event 840!
processing event 841 with 19 hits(recalculating grid)(recalculating grid)(recalculating grid)......
processing event 842 with 18 hits......
no points to load at event 843!
processing event 844 with 27 hits(recalculating grid)......
processing event 845 with 28 hits......
processing event 846 with 27 hits(recalculating grid)......
processing event 847 with 15 hits......
processing event 848 with 31 hits(recalculating grid)......
no points to load at event 849!
processing event 850 with 28 hits(recalculating grid)......
processing event 851 with 27 hits(recalculating grid)......
processing event 852 with 14 hits......
processing event 853 with 18 hits......
no points to load at event 854!
processing event 855 with 11 hits(recalculating grid)......
processing event 856 with 22 hits(recalculating grid)......
no points to load at event 857!
processing event 858 with 16 hits......
no points to load at event 859!
processing event 860 with 24 hits......
processing event 861 with 17 hits(recalculating grid)......
processing event 862 with 17 hits......
no points to load at event 863!
no points to load at event 864!
no points to load at event 865!
processing event 866 with 15 hits......
processing event 867 with 13 hits......
processing event 868 with 17 hits......
no points to load at event 869!
processing event 870 with 26 hits......
no points to load at event 871!
processing event 872 with 27 hits(recalculating grid)......
processing event 873 with 12 hits......
processing event 874 with 9 hits(recalculating grid)......
no points to load at event 875!
processing event 876 with 16 hits......
processing event 877 with 20 hits......
processing event 878 with 12 hits(recalculating grid)......
processing event 879 with 23 hits......
no points to load at event 880!
no points to load at event 881!
no points to load at event 882!
processing event 883 with 11 hits(recalculating grid)......
processing event 884 with 21 hits(recalculating grid)......
processing event 885 with 17 hits......
processing event 886 with 11 hits......
processing event 887 with 29 hits......
processing event 888 with 17 hits(recalculating grid)......
processing event 889 with 19 hits......
processing event 890 with 39 hits(recalculating grid)......
processing event 891 with 19 hits......
processing event 892 with 27 hits......
processing event 893 with 16 hits......
processing event 894 with 14 hits(recalculating grid)......
no points to load at event 895!
processing event 896 with 9 hits......
processing event 897 with 23 hits......
processing event 898 with 13 hits......
processing event 899 with 12 hits(recalculating grid)......
processing event 900 with 26 hits......
processing event 901 with 23 hits......
processing event 902 with 17 hits(recalculating grid)......
processing event 903 with 16 hits......
no points to load at event 904!
no points to load at event 905!
processing event 906 with 25 hits(recalculating grid)......
processing event 907 with 18 hits......
no points to load at event 908!
processing event 909 with 31 hits......
processing event 910 with 18 hits......
processing event 911 with 11 hits......
processing event 912 with 23 hits......
processing event 913 with 12 hits......
no points to load at event 914!
no points to load at event 915!
processing event 916 with 35 hits......
processing event 917 with 28 hits......
no points to load at event 918!
processing event 919 with 8 hits(recalculating grid)......
no points to load at event 920!
processing event 921 with 19 hits......
processing event 922 with 21 hits......
processing event 923 with 11 hits(recalculating grid)......
processing event 924 with 13 hits(recalculating grid)......
processing event 925 with 20 hits......
processing event 926 with 9 hits......
no points to load at event 927!
processing event 928 with 15 hits......
processing event 929 with 21 hits......
no points to load at event 930!
processing event 931 with 11 hits(recalculating grid)......
processing event 932 with 15 hits......
processing event 933 with 34 hits......
processing event 934 with 21 hits......
processing event 935 with 24 hits......
processing event 936 with 14 hits(recalculating grid)......
processing event 937 with 19 hits......
no points to load at event 938!
processing event 939 with 21 hits(recalculating grid)......
processing event 940 with 25 hits(recalculating grid)......
no points to load at event 941!
no points to load at event 942!
processing event 943 with 52 hits(recalculating grid)......
processing event 944 with 18 hits......
no points to load at event 945!
processing event 946 with 13 hits(recalculating grid)......
no points to load at event 947!
processing event 948 with 8 hits......
no points to load at event 949!
processing event 950 with 8 hits(recalculating grid)(recalculating grid)(recalculating grid)......
processing event 951 with 9 hits......
processing event 952 with 17 hits(recalculating grid)......
processing event 953 with 13 hits......
no points to load at event 954!
no points to load at event 955!
processing event 956 with 11 hits......
processing event 957 with 14 hits......
no points to load at event 958!
processing event 959 with 20 hits......
no points to load at event 960!
processing event 961 with 17 hits......
no points to load at event 962!
processing event 963 with 14 hits......
processing event 964 with 23 hits......
processing event 965 with 17 hits......
processing event 966 with 12 hits......
no points to load at event 967!
processing event 968 with 20 hits......
no points to load at event 969!
no points to load at event 970!
no points to load at event 971!
processing event 972 with 18 hits......
processing event 973 with 38 hits(recalculating grid)......
processing event 974 with 17 hits......
processing event 975 with 27 hits(recalculating grid)......
processing event 976 with 22 hits......
processing event 977 with 18 hits......
processing event 978 with 25 hits......
processing event 979 with 8 hits(recalculating grid)(recalculating grid)......
processing event 980 with 22 hits......
processing event 981 with 21 hits......
processing event 982 with 11 hits(recalculating grid)......
processing event 983 with 28 hits(recalculating grid)......
no points to load at event 984!
processing event 985 with 19 hits......
no points to load at event 986!
processing event 987 with 10 hits......
processing event 988 with 17 hits......
processing event 989 with 36 hits......
processing event 990 with 13 hits......
processing event 991 with 11 hits......
no points to load at event 992!
processing event 993 with 19 hits(recalculating grid)......
processing event 994 with 17 hits(recalculating grid)......
processing event 995 with 22 hits(recalculating grid)......
no points to load at event 996!
no points to load at event 997!
processing event 998 with 14 hits(recalculating grid)......
processing event 999 with 21 hits(recalculating grid)......
processing event 1000 with 10 hits(recalculating grid)(recalculating grid)......
