processing event 1 with 27 hits......
processing event 2 with 34 hits......
processing event 3 with 60 hits......
processing event 4 with 57 hits......
processing event 5 with 42 hits......
processing event 6 with 62 hits......
processing event 7 with 59 hits......
processing event 8 with 34 hits......
processing event 9 with 59 hits......
processing event 10 with 33 hits......
processing event 11 with 40 hits......
processing event 12 with 26 hits......
processing event 13 with 62 hits......
processing event 14 with 47 hits......
processing event 15 with 73 hits......
processing event 16 with 79 hits......
processing event 17 with 60 hits......
processing event 18 with 42 hits......
processing event 19 with 53 hits......
processing event 20 with 54 hits......
processing event 21 with 61 hits......
processing event 22 with 45 hits......
processing event 23 with 66 hits......
processing event 24 with 53 hits......
processing event 25 with 36 hits......
processing event 26 with 69 hits......
processing event 27 with 76 hits......
processing event 28 with 31 hits......
processing event 29 with 51 hits......
processing event 30 with 61 hits......
processing event 31 with 45 hits......
processing event 32 with 76 hits......
processing event 33 with 57 hits......
processing event 34 with 49 hits......
processing event 35 with 67 hits......
processing event 36 with 64 hits......
processing event 37 with 56 hits......
processing event 38 with 57 hits......
processing event 39 with 45 hits......
processing event 40 with 53 hits......
processing event 41 with 37 hits......
processing event 42 with 68 hits......
processing event 43 with 62 hits......
processing event 44 with 63 hits......
processing event 45 with 70 hits......
processing event 46 with 50 hits......
processing event 47 with 50 hits......
processing event 48 with 63 hits......
processing event 49 with 63 hits......
processing event 50 with 44 hits......
processing event 51 with 59 hits......
processing event 52 with 56 hits......
processing event 53 with 65 hits......
processing event 54 with 37 hits......
processing event 55 with 61 hits......
processing event 56 with 57 hits......
processing event 57 with 30 hits......
processing event 58 with 58 hits......
processing event 59 with 55 hits......
processing event 60 with 37 hits......
processing event 61 with 61 hits......
processing event 62 with 28 hits......
processing event 63 with 66 hits......
processing event 64 with 72 hits......
processing event 65 with 46 hits......
processing event 66 with 65 hits......
processing event 67 with 55 hits......
processing event 68 with 55 hits......
processing event 69 with 47 hits......
processing event 70 with 51 hits......
processing event 71 with 47 hits......
processing event 72 with 63 hits......
processing event 73 with 73 hits......
processing event 74 with 48 hits......
processing event 75 with 65 hits......
processing event 76 with 63 hits......
processing event 77 with 51 hits......
processing event 78 with 39 hits......
processing event 79 with 49 hits(recalculating grid)......
processing event 80 with 64 hits......
processing event 81 with 49 hits......
processing event 82 with 59 hits......
processing event 83 with 47 hits......
processing event 84 with 52 hits......
processing event 85 with 51 hits......
processing event 86 with 43 hits......
processing event 87 with 61 hits......
processing event 88 with 66 hits......
processing event 89 with 41 hits......
processing event 90 with 68 hits......
processing event 91 with 55 hits......
processing event 92 with 56 hits......
no points to load at event 93!
processing event 94 with 61 hits......
processing event 95 with 57 hits......
processing event 96 with 71 hits......
processing event 97 with 60 hits......
processing event 98 with 37 hits......
processing event 99 with 56 hits......
processing event 100 with 61 hits......
processing event 101 with 90 hits(recalculating grid)......
processing event 102 with 57 hits......
processing event 103 with 60 hits......
processing event 104 with 53 hits......
processing event 105 with 19 hits......
processing event 106 with 60 hits......
processing event 107 with 57 hits......
processing event 108 with 52 hits......
processing event 109 with 59 hits......
processing event 110 with 49 hits(recalculating grid)......
processing event 111 with 51 hits......
processing event 112 with 49 hits......
processing event 113 with 51 hits......
processing event 114 with 53 hits......
processing event 115 with 42 hits......
processing event 116 with 50 hits......
processing event 117 with 52 hits......
processing event 118 with 79 hits......
processing event 119 with 59 hits......
processing event 120 with 43 hits......
processing event 121 with 54 hits......
processing event 122 with 62 hits......
processing event 123 with 50 hits......
processing event 124 with 67 hits......
processing event 125 with 49 hits......
processing event 126 with 39 hits(recalculating grid)......
processing event 127 with 27 hits......
processing event 128 with 70 hits......
processing event 129 with 56 hits......
processing event 130 with 33 hits(recalculating grid)......
processing event 131 with 64 hits......
processing event 132 with 64 hits......
processing event 133 with 58 hits......
processing event 134 with 76 hits......
processing event 135 with 53 hits......
processing event 136 with 57 hits......
processing event 137 with 22 hits......
processing event 138 with 55 hits......
processing event 139 with 74 hits......
processing event 140 with 68 hits......
processing event 141 with 70 hits......
processing event 142 with 44 hits......
processing event 143 with 49 hits(recalculating grid)(recalculating grid)......
processing event 144 with 45 hits......
processing event 145 with 48 hits......
processing event 146 with 57 hits......
processing event 147 with 33 hits(recalculating grid)......
processing event 148 with 50 hits......
processing event 149 with 56 hits......
processing event 150 with 56 hits......
processing event 151 with 58 hits......
processing event 152 with 71 hits......
processing event 153 with 49 hits(recalculating grid)......
processing event 154 with 85 hits......
processing event 155 with 51 hits......
processing event 156 with 38 hits(recalculating grid)......
processing event 157 with 23 hits......
processing event 158 with 41 hits......
processing event 159 with 69 hits......
processing event 160 with 72 hits......
processing event 161 with 58 hits......
processing event 162 with 52 hits......
processing event 163 with 35 hits......
processing event 164 with 55 hits......
processing event 165 with 72 hits(recalculating grid)......
processing event 166 with 52 hits......
processing event 167 with 50 hits......
processing event 168 with 18 hits......
processing event 169 with 60 hits......
processing event 170 with 57 hits......
processing event 171 with 60 hits......
processing event 172 with 47 hits(recalculating grid)......
processing event 173 with 53 hits......
processing event 174 with 46 hits......
processing event 175 with 46 hits......
processing event 176 with 48 hits(recalculating grid)......
processing event 177 with 54 hits......
processing event 178 with 59 hits......
processing event 179 with 50 hits......
processing event 180 with 57 hits......
processing event 181 with 59 hits......
processing event 182 with 64 hits......
processing event 183 with 59 hits......
processing event 184 with 67 hits......
processing event 185 with 54 hits......
processing event 186 with 30 hits......
processing event 187 with 48 hits......
processing event 188 with 66 hits(recalculating grid)......
processing event 189 with 22 hits......
processing event 190 with 72 hits......
processing event 191 with 45 hits......
processing event 192 with 40 hits......
processing event 193 with 76 hits......
processing event 194 with 59 hits......
processing event 195 with 64 hits......
processing event 196 with 59 hits......
processing event 197 with 68 hits......
processing event 198 with 56 hits......
processing event 199 with 58 hits......
processing event 200 with 37 hits......
processing event 201 with 72 hits......
processing event 202 with 54 hits......
processing event 203 with 50 hits......
processing event 204 with 61 hits......
processing event 205 with 52 hits......
processing event 206 with 56 hits......
processing event 207 with 51 hits......
processing event 208 with 66 hits......
processing event 209 with 42 hits......
processing event 210 with 49 hits......
processing event 211 with 41 hits......
processing event 212 with 57 hits......
processing event 213 with 41 hits......
processing event 214 with 60 hits......
processing event 215 with 39 hits......
processing event 216 with 55 hits......
processing event 217 with 46 hits......
processing event 218 with 62 hits......
processing event 219 with 45 hits......
processing event 220 with 50 hits......
processing event 221 with 56 hits......
processing event 222 with 62 hits......
processing event 223 with 57 hits......
processing event 224 with 46 hits......
processing event 225 with 45 hits......
processing event 226 with 58 hits(recalculating grid)......
processing event 227 with 52 hits......
processing event 228 with 35 hits......
processing event 229 with 60 hits......
processing event 230 with 53 hits......
processing event 231 with 41 hits......
processing event 232 with 64 hits......
processing event 233 with 27 hits......
processing event 234 with 47 hits......
processing event 235 with 43 hits......
processing event 236 with 57 hits(recalculating grid)......
processing event 237 with 50 hits......
processing event 238 with 78 hits......
processing event 239 with 62 hits......
processing event 240 with 68 hits......
processing event 241 with 50 hits......
processing event 242 with 42 hits......
processing event 243 with 68 hits......
processing event 244 with 45 hits......
processing event 245 with 32 hits......
processing event 246 with 61 hits......
processing event 247 with 55 hits......
processing event 248 with 69 hits......
processing event 249 with 54 hits......
processing event 250 with 58 hits......
processing event 251 with 52 hits......
processing event 252 with 52 hits......
processing event 253 with 51 hits......
processing event 254 with 54 hits......
processing event 255 with 52 hits......
processing event 256 with 59 hits......
processing event 257 with 30 hits......
processing event 258 with 55 hits......
processing event 259 with 71 hits......
processing event 260 with 45 hits......
processing event 261 with 71 hits......
processing event 262 with 50 hits......
processing event 263 with 58 hits......
no points to load at event 264!
processing event 265 with 48 hits(recalculating grid)......
processing event 266 with 48 hits......
processing event 267 with 60 hits......
processing event 268 with 80 hits......
processing event 269 with 28 hits......
processing event 270 with 87 hits(recalculating grid)......
processing event 271 with 68 hits......
processing event 272 with 47 hits......
processing event 273 with 54 hits......
processing event 274 with 55 hits......
processing event 275 with 48 hits......
processing event 276 with 60 hits......
processing event 277 with 61 hits......
processing event 278 with 75 hits......
processing event 279 with 70 hits......
processing event 280 with 45 hits......
processing event 281 with 35 hits......
processing event 282 with 62 hits......
processing event 283 with 57 hits......
processing event 284 with 54 hits......
processing event 285 with 21 hits......
processing event 286 with 78 hits......
processing event 287 with 65 hits......
processing event 288 with 40 hits......
processing event 289 with 40 hits......
processing event 290 with 70 hits......
processing event 291 with 60 hits......
processing event 292 with 51 hits......
processing event 293 with 54 hits......
processing event 294 with 61 hits(recalculating grid)(recalculating grid)......
processing event 295 with 50 hits......
processing event 296 with 56 hits......
processing event 297 with 71 hits......
processing event 298 with 51 hits......
processing event 299 with 58 hits......
processing event 300 with 52 hits......
processing event 301 with 56 hits......
processing event 302 with 58 hits......
processing event 303 with 66 hits......
processing event 304 with 41 hits......
processing event 305 with 50 hits......
processing event 306 with 31 hits......
no points to load at event 307!
processing event 308 with 43 hits......
processing event 309 with 73 hits......
processing event 310 with 56 hits......
processing event 311 with 48 hits......
processing event 312 with 62 hits(recalculating grid)......
processing event 313 with 70 hits......
processing event 314 with 62 hits......
processing event 315 with 54 hits......
processing event 316 with 55 hits......
processing event 317 with 66 hits......
processing event 318 with 53 hits......
processing event 319 with 39 hits......
processing event 320 with 65 hits......
processing event 321 with 45 hits......
processing event 322 with 27 hits......
processing event 323 with 49 hits......
processing event 324 with 53 hits......
processing event 325 with 62 hits......
processing event 326 with 61 hits......
processing event 327 with 43 hits......
processing event 328 with 34 hits(recalculating grid)......
processing event 329 with 56 hits......
processing event 330 with 10 hits(recalculating grid)(recalculating grid)......
processing event 331 with 56 hits......
processing event 332 with 60 hits......
processing event 333 with 53 hits......
processing event 334 with 93 hits......
processing event 335 with 35 hits(recalculating grid)......
processing event 336 with 33 hits......
processing event 337 with 62 hits......
processing event 338 with 58 hits......
processing event 339 with 49 hits......
processing event 340 with 36 hits......
processing event 341 with 47 hits......
processing event 342 with 50 hits......
processing event 343 with 44 hits......
processing event 344 with 37 hits......
processing event 345 with 63 hits......
processing event 346 with 58 hits......
processing event 347 with 62 hits......
processing event 348 with 73 hits......
processing event 349 with 39 hits......
processing event 350 with 41 hits......
processing event 351 with 40 hits......
processing event 352 with 55 hits......
processing event 353 with 57 hits......
processing event 354 with 47 hits(recalculating grid)......
processing event 355 with 41 hits......
processing event 356 with 72 hits......
processing event 357 with 47 hits......
processing event 358 with 60 hits(recalculating grid)......
processing event 359 with 41 hits......
processing event 360 with 48 hits......
processing event 361 with 59 hits......
processing event 362 with 55 hits......
processing event 363 with 50 hits......
processing event 364 with 38 hits......
processing event 365 with 33 hits......
processing event 366 with 64 hits......
processing event 367 with 63 hits......
processing event 368 with 58 hits......
processing event 369 with 57 hits......
processing event 370 with 58 hits......
processing event 371 with 57 hits......
processing event 372 with 63 hits......
processing event 373 with 49 hits......
processing event 374 with 85 hits......
processing event 375 with 57 hits......
processing event 376 with 51 hits......
processing event 377 with 41 hits......
processing event 378 with 71 hits......
processing event 379 with 35 hits......
processing event 380 with 45 hits......
processing event 381 with 49 hits......
processing event 382 with 53 hits......
processing event 383 with 59 hits......
processing event 384 with 61 hits......
processing event 385 with 45 hits......
processing event 386 with 58 hits......
processing event 387 with 71 hits......
processing event 388 with 44 hits......
processing event 389 with 24 hits......
processing event 390 with 90 hits......
processing event 391 with 45 hits......
processing event 392 with 28 hits(recalculating grid)......
processing event 393 with 57 hits(recalculating grid)......
processing event 394 with 62 hits......
processing event 395 with 37 hits......
processing event 396 with 64 hits......
processing event 397 with 43 hits......
processing event 398 with 33 hits......
processing event 399 with 50 hits......
processing event 400 with 51 hits......
processing event 401 with 50 hits(recalculating grid)......
processing event 402 with 66 hits......
processing event 403 with 55 hits......
processing event 404 with 27 hits......
processing event 405 with 45 hits......
processing event 406 with 73 hits......
processing event 407 with 63 hits......
processing event 408 with 63 hits......
processing event 409 with 56 hits......
processing event 410 with 65 hits......
processing event 411 with 43 hits......
processing event 412 with 55 hits......
processing event 413 with 75 hits......
processing event 414 with 65 hits......
processing event 415 with 55 hits......
processing event 416 with 76 hits(recalculating grid)......
processing event 417 with 40 hits......
processing event 418 with 36 hits......
processing event 419 with 64 hits......
processing event 420 with 44 hits......
processing event 421 with 64 hits......
processing event 422 with 60 hits......
processing event 423 with 58 hits......
processing event 424 with 64 hits......
processing event 425 with 51 hits......
processing event 426 with 61 hits......
processing event 427 with 36 hits......
processing event 428 with 53 hits......
processing event 429 with 51 hits......
processing event 430 with 58 hits......
processing event 431 with 56 hits......
processing event 432 with 53 hits......
processing event 433 with 49 hits......
processing event 434 with 56 hits......
processing event 435 with 61 hits......
processing event 436 with 38 hits......
processing event 437 with 56 hits......
processing event 438 with 29 hits(recalculating grid)......
processing event 439 with 63 hits......
processing event 440 with 55 hits......
processing event 441 with 32 hits......
processing event 442 with 71 hits......
processing event 443 with 68 hits......
processing event 444 with 62 hits......
processing event 445 with 65 hits......
processing event 446 with 48 hits......
processing event 447 with 59 hits......
processing event 448 with 46 hits......
processing event 449 with 46 hits......
processing event 450 with 51 hits......
processing event 451 with 56 hits......
processing event 452 with 71 hits......
processing event 453 with 44 hits......
processing event 454 with 59 hits......
processing event 455 with 50 hits......
processing event 456 with 30 hits(recalculating grid)......
processing event 457 with 59 hits......
processing event 458 with 69 hits......
processing event 459 with 43 hits......
processing event 460 with 19 hits......
processing event 461 with 45 hits......
processing event 462 with 64 hits......
processing event 463 with 52 hits......
processing event 464 with 36 hits......
processing event 465 with 49 hits......
processing event 466 with 44 hits......
processing event 467 with 58 hits......
processing event 468 with 44 hits......
processing event 469 with 57 hits......
processing event 470 with 39 hits......
processing event 471 with 77 hits(recalculating grid)......
processing event 472 with 58 hits......
processing event 473 with 47 hits(recalculating grid)......
processing event 474 with 49 hits......
processing event 475 with 48 hits......
processing event 476 with 58 hits......
processing event 477 with 69 hits......
processing event 478 with 48 hits......
processing event 479 with 58 hits......
processing event 480 with 54 hits......
processing event 481 with 51 hits......
processing event 482 with 68 hits......
processing event 483 with 61 hits......
processing event 484 with 46 hits......
processing event 485 with 65 hits......
processing event 486 with 48 hits......
processing event 487 with 58 hits......
processing event 488 with 56 hits......
processing event 489 with 56 hits......
processing event 490 with 55 hits......
processing event 491 with 43 hits......
processing event 492 with 46 hits......
processing event 493 with 45 hits......
processing event 494 with 48 hits(recalculating grid)......
processing event 495 with 56 hits......
processing event 496 with 32 hits......
processing event 497 with 57 hits......
processing event 498 with 61 hits......
processing event 499 with 50 hits......
processing event 500 with 56 hits......
processing event 501 with 53 hits......
no points to load at event 502!
processing event 503 with 70 hits......
processing event 504 with 62 hits......
processing event 505 with 45 hits(recalculating grid)......
processing event 506 with 31 hits......
processing event 507 with 50 hits......
processing event 508 with 50 hits......
processing event 509 with 53 hits......
processing event 510 with 60 hits......
processing event 511 with 43 hits(recalculating grid)......
processing event 512 with 45 hits......
processing event 513 with 79 hits......
processing event 514 with 48 hits......
processing event 515 with 60 hits......
processing event 516 with 62 hits......
processing event 517 with 66 hits......
processing event 518 with 58 hits......
processing event 519 with 77 hits......
processing event 520 with 45 hits......
processing event 521 with 19 hits......
processing event 522 with 37 hits......
processing event 523 with 44 hits......
processing event 524 with 64 hits......
processing event 525 with 52 hits......
processing event 526 with 45 hits......
processing event 527 with 63 hits(recalculating grid)......
processing event 528 with 48 hits......
processing event 529 with 69 hits......
processing event 530 with 62 hits......
processing event 531 with 53 hits......
processing event 532 with 62 hits......
processing event 533 with 19 hits......
processing event 534 with 30 hits......
processing event 535 with 34 hits......
processing event 536 with 59 hits......
processing event 537 with 57 hits......
processing event 538 with 69 hits......
processing event 539 with 62 hits......
processing event 540 with 46 hits......
processing event 541 with 56 hits......
processing event 542 with 39 hits(recalculating grid)......
processing event 543 with 55 hits......
processing event 544 with 33 hits......
processing event 545 with 68 hits......
processing event 546 with 28 hits......
processing event 547 with 51 hits......
processing event 548 with 53 hits......
processing event 549 with 44 hits(recalculating grid)......
processing event 550 with 69 hits......
processing event 551 with 71 hits......
processing event 552 with 62 hits......
processing event 553 with 63 hits......
processing event 554 with 63 hits......
processing event 555 with 96 hits......
processing event 556 with 45 hits......
processing event 557 with 61 hits......
processing event 558 with 58 hits......
processing event 559 with 64 hits......
processing event 560 with 59 hits......
processing event 561 with 62 hits......
processing event 562 with 47 hits......
processing event 563 with 42 hits......
processing event 564 with 70 hits......
processing event 565 with 54 hits......
processing event 566 with 53 hits......
processing event 567 with 47 hits......
processing event 568 with 47 hits......
processing event 569 with 60 hits......
processing event 570 with 75 hits......
processing event 571 with 58 hits......
processing event 572 with 55 hits......
processing event 573 with 67 hits......
processing event 574 with 51 hits......
processing event 575 with 51 hits......
processing event 576 with 44 hits......
processing event 577 with 63 hits......
processing event 578 with 51 hits......
processing event 579 with 34 hits......
processing event 580 with 62 hits......
processing event 581 with 55 hits......
processing event 582 with 44 hits......
processing event 583 with 63 hits......
processing event 584 with 55 hits......
processing event 585 with 62 hits......
processing event 586 with 45 hits......
processing event 587 with 65 hits......
processing event 588 with 70 hits......
processing event 589 with 57 hits......
processing event 590 with 68 hits......
processing event 591 with 53 hits......
processing event 592 with 42 hits......
processing event 593 with 48 hits......
processing event 594 with 65 hits......
processing event 595 with 48 hits......
processing event 596 with 52 hits......
processing event 597 with 63 hits......
processing event 598 with 52 hits......
processing event 599 with 62 hits......
processing event 600 with 63 hits......
processing event 601 with 56 hits......
processing event 602 with 46 hits......
processing event 603 with 75 hits......
processing event 604 with 38 hits......
processing event 605 with 72 hits......
processing event 606 with 63 hits......
processing event 607 with 78 hits......
processing event 608 with 39 hits......
processing event 609 with 40 hits......
processing event 610 with 71 hits......
processing event 611 with 53 hits......
processing event 612 with 34 hits......
processing event 613 with 54 hits......
processing event 614 with 45 hits......
processing event 615 with 49 hits......
processing event 616 with 54 hits......
processing event 617 with 51 hits......
processing event 618 with 53 hits......
processing event 619 with 69 hits......
processing event 620 with 59 hits......
processing event 621 with 41 hits......
processing event 622 with 61 hits......
processing event 623 with 60 hits(recalculating grid)......
processing event 624 with 44 hits......
processing event 625 with 50 hits......
processing event 626 with 64 hits......
processing event 627 with 57 hits......
processing event 628 with 50 hits......
processing event 629 with 46 hits......
processing event 630 with 36 hits......
processing event 631 with 61 hits......
processing event 632 with 61 hits(recalculating grid)......
processing event 633 with 48 hits(recalculating grid)......
processing event 634 with 46 hits......
processing event 635 with 79 hits......
processing event 636 with 48 hits......
processing event 637 with 57 hits......
processing event 638 with 63 hits......
processing event 639 with 47 hits......
processing event 640 with 73 hits......
processing event 641 with 45 hits(recalculating grid)......
processing event 642 with 59 hits......
processing event 643 with 48 hits(recalculating grid)......
processing event 644 with 64 hits......
processing event 645 with 86 hits......
processing event 646 with 21 hits......
processing event 647 with 34 hits......
processing event 648 with 56 hits......
processing event 649 with 72 hits......
processing event 650 with 54 hits......
processing event 651 with 48 hits......
processing event 652 with 40 hits(recalculating grid)......
processing event 653 with 26 hits(recalculating grid)......
processing event 654 with 56 hits......
processing event 655 with 73 hits......
processing event 656 with 71 hits......
processing event 657 with 56 hits......
processing event 658 with 61 hits......
processing event 659 with 39 hits(recalculating grid)......
processing event 660 with 68 hits......
processing event 661 with 55 hits......
processing event 662 with 63 hits......
processing event 663 with 57 hits......
processing event 664 with 65 hits......
processing event 665 with 66 hits......
processing event 666 with 77 hits......
processing event 667 with 51 hits......
processing event 668 with 39 hits......
processing event 669 with 52 hits......
processing event 670 with 54 hits......
processing event 671 with 59 hits......
processing event 672 with 34 hits......
processing event 673 with 46 hits......
processing event 674 with 45 hits......
processing event 675 with 67 hits......
processing event 676 with 49 hits......
processing event 677 with 62 hits......
processing event 678 with 20 hits......
processing event 679 with 41 hits......
processing event 680 with 69 hits......
processing event 681 with 64 hits......
processing event 682 with 56 hits......
processing event 683 with 52 hits(recalculating grid)......
processing event 684 with 61 hits......
processing event 685 with 53 hits......
processing event 686 with 38 hits......
processing event 687 with 38 hits(recalculating grid)......
processing event 688 with 65 hits......
processing event 689 with 59 hits......
processing event 690 with 55 hits......
processing event 691 with 78 hits......
processing event 692 with 44 hits......
processing event 693 with 68 hits......
processing event 694 with 21 hits......
processing event 695 with 53 hits......
processing event 696 with 47 hits......
processing event 697 with 54 hits......
processing event 698 with 45 hits......
processing event 699 with 57 hits......
processing event 700 with 39 hits......
processing event 701 with 67 hits......
processing event 702 with 50 hits......
processing event 703 with 42 hits......
processing event 704 with 53 hits......
processing event 705 with 76 hits......
processing event 706 with 44 hits(recalculating grid)......
processing event 707 with 24 hits......
processing event 708 with 54 hits......
processing event 709 with 53 hits......
processing event 710 with 43 hits......
processing event 711 with 50 hits......
processing event 712 with 37 hits......
processing event 713 with 48 hits......
processing event 714 with 59 hits......
processing event 715 with 64 hits......
processing event 716 with 40 hits......
processing event 717 with 32 hits......
processing event 718 with 31 hits......
processing event 719 with 57 hits......
processing event 720 with 49 hits......
processing event 721 with 56 hits......
processing event 722 with 49 hits......
processing event 723 with 57 hits......
processing event 724 with 71 hits......
processing event 725 with 70 hits......
processing event 726 with 52 hits......
processing event 727 with 29 hits......
processing event 728 with 71 hits(recalculating grid)......
processing event 729 with 46 hits......
processing event 730 with 44 hits......
processing event 731 with 26 hits......
processing event 732 with 45 hits......
processing event 733 with 74 hits......
processing event 734 with 37 hits......
processing event 735 with 52 hits......
processing event 736 with 52 hits......
processing event 737 with 48 hits......
processing event 738 with 65 hits......
processing event 739 with 58 hits......
processing event 740 with 30 hits......
processing event 741 with 45 hits......
processing event 742 with 47 hits......
processing event 743 with 70 hits......
processing event 744 with 41 hits......
processing event 745 with 40 hits......
processing event 746 with 50 hits......
processing event 747 with 48 hits......
processing event 748 with 36 hits......
processing event 749 with 47 hits......
processing event 750 with 51 hits......
processing event 751 with 67 hits......
processing event 752 with 47 hits......
processing event 753 with 69 hits......
processing event 754 with 63 hits......
processing event 755 with 51 hits(recalculating grid)......
processing event 756 with 67 hits......
processing event 757 with 61 hits......
processing event 758 with 57 hits......
processing event 759 with 51 hits......
processing event 760 with 63 hits......
processing event 761 with 60 hits......
processing event 762 with 62 hits......
processing event 763 with 43 hits......
processing event 764 with 20 hits......
processing event 765 with 43 hits......
processing event 766 with 42 hits......
processing event 767 with 79 hits......
processing event 768 with 62 hits......
processing event 769 with 46 hits......
processing event 770 with 42 hits......
processing event 771 with 74 hits......
processing event 772 with 56 hits......
processing event 773 with 45 hits......
processing event 774 with 50 hits......
processing event 775 with 33 hits......
processing event 776 with 62 hits......
processing event 777 with 61 hits......
processing event 778 with 60 hits(recalculating grid)......
processing event 779 with 37 hits......
processing event 780 with 82 hits......
processing event 781 with 58 hits......
processing event 782 with 42 hits......
processing event 783 with 45 hits......
processing event 784 with 53 hits......
processing event 785 with 46 hits......
processing event 786 with 31 hits......
processing event 787 with 54 hits......
processing event 788 with 48 hits......
processing event 789 with 25 hits......
processing event 790 with 71 hits......
processing event 791 with 43 hits......
processing event 792 with 61 hits......
processing event 793 with 67 hits......
processing event 794 with 56 hits......
processing event 795 with 51 hits......
processing event 796 with 24 hits(recalculating grid)......
processing event 797 with 41 hits......
processing event 798 with 60 hits......
processing event 799 with 73 hits......
processing event 800 with 39 hits......
processing event 801 with 55 hits......
processing event 802 with 52 hits(recalculating grid)......
processing event 803 with 74 hits......
no points to load at event 804!
processing event 805 with 53 hits......
processing event 806 with 31 hits......
processing event 807 with 33 hits......
processing event 808 with 63 hits......
processing event 809 with 108 hits......
processing event 810 with 58 hits......
processing event 811 with 71 hits......
processing event 812 with 55 hits......
processing event 813 with 56 hits......
processing event 814 with 44 hits......
processing event 815 with 51 hits......
processing event 816 with 57 hits......
processing event 817 with 41 hits......
processing event 818 with 49 hits......
processing event 819 with 65 hits......
processing event 820 with 58 hits......
processing event 821 with 43 hits......
processing event 822 with 57 hits......
processing event 823 with 42 hits......
processing event 824 with 60 hits......
processing event 825 with 51 hits......
processing event 826 with 60 hits......
processing event 827 with 75 hits......
processing event 828 with 64 hits......
processing event 829 with 44 hits(recalculating grid)......
processing event 830 with 80 hits(recalculating grid)......
processing event 831 with 41 hits......
processing event 832 with 52 hits......
processing event 833 with 39 hits......
processing event 834 with 54 hits......
processing event 835 with 57 hits......
processing event 836 with 57 hits......
processing event 837 with 73 hits......
processing event 838 with 47 hits......
processing event 839 with 91 hits......
processing event 840 with 38 hits(recalculating grid)......
processing event 841 with 60 hits......
processing event 842 with 62 hits......
processing event 843 with 50 hits......
processing event 844 with 89 hits......
processing event 845 with 63 hits......
processing event 846 with 63 hits......
processing event 847 with 51 hits......
processing event 848 with 61 hits......
processing event 849 with 25 hits......
processing event 850 with 73 hits......
processing event 851 with 41 hits......
processing event 852 with 67 hits......
processing event 853 with 77 hits......
processing event 854 with 48 hits......
processing event 855 with 50 hits......
processing event 856 with 55 hits......
processing event 857 with 26 hits......
processing event 858 with 65 hits......
processing event 859 with 60 hits(recalculating grid)......
processing event 860 with 54 hits......
processing event 861 with 73 hits......
processing event 862 with 32 hits......
processing event 863 with 58 hits......
processing event 864 with 44 hits(recalculating grid)......
processing event 865 with 63 hits......
processing event 866 with 41 hits......
processing event 867 with 41 hits......
processing event 868 with 64 hits......
processing event 869 with 61 hits......
processing event 870 with 41 hits......
processing event 871 with 49 hits(recalculating grid)......
processing event 872 with 56 hits......
processing event 873 with 24 hits(recalculating grid)(recalculating grid)(recalculating grid)(recalculating grid)......
processing event 874 with 30 hits......
processing event 875 with 15 hits......
processing event 876 with 53 hits......
processing event 877 with 70 hits......
processing event 878 with 74 hits......
processing event 879 with 21 hits......
processing event 880 with 43 hits......
processing event 881 with 49 hits......
processing event 882 with 57 hits......
processing event 883 with 43 hits......
processing event 884 with 67 hits......
processing event 885 with 52 hits......
processing event 886 with 51 hits......
processing event 887 with 50 hits......
processing event 888 with 55 hits......
processing event 889 with 109 hits......
processing event 890 with 79 hits......
processing event 891 with 49 hits......
processing event 892 with 56 hits......
processing event 893 with 69 hits......
processing event 894 with 53 hits......
processing event 895 with 64 hits......
processing event 896 with 64 hits......
processing event 897 with 60 hits......
processing event 898 with 49 hits......
processing event 899 with 22 hits......
processing event 900 with 58 hits......
processing event 901 with 33 hits......
processing event 902 with 57 hits......
processing event 903 with 44 hits......
processing event 904 with 42 hits......
processing event 905 with 72 hits......
processing event 906 with 54 hits......
processing event 907 with 40 hits......
processing event 908 with 56 hits......
processing event 909 with 55 hits......
processing event 910 with 73 hits......
processing event 911 with 57 hits(recalculating grid)......
processing event 912 with 43 hits......
processing event 913 with 62 hits......
processing event 914 with 74 hits(recalculating grid)......
processing event 915 with 51 hits......
processing event 916 with 47 hits......
processing event 917 with 48 hits......
processing event 918 with 60 hits......
processing event 919 with 32 hits......
processing event 920 with 79 hits......
processing event 921 with 61 hits......
processing event 922 with 64 hits......
processing event 923 with 57 hits......
processing event 924 with 60 hits......
processing event 925 with 51 hits......
processing event 926 with 59 hits......
processing event 927 with 48 hits......
processing event 928 with 53 hits......
processing event 929 with 51 hits......
processing event 930 with 43 hits......
processing event 931 with 60 hits......
processing event 932 with 54 hits......
processing event 933 with 47 hits(recalculating grid)......
processing event 934 with 17 hits......
processing event 935 with 51 hits......
processing event 936 with 54 hits......
processing event 937 with 64 hits......
processing event 938 with 50 hits......
processing event 939 with 47 hits......
processing event 940 with 45 hits(recalculating grid)......
processing event 941 with 38 hits......
processing event 942 with 52 hits......
processing event 943 with 61 hits......
processing event 944 with 59 hits......
processing event 945 with 55 hits......
processing event 946 with 51 hits......
processing event 947 with 44 hits(recalculating grid)......
processing event 948 with 49 hits......
processing event 949 with 81 hits(recalculating grid)......
processing event 950 with 39 hits......
processing event 951 with 48 hits......
processing event 952 with 17 hits(recalculating grid)......
processing event 953 with 71 hits......
processing event 954 with 50 hits......
processing event 955 with 53 hits......
processing event 956 with 49 hits......
processing event 957 with 34 hits......
processing event 958 with 26 hits......
processing event 959 with 53 hits......
processing event 960 with 67 hits......
processing event 961 with 33 hits......
processing event 962 with 50 hits......
processing event 963 with 46 hits......
processing event 964 with 57 hits......
processing event 965 with 36 hits(recalculating grid)......
processing event 966 with 57 hits......
processing event 967 with 64 hits......
processing event 968 with 53 hits......
processing event 969 with 43 hits......
processing event 970 with 75 hits......
processing event 971 with 44 hits......
processing event 972 with 60 hits......
processing event 973 with 56 hits......
processing event 974 with 56 hits......
processing event 975 with 53 hits......
processing event 976 with 62 hits......
processing event 977 with 55 hits......
processing event 978 with 22 hits......
processing event 979 with 59 hits......
processing event 980 with 60 hits......
processing event 981 with 63 hits......
processing event 982 with 40 hits......
processing event 983 with 59 hits......
processing event 984 with 65 hits......
processing event 985 with 31 hits......
processing event 986 with 54 hits......
processing event 987 with 45 hits......
processing event 988 with 56 hits......
processing event 989 with 33 hits......
processing event 990 with 59 hits......
processing event 991 with 49 hits......
processing event 992 with 69 hits......
processing event 993 with 25 hits......
processing event 994 with 74 hits......
processing event 995 with 49 hits......
processing event 996 with 85 hits......
processing event 997 with 40 hits......
processing event 998 with 55 hits......
processing event 999 with 46 hits......
processing event 1000 with 37 hits(recalculating grid)(recalculating grid)......
