no points to load at event 1!
processing event 2 with 29 hits(recalculating grid)......
processing event 3 with 12 hits(recalculating grid)......
processing event 4 with 16 hits......
processing event 5 with 20 hits......
processing event 6 with 24 hits......
processing event 7 with 34 hits......
processing event 8 with 20 hits(recalculating grid)(recalculating grid)......
processing event 9 with 21 hits(recalculating grid)......
no points to load at event 10!
processing event 11 with 24 hits(recalculating grid)......
processing event 12 with 39 hits(recalculating grid)......
no points to load at event 13!
processing event 14 with 20 hits(recalculating grid)......
processing event 15 with 24 hits(recalculating grid)(recalculating grid)......
processing event 16 with 22 hits......
processing event 17 with 36 hits......
processing event 18 with 31 hits(recalculating grid)......
processing event 19 with 43 hits......
processing event 20 with 31 hits(recalculating grid)......
processing event 21 with 14 hits(recalculating grid)......
processing event 22 with 38 hits(recalculating grid)......
processing event 23 with 43 hits(recalculating grid)(recalculating grid)......
processing event 24 with 22 hits(recalculating grid)......
processing event 25 with 29 hits......
no points to load at event 26!
processing event 27 with 24 hits(recalculating grid)(recalculating grid)......
processing event 28 with 28 hits......
processing event 29 with 19 hits(recalculating grid)......
processing event 30 with 22 hits......
processing event 31 with 26 hits(recalculating grid)......
processing event 32 with 30 hits(recalculating grid)......
processing event 33 with 32 hits(recalculating grid)(recalculating grid)(recalculating grid)(recalculating grid)......
no points to load at event 34!
processing event 35 with 41 hits......
processing event 36 with 42 hits......
processing event 37 with 30 hits......
processing event 38 with 35 hits......
no points to load at event 39!
no points to load at event 40!
processing event 41 with 20 hits(recalculating grid)......
processing event 42 with 20 hits(recalculating grid)(recalculating grid)......
processing event 43 with 23 hits......
processing event 44 with 17 hits......
processing event 45 with 16 hits......
processing event 46 with 28 hits(recalculating grid)......
processing event 47 with 27 hits(recalculating grid)......
processing event 48 with 47 hits(recalculating grid)......
processing event 49 with 25 hits(recalculating grid)......
processing event 50 with 20 hits......
processing event 51 with 21 hits......
processing event 52 with 18 hits......
processing event 53 with 31 hits......
processing event 54 with 23 hits......
processing event 55 with 20 hits(recalculating grid)(recalculating grid)......
processing event 56 with 25 hits(recalculating grid)......
processing event 57 with 24 hits......
processing event 58 with 12 hits(recalculating grid)(recalculating grid)(recalculating grid)(recalculating grid)......
processing event 59 with 11 hits(recalculating grid)(recalculating grid)(recalculating grid)(recalculating grid)......
no points to load at event 60!
processing event 61 with 36 hits......
processing event 62 with 18 hits(recalculating grid)......
processing event 63 with 23 hits......
processing event 64 with 20 hits(recalculating grid)(recalculating grid)(recalculating grid)......
processing event 65 with 21 hits......
processing event 66 with 38 hits......
processing event 67 with 27 hits(recalculating grid)......
processing event 68 with 20 hits(recalculating grid)(recalculating grid)......
processing event 69 with 47 hits(recalculating grid)......
processing event 70 with 25 hits(recalculating grid)......
no points to load at event 71!
processing event 72 with 25 hits......
processing event 73 with 16 hits(recalculating grid)......
processing event 74 with 19 hits......
processing event 75 with 40 hits......
processing event 76 with 48 hits(recalculating grid)......
processing event 77 with 34 hits......
processing event 78 with 18 hits(recalculating grid)......
processing event 79 with 17 hits(recalculating grid)......
processing event 80 with 6 hits(recalculating grid)(recalculating grid)(recalculating grid)(recalculating grid)......
processing event 81 with 43 hits(recalculating grid)......
processing event 82 with 25 hits......
processing event 83 with 40 hits......
processing event 84 with 11 hits(recalculating grid)......
processing event 85 with 33 hits......
processing event 86 with 19 hits......
processing event 87 with 28 hits......
processing event 88 with 34 hits(recalculating grid)(recalculating grid)......
no points to load at event 89!
processing event 90 with 28 hits(recalculating grid)(recalculating grid)(recalculating grid)......
no points to load at event 91!
no points to load at event 92!
processing event 93 with 18 hits(recalculating grid)(recalculating grid)......
processing event 94 with 23 hits(recalculating grid)(recalculating grid)......
processing event 95 with 25 hits......
processing event 96 with 40 hits......
processing event 97 with 9 hits(recalculating grid)......
processing event 98 with 42 hits(recalculating grid)(recalculating grid)......
processing event 99 with 13 hits......
processing event 100 with 18 hits(recalculating grid)......
processing event 101 with 46 hits(recalculating grid)......
processing event 102 with 27 hits......
no points to load at event 103!
processing event 104 with 42 hits......
processing event 105 with 26 hits(recalculating grid)......
no points to load at event 106!
no points to load at event 107!
processing event 108 with 13 hits(recalculating grid)(recalculating grid)(recalculating grid)......
no points to load at event 109!
processing event 110 with 36 hits(recalculating grid)......
processing event 111 with 36 hits......
no points to load at event 112!
processing event 113 with 51 hits(recalculating grid)......
processing event 114 with 27 hits(recalculating grid)......
processing event 115 with 21 hits......
processing event 116 with 39 hits......
processing event 117 with 18 hits(recalculating grid)(recalculating grid)......
processing event 118 with 19 hits......
no points to load at event 119!
processing event 120 with 34 hits(recalculating grid)......
processing event 121 with 18 hits......
processing event 122 with 20 hits(recalculating grid)(recalculating grid)......
processing event 123 with 25 hits......
no points to load at event 124!
processing event 125 with 32 hits(recalculating grid)......
processing event 126 with 26 hits(recalculating grid)(recalculating grid)......
no points to load at event 127!
processing event 128 with 34 hits(recalculating grid)......
processing event 129 with 19 hits......
processing event 130 with 19 hits......
no points to load at event 131!
processing event 132 with 22 hits......
processing event 133 with 28 hits(recalculating grid)(recalculating grid)......
processing event 134 with 41 hits(recalculating grid)......
no points to load at event 135!
processing event 136 with 39 hits(recalculating grid)......
processing event 137 with 24 hits......
processing event 138 with 39 hits......
processing event 139 with 27 hits......
processing event 140 with 27 hits(recalculating grid)......
processing event 141 with 30 hits(recalculating grid)......
processing event 142 with 23 hits(recalculating grid)......
processing event 143 with 19 hits......
processing event 144 with 10 hits(recalculating grid)......
processing event 145 with 19 hits......
no points to load at event 146!
processing event 147 with 48 hits(recalculating grid)......
no points to load at event 148!
processing event 149 with 11 hits(recalculating grid)(recalculating grid)(recalculating grid)(recalculating grid)(recalculating grid)......
no points to load at event 150!
processing event 151 with 26 hits(recalculating grid)......
no points to load at event 152!
processing event 153 with 13 hits......
processing event 154 with 60 hits......
processing event 155 with 17 hits(recalculating grid)(recalculating grid)......
processing event 156 with 31 hits(recalculating grid)......
processing event 157 with 30 hits(recalculating grid)......
no points to load at event 158!
processing event 159 with 53 hits(recalculating grid)......
no points to load at event 160!
processing event 161 with 15 hits(recalculating grid)......
processing event 162 with 19 hits(recalculating grid)(recalculating grid)......
processing event 163 with 15 hits(recalculating grid)(recalculating grid)(recalculating grid)......
no points to load at event 164!
processing event 165 with 23 hits(recalculating grid)......
processing event 166 with 33 hits(recalculating grid)(recalculating grid)(recalculating grid)(recalculating grid)......
processing event 167 with 21 hits......
processing event 168 with 26 hits(recalculating grid)(recalculating grid)(recalculating grid)......
processing event 169 with 14 hits......
no points to load at event 170!
processing event 171 with 15 hits(recalculating grid)(recalculating grid)(recalculating grid)(recalculating grid)......
processing event 172 with 37 hits......
processing event 173 with 27 hits(recalculating grid)(recalculating grid)(recalculating grid)......
processing event 174 with 26 hits(recalculating grid)......
no points to load at event 175!
processing event 176 with 18 hits......
processing event 177 with 13 hits(recalculating grid)(recalculating grid)(recalculating grid)......
processing event 178 with 27 hits(recalculating grid)......
processing event 179 with 23 hits......
processing event 180 with 40 hits(recalculating grid)......
processing event 181 with 22 hits......
processing event 182 with 27 hits(recalculating grid)......
no points to load at event 183!
processing event 184 with 16 hits(recalculating grid)......
processing event 185 with 12 hits......
processing event 186 with 22 hits......
processing event 187 with 26 hits(recalculating grid)(recalculating grid)(recalculating grid)(recalculating grid)......
processing event 188 with 10 hits(recalculating grid)(recalculating grid)(recalculating grid)......
processing event 189 with 40 hits......
no points to load at event 190!
processing event 191 with 14 hits(recalculating grid)(recalculating grid)(recalculating grid)......
processing event 192 with 25 hits(recalculating grid)(recalculating grid)......
processing event 193 with 21 hits......
processing event 194 with 30 hits......
processing event 195 with 42 hits(recalculating grid)......
processing event 196 with 9 hits(recalculating grid)(recalculating grid)(recalculating grid)(recalculating grid)(recalculating grid)......
processing event 197 with 21 hits......
processing event 198 with 21 hits......
processing event 199 with 24 hits(recalculating grid)......
processing event 200 with 35 hits......
no points to load at event 201!
processing event 202 with 35 hits(recalculating grid)......
processing event 203 with 15 hits(recalculating grid)......
processing event 204 with 26 hits(recalculating grid)......
processing event 205 with 19 hits(recalculating grid)......
processing event 206 with 39 hits......
processing event 207 with 41 hits(recalculating grid)(recalculating grid)......
no points to load at event 208!
no points to load at event 209!
processing event 210 with 13 hits(recalculating grid)......
processing event 211 with 29 hits(recalculating grid)......
processing event 212 with 41 hits......
processing event 213 with 48 hits......
processing event 214 with 61 hits......
processing event 215 with 41 hits(recalculating grid)......
processing event 216 with 31 hits(recalculating grid)......
processing event 217 with 19 hits......
processing event 218 with 31 hits(recalculating grid)......
processing event 219 with 46 hits(recalculating grid)......
processing event 220 with 10 hits(recalculating grid)(recalculating grid)(recalculating grid)(recalculating grid)(recalculating grid)......
processing event 221 with 15 hits......
processing event 222 with 37 hits......
processing event 223 with 29 hits(recalculating grid)......
processing event 224 with 31 hits(recalculating grid)......
no points to load at event 225!
processing event 226 with 22 hits......
processing event 227 with 28 hits(recalculating grid)......
no points to load at event 228!
processing event 229 with 36 hits......
processing event 230 with 25 hits......
processing event 231 with 29 hits......
processing event 232 with 19 hits(recalculating grid)......
processing event 233 with 41 hits(recalculating grid)(recalculating grid)(recalculating grid)......
no points to load at event 234!
processing event 235 with 51 hits(recalculating grid)......
no points to load at event 236!
processing event 237 with 22 hits(recalculating grid)(recalculating grid)(recalculating grid)......
processing event 238 with 18 hits(recalculating grid)......
processing event 239 with 45 hits......
no points to load at event 240!
processing event 241 with 27 hits(recalculating grid)(recalculating grid)......
processing event 242 with 16 hits(recalculating grid)......
processing event 243 with 18 hits(recalculating grid)(recalculating grid)......
processing event 244 with 32 hits......
processing event 245 with 16 hits(recalculating grid)(recalculating grid)......
processing event 246 with 41 hits(recalculating grid)......
processing event 247 with 31 hits(recalculating grid)(recalculating grid)......
processing event 248 with 33 hits......
processing event 249 with 20 hits......
processing event 250 with 36 hits(recalculating grid)......
processing event 251 with 33 hits......
processing event 252 with 16 hits(recalculating grid)......
no points to load at event 253!
processing event 254 with 24 hits......
processing event 255 with 11 hits(recalculating grid)(recalculating grid)......
processing event 256 with 11 hits......
processing event 257 with 16 hits(recalculating grid)......
processing event 258 with 49 hits(recalculating grid)......
processing event 259 with 41 hits......
processing event 260 with 34 hits(recalculating grid)......
processing event 261 with 28 hits(recalculating grid)......
processing event 262 with 27 hits(recalculating grid)......
processing event 263 with 10 hits(recalculating grid)(recalculating grid)(recalculating grid)(recalculating grid)(recalculating grid)......
processing event 264 with 18 hits......
processing event 265 with 23 hits(recalculating grid)(recalculating grid)......
no points to load at event 266!
processing event 267 with 34 hits(recalculating grid)......
processing event 268 with 12 hits(recalculating grid)......
processing event 269 with 16 hits......
processing event 270 with 27 hits......
processing event 271 with 19 hits(recalculating grid)(recalculating grid)......
processing event 272 with 29 hits(recalculating grid)......
processing event 273 with 30 hits......
processing event 274 with 22 hits(recalculating grid)......
processing event 275 with 7 hits(recalculating grid)(recalculating grid)......
processing event 276 with 10 hits(recalculating grid)(recalculating grid)(recalculating grid)......
processing event 277 with 16 hits(recalculating grid)(recalculating grid)......
processing event 278 with 17 hits......
processing event 279 with 23 hits......
processing event 280 with 33 hits......
processing event 281 with 21 hits(recalculating grid)(recalculating grid)(recalculating grid)......
processing event 282 with 34 hits(recalculating grid)......
processing event 283 with 27 hits......
processing event 284 with 22 hits......
processing event 285 with 21 hits(recalculating grid)......
processing event 286 with 17 hits(recalculating grid)......
processing event 287 with 15 hits(recalculating grid)(recalculating grid)......
no points to load at event 288!
processing event 289 with 38 hits(recalculating grid)......
processing event 290 with 16 hits(recalculating grid)......
processing event 291 with 30 hits(recalculating grid)......
processing event 292 with 19 hits......
no points to load at event 293!
processing event 294 with 28 hits(recalculating grid)......
processing event 295 with 37 hits(recalculating grid)(recalculating grid)......
processing event 296 with 24 hits(recalculating grid)(recalculating grid)(recalculating grid)......
no points to load at event 297!
processing event 298 with 24 hits......
processing event 299 with 46 hits(recalculating grid)......
no points to load at event 300!
processing event 301 with 39 hits......
processing event 302 with 33 hits(recalculating grid)(recalculating grid)......
processing event 303 with 47 hits(recalculating grid)......
processing event 304 with 54 hits(recalculating grid)......
processing event 305 with 25 hits......
processing event 306 with 22 hits(recalculating grid)(recalculating grid)......
no points to load at event 307!
processing event 308 with 22 hits(recalculating grid)......
processing event 309 with 21 hits......
no points to load at event 310!
processing event 311 with 46 hits......
no points to load at event 312!
processing event 313 with 24 hits(recalculating grid)......
processing event 314 with 32 hits......
no points to load at event 315!
processing event 316 with 18 hits(recalculating grid)......
processing event 317 with 19 hits(recalculating grid)......
processing event 318 with 43 hits(recalculating grid)......
processing event 319 with 40 hits(recalculating grid)(recalculating grid)(recalculating grid)......
processing event 320 with 18 hits(recalculating grid)......
processing event 321 with 37 hits(recalculating grid)(recalculating grid)......
no points to load at event 322!
processing event 323 with 45 hits......
processing event 324 with 23 hits(recalculating grid)(recalculating grid)......
processing event 325 with 27 hits(recalculating grid)......
processing event 326 with 27 hits(recalculating grid)......
processing event 327 with 19 hits(recalculating grid)......
processing event 328 with 19 hits......
processing event 329 with 12 hits(recalculating grid)(recalculating grid)......
processing event 330 with 49 hits(recalculating grid)......
processing event 331 with 33 hits(recalculating grid)......
processing event 332 with 40 hits(recalculating grid)......
processing event 333 with 29 hits......
processing event 334 with 28 hits......
processing event 335 with 20 hits(recalculating grid)(recalculating grid)......
no points to load at event 336!
processing event 337 with 22 hits(recalculating grid)......
processing event 338 with 7 hits(recalculating grid)(recalculating grid)(recalculating grid)......
no points to load at event 339!
no points to load at event 340!
processing event 341 with 37 hits......
processing event 342 with 26 hits......
processing event 343 with 17 hits......
processing event 344 with 19 hits(recalculating grid)......
processing event 345 with 17 hits(recalculating grid)(recalculating grid)......
processing event 346 with 18 hits(recalculating grid)......
processing event 347 with 22 hits(recalculating grid)......
processing event 348 with 34 hits(recalculating grid)......
processing event 349 with 12 hits(recalculating grid)......
processing event 350 with 26 hits......
processing event 351 with 26 hits(recalculating grid)......
processing event 352 with 21 hits......
processing event 353 with 17 hits(recalculating grid)(recalculating grid)......
processing event 354 with 18 hits(recalculating grid)(recalculating grid)......
processing event 355 with 25 hits(recalculating grid)(recalculating grid)......
processing event 356 with 22 hits......
processing event 357 with 13 hits(recalculating grid)......
processing event 358 with 13 hits......
processing event 359 with 16 hits......
processing event 360 with 32 hits(recalculating grid)......
processing event 361 with 11 hits(recalculating grid)(recalculating grid)(recalculating grid)(recalculating grid)......
processing event 362 with 27 hits(recalculating grid)(recalculating grid)......
processing event 363 with 22 hits......
processing event 364 with 37 hits(recalculating grid)......
processing event 365 with 44 hits......
processing event 366 with 24 hits(recalculating grid)......
processing event 367 with 34 hits(recalculating grid)(recalculating grid)......
no points to load at event 368!
processing event 369 with 9 hits(recalculating grid)(recalculating grid)......
processing event 370 with 41 hits......
processing event 371 with 38 hits(recalculating grid)......
processing event 372 with 27 hits(recalculating grid)(recalculating grid)......
processing event 373 with 17 hits(recalculating grid)......
processing event 374 with 32 hits......
no points to load at event 375!
no points to load at event 376!
processing event 377 with 43 hits(recalculating grid)......
processing event 378 with 29 hits(recalculating grid)......
processing event 379 with 20 hits(recalculating grid)......
processing event 380 with 7 hits(recalculating grid)(recalculating grid)......
processing event 381 with 23 hits......
no points to load at event 382!
processing event 383 with 24 hits......
no points to load at event 384!
processing event 385 with 28 hits(recalculating grid)(recalculating grid)......
processing event 386 with 23 hits......
processing event 387 with 22 hits(recalculating grid)......
processing event 388 with 30 hits(recalculating grid)......
processing event 389 with 27 hits(recalculating grid)......
processing event 390 with 23 hits(recalculating grid)(recalculating grid)......
processing event 391 with 31 hits(recalculating grid)(recalculating grid)(recalculating grid)......
no points to load at event 392!
no points to load at event 393!
no points to load at event 394!
processing event 395 with 29 hits......
processing event 396 with 20 hits(recalculating grid)......
processing event 397 with 30 hits(recalculating grid)......
processing event 398 with 16 hits(recalculating grid)......
processing event 399 with 14 hits......
processing event 400 with 17 hits(recalculating grid)......
processing event 401 with 31 hits......
processing event 402 with 29 hits......
no points to load at event 403!
processing event 404 with 24 hits(recalculating grid)(recalculating grid)(recalculating grid)......
processing event 405 with 19 hits(recalculating grid)(recalculating grid)......
processing event 406 with 16 hits(recalculating grid)......
processing event 407 with 24 hits......
processing event 408 with 31 hits(recalculating grid)(recalculating grid)......
no points to load at event 409!
processing event 410 with 32 hits......
processing event 411 with 34 hits(recalculating grid)......
processing event 412 with 29 hits......
processing event 413 with 23 hits(recalculating grid)......
processing event 414 with 26 hits(recalculating grid)......
processing event 415 with 16 hits(recalculating grid)......
processing event 416 with 29 hits(recalculating grid)......
no points to load at event 417!
processing event 418 with 18 hits(recalculating grid)(recalculating grid)(recalculating grid)......
processing event 419 with 34 hits(recalculating grid)......
processing event 420 with 32 hits(recalculating grid)(recalculating grid)......
processing event 421 with 27 hits......
processing event 422 with 24 hits(recalculating grid)......
no points to load at event 423!
processing event 424 with 21 hits(recalculating grid)......
processing event 425 with 21 hits......
processing event 426 with 46 hits(recalculating grid)......
no points to load at event 427!
processing event 428 with 18 hits(recalculating grid)......
processing event 429 with 29 hits......
processing event 430 with 15 hits(recalculating grid)......
processing event 431 with 21 hits(recalculating grid)(recalculating grid)(recalculating grid)......
processing event 432 with 21 hits......
processing event 433 with 25 hits(recalculating grid)......
processing event 434 with 12 hits(recalculating grid)......
processing event 435 with 29 hits(recalculating grid)......
processing event 436 with 21 hits(recalculating grid)......
processing event 437 with 16 hits(recalculating grid)......
processing event 438 with 28 hits(recalculating grid)......
processing event 439 with 9 hits(recalculating grid)......
processing event 440 with 35 hits(recalculating grid)......
processing event 441 with 33 hits(recalculating grid)(recalculating grid)......
processing event 442 with 35 hits(recalculating grid)......
processing event 443 with 27 hits......
processing event 444 with 18 hits......
processing event 445 with 21 hits......
processing event 446 with 31 hits......
no points to load at event 447!
processing event 448 with 15 hits(recalculating grid)(recalculating grid)......
processing event 449 with 48 hits(recalculating grid)......
no points to load at event 450!
processing event 451 with 20 hits(recalculating grid)(recalculating grid)......
processing event 452 with 30 hits(recalculating grid)......
processing event 453 with 17 hits(recalculating grid)(recalculating grid)......
processing event 454 with 22 hits......
processing event 455 with 25 hits(recalculating grid)......
processing event 456 with 45 hits......
processing event 457 with 17 hits(recalculating grid)......
processing event 458 with 22 hits(recalculating grid)(recalculating grid)......
no points to load at event 459!
no points to load at event 460!
processing event 461 with 26 hits(recalculating grid)......
processing event 462 with 23 hits......
processing event 463 with 29 hits(recalculating grid)......
processing event 464 with 29 hits......
processing event 465 with 32 hits(recalculating grid)......
processing event 466 with 12 hits(recalculating grid)(recalculating grid)......
processing event 467 with 37 hits(recalculating grid)......
processing event 468 with 24 hits(recalculating grid)......
processing event 469 with 20 hits(recalculating grid)......
processing event 470 with 45 hits(recalculating grid)......
processing event 471 with 18 hits(recalculating grid)......
processing event 472 with 14 hits(recalculating grid)......
processing event 473 with 22 hits(recalculating grid)......
no points to load at event 474!
no points to load at event 475!
processing event 476 with 33 hits(recalculating grid)......
no points to load at event 477!
processing event 478 with 15 hits(recalculating grid)......
processing event 479 with 20 hits(recalculating grid)......
processing event 480 with 30 hits......
processing event 481 with 13 hits......
processing event 482 with 21 hits(recalculating grid)(recalculating grid)......
processing event 483 with 32 hits(recalculating grid)(recalculating grid)......
processing event 484 with 25 hits(recalculating grid)......
processing event 485 with 29 hits(recalculating grid)......
processing event 486 with 36 hits(recalculating grid)(recalculating grid)......
processing event 487 with 35 hits(recalculating grid)......
processing event 488 with 32 hits......
processing event 489 with 25 hits(recalculating grid)......
processing event 490 with 34 hits......
processing event 491 with 32 hits......
processing event 492 with 29 hits(recalculating grid)(recalculating grid)......
processing event 493 with 19 hits(recalculating grid)(recalculating grid)......
processing event 494 with 14 hits(recalculating grid)(recalculating grid)......
no points to load at event 495!
processing event 496 with 23 hits(recalculating grid)......
no points to load at event 497!
processing event 498 with 71 hits......
processing event 499 with 35 hits(recalculating grid)(recalculating grid)......
processing event 500 with 21 hits......
processing event 501 with 36 hits......
processing event 502 with 15 hits(recalculating grid)......
processing event 503 with 32 hits......
processing event 504 with 34 hits(recalculating grid)......
no points to load at event 505!
processing event 506 with 40 hits......
processing event 507 with 12 hits......
processing event 508 with 35 hits......
no points to load at event 509!
processing event 510 with 31 hits(recalculating grid)......
processing event 511 with 16 hits(recalculating grid)(recalculating grid)......
processing event 512 with 29 hits(recalculating grid)(recalculating grid)(recalculating grid)......
no points to load at event 513!
processing event 514 with 57 hits(recalculating grid)......
processing event 515 with 20 hits(recalculating grid)(recalculating grid)......
processing event 516 with 18 hits......
processing event 517 with 39 hits......
processing event 518 with 21 hits(recalculating grid)(recalculating grid)......
processing event 519 with 43 hits(recalculating grid)......
processing event 520 with 50 hits(recalculating grid)......
processing event 521 with 20 hits(recalculating grid)......
processing event 522 with 33 hits......
processing event 523 with 11 hits......
processing event 524 with 28 hits......
processing event 525 with 43 hits......
no points to load at event 526!
processing event 527 with 39 hits......
processing event 528 with 18 hits(recalculating grid)......
processing event 529 with 34 hits......
processing event 530 with 18 hits(recalculating grid)......
no points to load at event 531!
no points to load at event 532!
processing event 533 with 35 hits(recalculating grid)......
processing event 534 with 30 hits(recalculating grid)(recalculating grid)......
processing event 535 with 14 hits(recalculating grid)......
processing event 536 with 31 hits(recalculating grid)......
no points to load at event 537!
processing event 538 with 25 hits(recalculating grid)......
processing event 539 with 21 hits......
processing event 540 with 33 hits......
processing event 541 with 18 hits(recalculating grid)(recalculating grid)......
processing event 542 with 44 hits(recalculating grid)......
processing event 543 with 23 hits......
processing event 544 with 28 hits......
processing event 545 with 17 hits......
processing event 546 with 18 hits......
processing event 547 with 34 hits......
processing event 548 with 21 hits......
processing event 549 with 15 hits(recalculating grid)......
processing event 550 with 11 hits(recalculating grid)......
processing event 551 with 27 hits......
processing event 552 with 31 hits......
processing event 553 with 20 hits......
no points to load at event 554!
processing event 555 with 31 hits......
processing event 556 with 51 hits......
processing event 557 with 22 hits(recalculating grid)......
processing event 558 with 30 hits(recalculating grid)......
processing event 559 with 26 hits......
processing event 560 with 28 hits......
processing event 561 with 34 hits......
processing event 562 with 16 hits......
processing event 563 with 27 hits......
processing event 564 with 41 hits......
processing event 565 with 16 hits......
processing event 566 with 21 hits(recalculating grid)(recalculating grid)(recalculating grid)......
processing event 567 with 28 hits(recalculating grid)(recalculating grid)......
processing event 568 with 27 hits......
processing event 569 with 36 hits(recalculating grid)......
processing event 570 with 31 hits......
processing event 571 with 18 hits......
processing event 572 with 20 hits(recalculating grid)......
processing event 573 with 35 hits(recalculating grid)......
processing event 574 with 12 hits......
processing event 575 with 10 hits(recalculating grid)(recalculating grid)......
processing event 576 with 18 hits(recalculating grid)(recalculating grid)......
processing event 577 with 22 hits(recalculating grid)......
processing event 578 with 18 hits(recalculating grid)(recalculating grid)(recalculating grid)......
processing event 579 with 36 hits......
processing event 580 with 22 hits(recalculating grid)......
processing event 581 with 22 hits(recalculating grid)......
processing event 582 with 16 hits(recalculating grid)(recalculating grid)......
processing event 583 with 42 hits(recalculating grid)......
processing event 584 with 9 hits(recalculating grid)......
processing event 585 with 23 hits(recalculating grid)......
processing event 586 with 31 hits......
no points to load at event 587!
processing event 588 with 22 hits(recalculating grid)......
processing event 589 with 45 hits......
processing event 590 with 30 hits(recalculating grid)......
no points to load at event 591!
processing event 592 with 31 hits(recalculating grid)(recalculating grid)......
no points to load at event 593!
processing event 594 with 31 hits......
processing event 595 with 27 hits(recalculating grid)(recalculating grid)(recalculating grid)......
processing event 596 with 17 hits(recalculating grid)(recalculating grid)......
processing event 597 with 26 hits......
processing event 598 with 13 hits(recalculating grid)......
processing event 599 with 40 hits(recalculating grid)(recalculating grid)......
processing event 600 with 37 hits(recalculating grid)......
processing event 601 with 14 hits(recalculating grid)......
processing event 602 with 35 hits(recalculating grid)......
processing event 603 with 15 hits(recalculating grid)(recalculating grid)(recalculating grid)......
processing event 604 with 21 hits(recalculating grid)(recalculating grid)(recalculating grid)......
processing event 605 with 38 hits......
no points to load at event 606!
processing event 607 with 30 hits(recalculating grid)......
processing event 608 with 24 hits(recalculating grid)......
processing event 609 with 29 hits(recalculating grid)......
no points to load at event 610!
no points to load at event 611!
processing event 612 with 13 hits......
processing event 613 with 44 hits(recalculating grid)......
processing event 614 with 42 hits(recalculating grid)......
processing event 615 with 31 hits......
no points to load at event 616!
processing event 617 with 16 hits(recalculating grid)......
no points to load at event 618!
processing event 619 with 34 hits......
processing event 620 with 34 hits(recalculating grid)......
processing event 621 with 29 hits(recalculating grid)......
processing event 622 with 47 hits......
no points to load at event 623!
processing event 624 with 20 hits......
processing event 625 with 33 hits......
no points to load at event 626!
processing event 627 with 20 hits......
processing event 628 with 38 hits......
processing event 629 with 26 hits(recalculating grid)(recalculating grid)(recalculating grid)......
processing event 630 with 14 hits(recalculating grid)(recalculating grid)(recalculating grid)......
processing event 631 with 48 hits(recalculating grid)......
processing event 632 with 18 hits......
no points to load at event 633!
no points to load at event 634!
processing event 635 with 28 hits......
processing event 636 with 23 hits......
processing event 637 with 16 hits(recalculating grid)......
processing event 638 with 22 hits......
processing event 639 with 17 hits(recalculating grid)(recalculating grid)......
processing event 640 with 15 hits(recalculating grid)(recalculating grid)......
processing event 641 with 42 hits......
processing event 642 with 30 hits(recalculating grid)......
processing event 643 with 36 hits......
processing event 644 with 14 hits(recalculating grid)......
processing event 645 with 24 hits(recalculating grid)......
no points to load at event 646!
processing event 647 with 46 hits(recalculating grid)......
processing event 648 with 25 hits(recalculating grid)(recalculating grid)......
processing event 649 with 18 hits(recalculating grid)......
processing event 650 with 18 hits(recalculating grid)(recalculating grid)......
processing event 651 with 20 hits......
processing event 652 with 37 hits(recalculating grid)......
processing event 653 with 60 hits......
processing event 654 with 9 hits(recalculating grid)(recalculating grid)(recalculating grid)......
processing event 655 with 16 hits(recalculating grid)(recalculating grid)......
no points to load at event 656!
processing event 657 with 32 hits......
processing event 658 with 33 hits......
processing event 659 with 27 hits(recalculating grid)......
processing event 660 with 45 hits(recalculating grid)......
no points to load at event 661!
processing event 662 with 37 hits......
processing event 663 with 23 hits......
no points to load at event 664!
processing event 665 with 23 hits(recalculating grid)......
processing event 666 with 23 hits......
processing event 667 with 36 hits......
no points to load at event 668!
processing event 669 with 30 hits......
no points to load at event 670!
processing event 671 with 30 hits(recalculating grid)......
processing event 672 with 20 hits......
processing event 673 with 23 hits(recalculating grid)(recalculating grid)(recalculating grid)(recalculating grid)......
processing event 674 with 15 hits(recalculating grid)......
processing event 675 with 20 hits(recalculating grid)(recalculating grid)......
processing event 676 with 22 hits(recalculating grid)......
processing event 677 with 21 hits(recalculating grid)......
processing event 678 with 12 hits(recalculating grid)(recalculating grid)(recalculating grid)......
processing event 679 with 19 hits......
processing event 680 with 27 hits(recalculating grid)......
processing event 681 with 42 hits......
processing event 682 with 31 hits(recalculating grid)(recalculating grid)(recalculating grid)(recalculating grid)(recalculating grid)......
processing event 683 with 24 hits......
processing event 684 with 29 hits......
no points to load at event 685!
processing event 686 with 20 hits(recalculating grid)......
processing event 687 with 12 hits......
processing event 688 with 34 hits......
processing event 689 with 35 hits(recalculating grid)......
processing event 690 with 25 hits......
no points to load at event 691!
processing event 692 with 22 hits(recalculating grid)......
processing event 693 with 14 hits(recalculating grid)(recalculating grid)......
no points to load at event 694!
processing event 695 with 27 hits(recalculating grid)......
processing event 696 with 22 hits(recalculating grid)(recalculating grid)......
processing event 697 with 47 hits(recalculating grid)......
processing event 698 with 49 hits......
processing event 699 with 34 hits(recalculating grid)......
processing event 700 with 33 hits(recalculating grid)......
processing event 701 with 27 hits(recalculating grid)......
processing event 702 with 15 hits......
processing event 703 with 21 hits(recalculating grid)......
processing event 704 with 22 hits(recalculating grid)......
no points to load at event 705!
processing event 706 with 30 hits......
processing event 707 with 34 hits(recalculating grid)(recalculating grid)(recalculating grid)......
processing event 708 with 13 hits(recalculating grid)(recalculating grid)(recalculating grid)(recalculating grid)......
processing event 709 with 13 hits(recalculating grid)......
processing event 710 with 23 hits(recalculating grid)......
processing event 711 with 29 hits......
processing event 712 with 37 hits(recalculating grid)(recalculating grid)......
processing event 713 with 17 hits(recalculating grid)......
processing event 714 with 29 hits......
no points to load at event 715!
processing event 716 with 32 hits......
processing event 717 with 45 hits......
processing event 718 with 30 hits(recalculating grid)(recalculating grid)......
processing event 719 with 17 hits(recalculating grid)......
processing event 720 with 29 hits(recalculating grid)......
processing event 721 with 26 hits(recalculating grid)......
processing event 722 with 25 hits(recalculating grid)......
processing event 723 with 32 hits(recalculating grid)(recalculating grid)......
processing event 724 with 29 hits(recalculating grid)......
no points to load at event 725!
processing event 726 with 24 hits......
processing event 727 with 16 hits(recalculating grid)......
no points to load at event 728!
processing event 729 with 22 hits(recalculating grid)(recalculating grid)......
no points to load at event 730!
processing event 731 with 17 hits......
processing event 732 with 34 hits(recalculating grid)......
processing event 733 with 28 hits......
processing event 734 with 15 hits(recalculating grid)(recalculating grid)(recalculating grid)......
processing event 735 with 34 hits......
processing event 736 with 28 hits......
processing event 737 with 29 hits(recalculating grid)......
processing event 738 with 18 hits(recalculating grid)(recalculating grid)......
processing event 739 with 16 hits(recalculating grid)......
no points to load at event 740!
processing event 741 with 11 hits(recalculating grid)(recalculating grid)(recalculating grid)(recalculating grid)......
no points to load at event 742!
no points to load at event 743!
processing event 744 with 29 hits......
processing event 745 with 22 hits(recalculating grid)......
processing event 746 with 16 hits(recalculating grid)(recalculating grid)......
processing event 747 with 16 hits......
no points to load at event 748!
no points to load at event 749!
processing event 750 with 19 hits(recalculating grid)(recalculating grid)(recalculating grid)......
processing event 751 with 22 hits(recalculating grid)......
processing event 752 with 26 hits......
processing event 753 with 23 hits(recalculating grid)......
processing event 754 with 17 hits(recalculating grid)(recalculating grid)(recalculating grid)(recalculating grid)......
processing event 755 with 17 hits(recalculating grid)(recalculating grid)......
no points to load at event 756!
processing event 757 with 22 hits......
processing event 758 with 15 hits......
processing event 759 with 34 hits......
processing event 760 with 20 hits......
processing event 761 with 11 hits......
processing event 762 with 17 hits(recalculating grid)(recalculating grid)(recalculating grid)......
processing event 763 with 48 hits(recalculating grid)......
no points to load at event 764!
no points to load at event 765!
processing event 766 with 19 hits(recalculating grid)......
processing event 767 with 44 hits......
processing event 768 with 24 hits......
processing event 769 with 16 hits......
processing event 770 with 16 hits(recalculating grid)(recalculating grid)......
no points to load at event 771!
processing event 772 with 18 hits......
processing event 773 with 27 hits(recalculating grid)......
processing event 774 with 22 hits(recalculating grid)......
processing event 775 with 14 hits(recalculating grid)(recalculating grid)......
processing event 776 with 39 hits......
processing event 777 with 25 hits......
processing event 778 with 14 hits(recalculating grid)......
processing event 779 with 27 hits......
processing event 780 with 39 hits(recalculating grid)......
processing event 781 with 26 hits......
processing event 782 with 30 hits......
processing event 783 with 20 hits(recalculating grid)......
processing event 784 with 21 hits(recalculating grid)......
no points to load at event 785!
processing event 786 with 17 hits(recalculating grid)(recalculating grid)......
processing event 787 with 25 hits......
processing event 788 with 23 hits(recalculating grid)......
processing event 789 with 16 hits(recalculating grid)(recalculating grid)(recalculating grid)......
processing event 790 with 40 hits......
processing event 791 with 23 hits......
processing event 792 with 21 hits......
processing event 793 with 31 hits(recalculating grid)(recalculating grid)......
processing event 794 with 31 hits......
processing event 795 with 40 hits(recalculating grid)(recalculating grid)......
processing event 796 with 37 hits......
no points to load at event 797!
no points to load at event 798!
no points to load at event 799!
no points to load at event 800!
no points to load at event 801!
processing event 802 with 17 hits......
processing event 803 with 17 hits(recalculating grid)......
processing event 804 with 27 hits(recalculating grid)(recalculating grid)(recalculating grid)(recalculating grid)......
processing event 805 with 38 hits(recalculating grid)(recalculating grid)......
processing event 806 with 13 hits(recalculating grid)(recalculating grid)(recalculating grid)(recalculating grid)......
no points to load at event 807!
processing event 808 with 37 hits(recalculating grid)......
processing event 809 with 18 hits(recalculating grid)......
processing event 810 with 26 hits......
processing event 811 with 35 hits(recalculating grid)......
processing event 812 with 24 hits......
no points to load at event 813!
processing event 814 with 14 hits(recalculating grid)(recalculating grid)(recalculating grid)......
processing event 815 with 21 hits(recalculating grid)......
processing event 816 with 22 hits......
processing event 817 with 22 hits(recalculating grid)(recalculating grid)......
no points to load at event 818!
processing event 819 with 28 hits......
processing event 820 with 21 hits(recalculating grid)(recalculating grid)(recalculating grid)......
processing event 821 with 25 hits(recalculating grid)......
no points to load at event 822!
processing event 823 with 15 hits(recalculating grid)(recalculating grid)......
no points to load at event 824!
processing event 825 with 23 hits......
processing event 826 with 36 hits(recalculating grid)(recalculating grid)(recalculating grid)......
processing event 827 with 39 hits(recalculating grid)(recalculating grid)......
processing event 828 with 22 hits......
processing event 829 with 27 hits(recalculating grid)......
processing event 830 with 28 hits(recalculating grid)......
processing event 831 with 13 hits(recalculating grid)(recalculating grid)......
processing event 832 with 24 hits......
processing event 833 with 36 hits(recalculating grid)......
processing event 834 with 17 hits(recalculating grid)......
processing event 835 with 5 hits(recalculating grid)(recalculating grid)(recalculating grid)(recalculating grid)......
processing event 836 with 42 hits......
processing event 837 with 12 hits(recalculating grid)......
processing event 838 with 52 hits......
processing event 839 with 15 hits(recalculating grid)......
no points to load at event 840!
processing event 841 with 17 hits......
processing event 842 with 50 hits......
processing event 843 with 35 hits(recalculating grid)......
processing event 844 with 46 hits(recalculating grid)......
processing event 845 with 45 hits(recalculating grid)(recalculating grid)......
processing event 846 with 17 hits(recalculating grid)......
processing event 847 with 24 hits......
processing event 848 with 14 hits......
processing event 849 with 14 hits(recalculating grid)......
no points to load at event 850!
processing event 851 with 23 hits(recalculating grid)(recalculating grid)......
no points to load at event 852!
processing event 853 with 39 hits......
processing event 854 with 40 hits(recalculating grid)......
processing event 855 with 34 hits(recalculating grid)(recalculating grid)......
processing event 856 with 16 hits(recalculating grid)(recalculating grid)(recalculating grid)......
processing event 857 with 38 hits(recalculating grid)......
processing event 858 with 19 hits......
processing event 859 with 27 hits......
processing event 860 with 13 hits(recalculating grid)(recalculating grid)......
no points to load at event 861!
processing event 862 with 26 hits......
processing event 863 with 18 hits......
processing event 864 with 12 hits(recalculating grid)......
processing event 865 with 20 hits......
processing event 866 with 20 hits......
processing event 867 with 37 hits(recalculating grid)(recalculating grid)......
processing event 868 with 52 hits......
no points to load at event 869!
processing event 870 with 24 hits......
processing event 871 with 32 hits(recalculating grid)(recalculating grid)......
processing event 872 with 19 hits(recalculating grid)......
processing event 873 with 46 hits(recalculating grid)......
processing event 874 with 45 hits(recalculating grid)......
processing event 875 with 19 hits(recalculating grid)......
no points to load at event 876!
processing event 877 with 37 hits(recalculating grid)(recalculating grid)......
processing event 878 with 14 hits(recalculating grid)(recalculating grid)(recalculating grid)(recalculating grid)(recalculating grid)......
processing event 879 with 35 hits(recalculating grid)......
processing event 880 with 28 hits......
processing event 881 with 29 hits......
processing event 882 with 25 hits(recalculating grid)(recalculating grid)......
processing event 883 with 8 hits(recalculating grid)(recalculating grid)(recalculating grid)(recalculating grid)......
processing event 884 with 35 hits(recalculating grid)(recalculating grid)......
processing event 885 with 11 hits(recalculating grid)(recalculating grid)(recalculating grid)(recalculating grid)......
no points to load at event 886!
processing event 887 with 17 hits(recalculating grid)......
processing event 888 with 26 hits......
processing event 889 with 19 hits(recalculating grid)......
no points to load at event 890!
processing event 891 with 18 hits......
processing event 892 with 25 hits(recalculating grid)......
processing event 893 with 40 hits......
processing event 894 with 16 hits......
no points to load at event 895!
processing event 896 with 33 hits......
no points to load at event 897!
processing event 898 with 30 hits......
processing event 899 with 24 hits......
processing event 900 with 37 hits......
processing event 901 with 28 hits(recalculating grid)......
processing event 902 with 31 hits......
processing event 903 with 18 hits(recalculating grid)......
processing event 904 with 32 hits(recalculating grid)(recalculating grid)(recalculating grid)(recalculating grid)......
no points to load at event 905!
processing event 906 with 23 hits(recalculating grid)......
processing event 907 with 30 hits......
processing event 908 with 33 hits(recalculating grid)......
processing event 909 with 20 hits(recalculating grid)......
processing event 910 with 24 hits(recalculating grid)(recalculating grid)......
processing event 911 with 22 hits......
processing event 912 with 23 hits(recalculating grid)......
processing event 913 with 25 hits(recalculating grid)(recalculating grid)......
processing event 914 with 27 hits(recalculating grid)......
no points to load at event 915!
no points to load at event 916!
processing event 917 with 39 hits......
processing event 918 with 31 hits......
processing event 919 with 19 hits(recalculating grid)......
processing event 920 with 37 hits......
processing event 921 with 17 hits(recalculating grid)(recalculating grid)......
processing event 922 with 29 hits......
processing event 923 with 35 hits......
processing event 924 with 25 hits(recalculating grid)......
processing event 925 with 12 hits(recalculating grid)......
no points to load at event 926!
processing event 927 with 35 hits......
processing event 928 with 25 hits(recalculating grid)......
processing event 929 with 14 hits(recalculating grid)......
no points to load at event 930!
processing event 931 with 30 hits......
processing event 932 with 13 hits......
processing event 933 with 36 hits(recalculating grid)......
no points to load at event 934!
processing event 935 with 9 hits......
no points to load at event 936!
processing event 937 with 31 hits(recalculating grid)(recalculating grid)......
processing event 938 with 24 hits......
processing event 939 with 48 hits(recalculating grid)......
no points to load at event 940!
processing event 941 with 24 hits......
processing event 942 with 44 hits......
no points to load at event 943!
processing event 944 with 18 hits(recalculating grid)......
processing event 945 with 25 hits(recalculating grid)......
processing event 946 with 22 hits......
no points to load at event 947!
processing event 948 with 16 hits......
processing event 949 with 21 hits(recalculating grid)......
processing event 950 with 26 hits(recalculating grid)......
processing event 951 with 21 hits(recalculating grid)(recalculating grid)......
no points to load at event 952!
processing event 953 with 28 hits(recalculating grid)......
processing event 954 with 30 hits......
processing event 955 with 33 hits(recalculating grid)......
processing event 956 with 13 hits(recalculating grid)(recalculating grid)(recalculating grid)(recalculating grid)(recalculating grid)......
processing event 957 with 31 hits......
processing event 958 with 18 hits(recalculating grid)......
processing event 959 with 37 hits(recalculating grid)(recalculating grid)......
processing event 960 with 15 hits(recalculating grid)......
no points to load at event 961!
no points to load at event 962!
processing event 963 with 20 hits(recalculating grid)......
processing event 964 with 15 hits(recalculating grid)(recalculating grid)......
no points to load at event 965!
processing event 966 with 52 hits(recalculating grid)......
processing event 967 with 27 hits(recalculating grid)(recalculating grid)......
no points to load at event 968!
processing event 969 with 39 hits......
processing event 970 with 15 hits......
no points to load at event 971!
no points to load at event 972!
processing event 973 with 32 hits......
processing event 974 with 37 hits......
processing event 975 with 12 hits(recalculating grid)(recalculating grid)......
processing event 976 with 5 hits(recalculating grid)(recalculating grid)(recalculating grid)(recalculating grid)(recalculating grid)......
processing event 977 with 35 hits(recalculating grid)......
processing event 978 with 13 hits(recalculating grid)......
processing event 979 with 42 hits(recalculating grid)......
processing event 980 with 16 hits(recalculating grid)(recalculating grid)......
processing event 981 with 26 hits(recalculating grid)......
processing event 982 with 38 hits(recalculating grid)......
processing event 983 with 20 hits......
processing event 984 with 30 hits(recalculating grid)(recalculating grid)......
processing event 985 with 21 hits(recalculating grid)......
no points to load at event 986!
processing event 987 with 20 hits(recalculating grid)......
processing event 988 with 36 hits......
no points to load at event 989!
no points to load at event 990!
no points to load at event 991!
processing event 992 with 18 hits(recalculating grid)......
processing event 993 with 20 hits(recalculating grid)......
processing event 994 with 47 hits......
processing event 995 with 29 hits(recalculating grid)......
processing event 996 with 25 hits(recalculating grid)......
processing event 997 with 16 hits(recalculating grid)......
processing event 998 with 25 hits(recalculating grid)(recalculating grid)......
no points to load at event 999!
no points to load at event 1000!
